#
# There is insufficient memory for the Java Runtime Environment to continue.
# Native memory allocation (malloc) failed to allocate 2034096 bytes for Chunk::new
# Possible reasons:
#   The system is out of physical RAM or swap space
#   The process is running with CompressedOops enabled, and the Java Heap may be blocking the growth of the native heap
# Possible solutions:
#   Reduce memory load on the system
#   Increase physical memory or swap space
#   Check if swap backing store is full
#   Decrease Java heap size (-Xmx/-Xms)
#   Decrease number of Java threads
#   Decrease Java thread stack sizes (-Xss)
#   Set larger code cache with -XX:ReservedCodeCacheSize=
#   JVM is running with Unscaled Compressed Oops mode in which the Java heap is
#     placed in the first 4GB address space. The Java Heap base address is the
#     maximum limit for the native heap growth. Please use -XX:HeapBaseMinAddress
#     to set the Java Heap base and to place the Java Heap above 4GB virtual address.
# This output file may be truncated or incomplete.
#
#  Out of Memory Error (arena.cpp:197), pid=6272, tid=3080
#
# JRE version: OpenJDK Runtime Environment Temurin-11.0.27+6 (11.0.27+6) (build 11.0.27+6)
# Java VM: OpenJDK 64-Bit Server VM Temurin-11.0.27+6 (11.0.27+6, mixed mode, tiered, compressed oops, g1 gc, windows-amd64)
# No core dump will be written. Minidumps are not enabled by default on client versions of Windows
#

---------------  S U M M A R Y ------------

Command Line: --add-opens=java.base/java.util=ALL-UNNAMED --add-opens=java.base/java.lang=ALL-UNNAMED --add-opens=java.base/java.lang.invoke=ALL-UNNAMED --add-opens=java.prefs/java.util.prefs=ALL-UNNAMED --add-opens=java.base/java.nio.charset=ALL-UNNAMED --add-opens=java.base/java.net=ALL-UNNAMED --add-opens=java.base/java.util.concurrent.atomic=ALL-UNNAMED -XX:MaxMetaspaceSize=256m -XX:+HeapDumpOnOutOfMemoryError -Xms256m -Xmx512m -Dfile.encoding=UTF-8 -Duser.country=RU -Duser.language=ru -Duser.variant org.gradle.launcher.daemon.bootstrap.GradleDaemon 7.6

Host: Intel(R) Core(TM) i3-1005G1 CPU @ 1.20GHz, 4 cores, 7G,  Windows 10 , 64 bit Build 19041 (10.0.19041.5915)
Time: Thu Dec 25 20:54:10 2025 RTZ 2 (s 10 , 64 bit Build 19041 (10.0.19041.5915) elapsed time: 4.257978 seconds (0d 0h 0m 4s)

---------------  T H R E A D  ---------------

Current thread (0x0000020c4f877000):  JavaThread "C2 CompilerThread0" daemon [_thread_in_native, id=3080, stack(0x000000e862400000,0x000000e862500000)]


Current CompileTask:
C2:   4258 2687       4       jdk.internal.loader.URLClassPath::getResource (74 bytes)

Stack: [0x000000e862400000,0x000000e862500000]
Native frames: (J=compiled Java code, j=interpreted, Vv=VM code, C=native code)
V  [jvm.dll+0x6448da]
V  [jvm.dll+0x7d7119]
V  [jvm.dll+0x7d87f9]
V  [jvm.dll+0x7d8ef3]
V  [jvm.dll+0x269105]
V  [jvm.dll+0xc275c]
V  [jvm.dll+0xc2d6c]
V  [jvm.dll+0x378661]
V  [jvm.dll+0x1b3114]
V  [jvm.dll+0x2213fd]
V  [jvm.dll+0x2202d3]
V  [jvm.dll+0x19e021]
V  [jvm.dll+0x2302b4]
V  [jvm.dll+0x22e6ac]
V  [jvm.dll+0x798371]
V  [jvm.dll+0x790ed4]
V  [jvm.dll+0x6436a5]
C  [ucrtbase.dll+0x21bb2]
C  [KERNEL32.DLL+0x17374]
C  [ntdll.dll+0x4cc91]


---------------  P R O C E S S  ---------------

Threads class SMR info:
_java_thread_list=0x0000020c533e65c0, length=34, elements={
0x0000020c32122800, 0x0000020c4f011800, 0x0000020c4f01b000, 0x0000020c4f873800,
0x0000020c4f874000, 0x0000020c4f876000, 0x0000020c4f877000, 0x0000020c4f87e000,
0x0000020c4f88e800, 0x0000020c4f9f7800, 0x0000020c4f9f8800, 0x0000020c4f9f7000,
0x0000020c4f9fa000, 0x0000020c4f9fb000, 0x0000020c4f9fc800, 0x0000020c4f9fb800,
0x0000020c4f9fd800, 0x0000020c4f9f9000, 0x0000020c52459800, 0x0000020c52458000,
0x0000020c524bc800, 0x0000020c5245a800, 0x0000020c5245c000, 0x0000020c5245b000,
0x0000020c52456000, 0x0000020c52458800, 0x0000020c5245c800, 0x0000020c52457000,
0x0000020c52462800, 0x0000020c5245f000, 0x0000020c52463800, 0x0000020c5245e800,
0x0000020c52460000, 0x0000020c52461800
}

Java Threads: ( => current thread )
  0x0000020c32122800 JavaThread "main" [_thread_blocked, id=10244, stack(0x000000e861800000,0x000000e861900000)]
  0x0000020c4f011800 JavaThread "Reference Handler" daemon [_thread_blocked, id=9244, stack(0x000000e861f00000,0x000000e862000000)]
  0x0000020c4f01b000 JavaThread "Finalizer" daemon [_thread_blocked, id=7668, stack(0x000000e862000000,0x000000e862100000)]
  0x0000020c4f873800 JavaThread "Signal Dispatcher" daemon [_thread_blocked, id=9100, stack(0x000000e862100000,0x000000e862200000)]
  0x0000020c4f874000 JavaThread "Attach Listener" daemon [_thread_blocked, id=10556, stack(0x000000e862200000,0x000000e862300000)]
  0x0000020c4f876000 JavaThread "Service Thread" daemon [_thread_blocked, id=14884, stack(0x000000e862300000,0x000000e862400000)]
=>0x0000020c4f877000 JavaThread "C2 CompilerThread0" daemon [_thread_in_native, id=3080, stack(0x000000e862400000,0x000000e862500000)]
  0x0000020c4f87e000 JavaThread "C1 CompilerThread0" daemon [_thread_in_native, id=10076, stack(0x000000e862500000,0x000000e862600000)]
  0x0000020c4f88e800 JavaThread "Sweeper thread" daemon [_thread_blocked, id=6344, stack(0x000000e862600000,0x000000e862700000)]
  0x0000020c4f9f7800 JavaThread "Common-Cleaner" daemon [_thread_blocked, id=7944, stack(0x000000e862700000,0x000000e862800000)]
  0x0000020c4f9f8800 JavaThread "Daemon health stats" [_thread_blocked, id=2240, stack(0x000000e862d00000,0x000000e862e00000)]
  0x0000020c4f9f7000 JavaThread "Incoming local TCP Connector on port 53824" [_thread_in_native, id=6900, stack(0x000000e862900000,0x000000e862a00000)]
  0x0000020c4f9fa000 JavaThread "Daemon periodic checks" [_thread_blocked, id=8484, stack(0x000000e862e00000,0x000000e862f00000)]
  0x0000020c4f9fb000 JavaThread "Daemon" [_thread_blocked, id=10392, stack(0x000000e862f00000,0x000000e863000000)]
  0x0000020c4f9fc800 JavaThread "Handler for socket connection from /127.0.0.1:53824 to /127.0.0.1:53825" [_thread_in_native, id=14036, stack(0x000000e863000000,0x000000e863100000)]
  0x0000020c4f9fb800 JavaThread "Cancel handler" [_thread_blocked, id=13912, stack(0x000000e863100000,0x000000e863200000)]
  0x0000020c4f9fd800 JavaThread "Daemon worker" [_thread_in_vm, id=14520, stack(0x000000e863200000,0x000000e863300000)]
  0x0000020c4f9f9000 JavaThread "Asynchronous log dispatcher for DefaultDaemonConnection: socket connection from /127.0.0.1:53824 to /127.0.0.1:53825" [_thread_blocked, id=14532, stack(0x000000e863300000,0x000000e863400000)]
  0x0000020c52459800 JavaThread "Stdin handler" [_thread_blocked, id=13260, stack(0x000000e863400000,0x000000e863500000)]
  0x0000020c52458000 JavaThread "Daemon client event forwarder" [_thread_blocked, id=3568, stack(0x000000e863500000,0x000000e863600000)]
  0x0000020c524bc800 JavaThread "C2 CompilerThread1" daemon [_thread_in_native, id=10384, stack(0x000000e863600000,0x000000e863700000)]
  0x0000020c5245a800 JavaThread "Cache worker for journal cache (C:\Users\user\.gradle\caches\journal-1)" [_thread_blocked, id=5724, stack(0x000000e863700000,0x000000e863800000)]
  0x0000020c5245c000 JavaThread "File lock request listener" [_thread_in_native, id=692, stack(0x000000e863800000,0x000000e863900000)]
  0x0000020c5245b000 JavaThread "Cache worker for file hash cache (C:\Users\user\.gradle\caches\7.6\fileHashes)" [_thread_blocked, id=14524, stack(0x000000e863900000,0x000000e863a00000)]
  0x0000020c52456000 JavaThread "File watcher server" daemon [_thread_in_native, id=1536, stack(0x000000e863a00000,0x000000e863b00000)]
  0x0000020c52458800 JavaThread "File watcher consumer" daemon [_thread_blocked, id=7096, stack(0x000000e863b00000,0x000000e863c00000)]
  0x0000020c5245c800 JavaThread "Cache worker for checksums cache (C:\Users\user\IdeaProjects\AppCardDelivery\.gradle\7.6\checksums)" [_thread_blocked, id=14076, stack(0x000000e863c00000,0x000000e863d00000)]
  0x0000020c52457000 JavaThread "Cache worker for cache directory md-rule (C:\Users\user\.gradle\caches\7.6\md-rule)" [_thread_blocked, id=9628, stack(0x000000e863d00000,0x000000e863e00000)]
  0x0000020c52462800 JavaThread "Cache worker for file content cache (C:\Users\user\.gradle\caches\7.6\fileContent)" [_thread_blocked, id=10668, stack(0x000000e863e00000,0x000000e863f00000)]
  0x0000020c5245f000 JavaThread "Cache worker for file hash cache (C:\Users\user\IdeaProjects\AppCardDelivery\.gradle\7.6\fileHashes)" [_thread_blocked, id=7160, stack(0x000000e863f00000,0x000000e864000000)]
  0x0000020c52463800 JavaThread "Cache worker for cache directory md-supplier (C:\Users\user\.gradle\caches\7.6\md-supplier)" [_thread_blocked, id=10508, stack(0x000000e864000000,0x000000e864100000)]
  0x0000020c5245e800 JavaThread "Cache worker for execution history cache (C:\Users\user\.gradle\caches\7.6\executionHistory)" [_thread_blocked, id=3964, stack(0x000000e864100000,0x000000e864200000)]
  0x0000020c52460000 JavaThread "jar transforms" [_thread_blocked, id=3920, stack(0x000000e864200000,0x000000e864300000)]
  0x0000020c52461800 JavaThread "jar transforms Thread 2" [_thread_blocked, id=5600, stack(0x000000e864300000,0x000000e864400000)]

Other Threads:
  0x0000020c4f00f800 VMThread "VM Thread" [stack: 0x000000e861e00000,0x000000e861f00000] [id=14744]
  0x0000020c4fa0b000 WatcherThread [stack: 0x000000e862800000,0x000000e862900000] [id=11656]
  0x0000020c3213c000 GCTaskThread "GC Thread#0" [stack: 0x000000e861900000,0x000000e861a00000] [id=6288]
  0x0000020c5014c000 GCTaskThread "GC Thread#1" [stack: 0x000000e862a00000,0x000000e862b00000] [id=3812]
  0x0000020c4ff54000 GCTaskThread "GC Thread#2" [stack: 0x000000e862b00000,0x000000e862c00000] [id=7820]
  0x0000020c500d1800 GCTaskThread "GC Thread#3" [stack: 0x000000e862c00000,0x000000e862d00000] [id=1508]
  0x0000020c3214e800 ConcurrentGCThread "G1 Main Marker" [stack: 0x000000e861a00000,0x000000e861b00000] [id=2756]
  0x0000020c3214f800 ConcurrentGCThread "G1 Conc#0" [stack: 0x000000e861b00000,0x000000e861c00000] [id=9916]
  0x0000020c4ee82800 ConcurrentGCThread "G1 Refine#0" [stack: 0x000000e861c00000,0x000000e861d00000] [id=9960]
  0x0000020c4ee85800 ConcurrentGCThread "G1 Young RemSet Sampling" [stack: 0x000000e861d00000,0x000000e861e00000] [id=4476]

Threads with active compile tasks:
C2 CompilerThread0     4289 2687       4       jdk.internal.loader.URLClassPath::getResource (74 bytes)
C2 CompilerThread1     4289 2902       4       java.util.AbstractCollection::addAll (42 bytes)

VM state:not at safepoint (normal execution)

VM Mutex/Monitor currently owned by a thread: None

Heap address: 0x00000000e0000000, size: 512 MB, Compressed Oops mode: 32-bit
Narrow klass base: 0x0000000000000000, Narrow klass shift: 3
Compressed class space size: 260046848 Address: 0x0000000100000000

Heap:
 garbage-first heap   total 262144K, used 30871K [0x00000000e0000000, 0x0000000100000000)
  region size 1024K, 17 young (17408K), 8 survivors (8192K)
 Metaspace       used 37714K, capacity 38627K, committed 38832K, reserved 288768K
  class space    used 4897K, capacity 5282K, committed 5376K, reserved 253952K
Heap Regions: E=young(eden), S=young(survivor), O=old, HS=humongous(starts), HC=humongous(continues), CS=collection set, F=free, A=archive, TAMS=top-at-mark-start (previous, next)
|   0|0x00000000e0000000, 0x00000000e0100000, 0x00000000e0100000|100%|HS|  |TAMS 0x00000000e0100000, 0x00000000e0000000| Complete 
|   1|0x00000000e0100000, 0x00000000e0200000, 0x00000000e0200000|100%|HC|  |TAMS 0x00000000e0200000, 0x00000000e0100000| Complete 
|   2|0x00000000e0200000, 0x00000000e0300000, 0x00000000e0300000|100%|HC|  |TAMS 0x00000000e0300000, 0x00000000e0200000| Complete 
|   3|0x00000000e0300000, 0x00000000e0400000, 0x00000000e0400000|100%| O|  |TAMS 0x00000000e0400000, 0x00000000e0300000| Untracked 
|   4|0x00000000e0400000, 0x00000000e0500000, 0x00000000e0500000|100%| O|  |TAMS 0x00000000e0500000, 0x00000000e0400000| Untracked 
|   5|0x00000000e0500000, 0x00000000e0600000, 0x00000000e0600000|100%| O|  |TAMS 0x00000000e0600000, 0x00000000e0500000| Untracked 
|   6|0x00000000e0600000, 0x00000000e0700000, 0x00000000e0700000|100%| O|  |TAMS 0x00000000e0700000, 0x00000000e0600000| Untracked 
|   7|0x00000000e0700000, 0x00000000e0800000, 0x00000000e0800000|100%| O|  |TAMS 0x00000000e0800000, 0x00000000e0700000| Untracked 
|   8|0x00000000e0800000, 0x00000000e0900000, 0x00000000e0900000|100%| O|  |TAMS 0x00000000e0900000, 0x00000000e0800000| Untracked 
|   9|0x00000000e0900000, 0x00000000e0a00000, 0x00000000e0a00000|100%| O|  |TAMS 0x00000000e0a00000, 0x00000000e0900000| Untracked 
|  10|0x00000000e0a00000, 0x00000000e0b00000, 0x00000000e0b00000|100%| O|  |TAMS 0x00000000e0b00000, 0x00000000e0a00000| Untracked 
|  11|0x00000000e0b00000, 0x00000000e0c00000, 0x00000000e0c00000|100%| O|  |TAMS 0x00000000e0c00000, 0x00000000e0b00000| Untracked 
|  12|0x00000000e0c00000, 0x00000000e0d00000, 0x00000000e0d00000|100%| O|  |TAMS 0x00000000e0d00000, 0x00000000e0c00000| Untracked 
|  13|0x00000000e0d00000, 0x00000000e0e00000, 0x00000000e0e00000|100%| O|  |TAMS 0x00000000e0e00000, 0x00000000e0d00000| Untracked 
|  14|0x00000000e0e00000, 0x00000000e0e25e00, 0x00000000e0f00000| 14%| O|  |TAMS 0x00000000e0e25e00, 0x00000000e0e00000| Untracked 
|  15|0x00000000e0f00000, 0x00000000e0f00000, 0x00000000e1000000|  0%| F|  |TAMS 0x00000000e0f00000, 0x00000000e0f00000| Untracked 
|  16|0x00000000e1000000, 0x00000000e1000000, 0x00000000e1100000|  0%| F|  |TAMS 0x00000000e1000000, 0x00000000e1000000| Untracked 
|  17|0x00000000e1100000, 0x00000000e1100000, 0x00000000e1200000|  0%| F|  |TAMS 0x00000000e1100000, 0x00000000e1100000| Untracked 
|  18|0x00000000e1200000, 0x00000000e1200000, 0x00000000e1300000|  0%| F|  |TAMS 0x00000000e1200000, 0x00000000e1200000| Untracked 
|  19|0x00000000e1300000, 0x00000000e1300000, 0x00000000e1400000|  0%| F|  |TAMS 0x00000000e1300000, 0x00000000e1300000| Untracked 
|  20|0x00000000e1400000, 0x00000000e1400000, 0x00000000e1500000|  0%| F|  |TAMS 0x00000000e1400000, 0x00000000e1400000| Untracked 
|  21|0x00000000e1500000, 0x00000000e1500000, 0x00000000e1600000|  0%| F|  |TAMS 0x00000000e1500000, 0x00000000e1500000| Untracked 
|  22|0x00000000e1600000, 0x00000000e1600000, 0x00000000e1700000|  0%| F|  |TAMS 0x00000000e1600000, 0x00000000e1600000| Untracked 
|  23|0x00000000e1700000, 0x00000000e1700000, 0x00000000e1800000|  0%| F|  |TAMS 0x00000000e1700000, 0x00000000e1700000| Untracked 
|  24|0x00000000e1800000, 0x00000000e1800000, 0x00000000e1900000|  0%| F|  |TAMS 0x00000000e1800000, 0x00000000e1800000| Untracked 
|  25|0x00000000e1900000, 0x00000000e1900000, 0x00000000e1a00000|  0%| F|  |TAMS 0x00000000e1900000, 0x00000000e1900000| Untracked 
|  26|0x00000000e1a00000, 0x00000000e1a00000, 0x00000000e1b00000|  0%| F|  |TAMS 0x00000000e1a00000, 0x00000000e1a00000| Untracked 
|  27|0x00000000e1b00000, 0x00000000e1b00000, 0x00000000e1c00000|  0%| F|  |TAMS 0x00000000e1b00000, 0x00000000e1b00000| Untracked 
|  28|0x00000000e1c00000, 0x00000000e1c00000, 0x00000000e1d00000|  0%| F|  |TAMS 0x00000000e1c00000, 0x00000000e1c00000| Untracked 
|  29|0x00000000e1d00000, 0x00000000e1d00000, 0x00000000e1e00000|  0%| F|  |TAMS 0x00000000e1d00000, 0x00000000e1d00000| Untracked 
|  30|0x00000000e1e00000, 0x00000000e1e00000, 0x00000000e1f00000|  0%| F|  |TAMS 0x00000000e1e00000, 0x00000000e1e00000| Untracked 
|  31|0x00000000e1f00000, 0x00000000e1f00000, 0x00000000e2000000|  0%| F|  |TAMS 0x00000000e1f00000, 0x00000000e1f00000| Untracked 
|  32|0x00000000e2000000, 0x00000000e2000000, 0x00000000e2100000|  0%| F|  |TAMS 0x00000000e2000000, 0x00000000e2000000| Untracked 
|  33|0x00000000e2100000, 0x00000000e2100000, 0x00000000e2200000|  0%| F|  |TAMS 0x00000000e2100000, 0x00000000e2100000| Untracked 
|  34|0x00000000e2200000, 0x00000000e2200000, 0x00000000e2300000|  0%| F|  |TAMS 0x00000000e2200000, 0x00000000e2200000| Untracked 
|  35|0x00000000e2300000, 0x00000000e2300000, 0x00000000e2400000|  0%| F|  |TAMS 0x00000000e2300000, 0x00000000e2300000| Untracked 
|  36|0x00000000e2400000, 0x00000000e2400000, 0x00000000e2500000|  0%| F|  |TAMS 0x00000000e2400000, 0x00000000e2400000| Untracked 
|  37|0x00000000e2500000, 0x00000000e2500000, 0x00000000e2600000|  0%| F|  |TAMS 0x00000000e2500000, 0x00000000e2500000| Untracked 
|  38|0x00000000e2600000, 0x00000000e2600000, 0x00000000e2700000|  0%| F|  |TAMS 0x00000000e2600000, 0x00000000e2600000| Untracked 
|  39|0x00000000e2700000, 0x00000000e2700000, 0x00000000e2800000|  0%| F|  |TAMS 0x00000000e2700000, 0x00000000e2700000| Untracked 
|  40|0x00000000e2800000, 0x00000000e2800000, 0x00000000e2900000|  0%| F|  |TAMS 0x00000000e2800000, 0x00000000e2800000| Untracked 
|  41|0x00000000e2900000, 0x00000000e2900000, 0x00000000e2a00000|  0%| F|  |TAMS 0x00000000e2900000, 0x00000000e2900000| Untracked 
|  42|0x00000000e2a00000, 0x00000000e2a00000, 0x00000000e2b00000|  0%| F|  |TAMS 0x00000000e2a00000, 0x00000000e2a00000| Untracked 
|  43|0x00000000e2b00000, 0x00000000e2b00000, 0x00000000e2c00000|  0%| F|  |TAMS 0x00000000e2b00000, 0x00000000e2b00000| Untracked 
|  44|0x00000000e2c00000, 0x00000000e2c00000, 0x00000000e2d00000|  0%| F|  |TAMS 0x00000000e2c00000, 0x00000000e2c00000| Untracked 
|  45|0x00000000e2d00000, 0x00000000e2d00000, 0x00000000e2e00000|  0%| F|  |TAMS 0x00000000e2d00000, 0x00000000e2d00000| Untracked 
|  46|0x00000000e2e00000, 0x00000000e2e00000, 0x00000000e2f00000|  0%| F|  |TAMS 0x00000000e2e00000, 0x00000000e2e00000| Untracked 
|  47|0x00000000e2f00000, 0x00000000e2f00000, 0x00000000e3000000|  0%| F|  |TAMS 0x00000000e2f00000, 0x00000000e2f00000| Untracked 
|  48|0x00000000e3000000, 0x00000000e3000000, 0x00000000e3100000|  0%| F|  |TAMS 0x00000000e3000000, 0x00000000e3000000| Untracked 
|  49|0x00000000e3100000, 0x00000000e3100000, 0x00000000e3200000|  0%| F|  |TAMS 0x00000000e3100000, 0x00000000e3100000| Untracked 
|  50|0x00000000e3200000, 0x00000000e3200000, 0x00000000e3300000|  0%| F|  |TAMS 0x00000000e3200000, 0x00000000e3200000| Untracked 
|  51|0x00000000e3300000, 0x00000000e3300000, 0x00000000e3400000|  0%| F|  |TAMS 0x00000000e3300000, 0x00000000e3300000| Untracked 
|  52|0x00000000e3400000, 0x00000000e3400000, 0x00000000e3500000|  0%| F|  |TAMS 0x00000000e3400000, 0x00000000e3400000| Untracked 
|  53|0x00000000e3500000, 0x00000000e3500000, 0x00000000e3600000|  0%| F|  |TAMS 0x00000000e3500000, 0x00000000e3500000| Untracked 
|  54|0x00000000e3600000, 0x00000000e3600000, 0x00000000e3700000|  0%| F|  |TAMS 0x00000000e3600000, 0x00000000e3600000| Untracked 
|  55|0x00000000e3700000, 0x00000000e3700000, 0x00000000e3800000|  0%| F|  |TAMS 0x00000000e3700000, 0x00000000e3700000| Untracked 
|  56|0x00000000e3800000, 0x00000000e3800000, 0x00000000e3900000|  0%| F|  |TAMS 0x00000000e3800000, 0x00000000e3800000| Untracked 
|  57|0x00000000e3900000, 0x00000000e3900000, 0x00000000e3a00000|  0%| F|  |TAMS 0x00000000e3900000, 0x00000000e3900000| Untracked 
|  58|0x00000000e3a00000, 0x00000000e3a00000, 0x00000000e3b00000|  0%| F|  |TAMS 0x00000000e3a00000, 0x00000000e3a00000| Untracked 
|  59|0x00000000e3b00000, 0x00000000e3b00000, 0x00000000e3c00000|  0%| F|  |TAMS 0x00000000e3b00000, 0x00000000e3b00000| Untracked 
|  60|0x00000000e3c00000, 0x00000000e3c00000, 0x00000000e3d00000|  0%| F|  |TAMS 0x00000000e3c00000, 0x00000000e3c00000| Untracked 
|  61|0x00000000e3d00000, 0x00000000e3d00000, 0x00000000e3e00000|  0%| F|  |TAMS 0x00000000e3d00000, 0x00000000e3d00000| Untracked 
|  62|0x00000000e3e00000, 0x00000000e3e00000, 0x00000000e3f00000|  0%| F|  |TAMS 0x00000000e3e00000, 0x00000000e3e00000| Untracked 
|  63|0x00000000e3f00000, 0x00000000e3f00000, 0x00000000e4000000|  0%| F|  |TAMS 0x00000000e3f00000, 0x00000000e3f00000| Untracked 
|  64|0x00000000e4000000, 0x00000000e4000000, 0x00000000e4100000|  0%| F|  |TAMS 0x00000000e4000000, 0x00000000e4000000| Untracked 
|  65|0x00000000e4100000, 0x00000000e4100000, 0x00000000e4200000|  0%| F|  |TAMS 0x00000000e4100000, 0x00000000e4100000| Untracked 
|  66|0x00000000e4200000, 0x00000000e4200000, 0x00000000e4300000|  0%| F|  |TAMS 0x00000000e4200000, 0x00000000e4200000| Untracked 
|  67|0x00000000e4300000, 0x00000000e4300000, 0x00000000e4400000|  0%| F|  |TAMS 0x00000000e4300000, 0x00000000e4300000| Untracked 
|  68|0x00000000e4400000, 0x00000000e4400000, 0x00000000e4500000|  0%| F|  |TAMS 0x00000000e4400000, 0x00000000e4400000| Untracked 
|  69|0x00000000e4500000, 0x00000000e4500000, 0x00000000e4600000|  0%| F|  |TAMS 0x00000000e4500000, 0x00000000e4500000| Untracked 
|  70|0x00000000e4600000, 0x00000000e4600000, 0x00000000e4700000|  0%| F|  |TAMS 0x00000000e4600000, 0x00000000e4600000| Untracked 
|  71|0x00000000e4700000, 0x00000000e4700000, 0x00000000e4800000|  0%| F|  |TAMS 0x00000000e4700000, 0x00000000e4700000| Untracked 
|  72|0x00000000e4800000, 0x00000000e4800000, 0x00000000e4900000|  0%| F|  |TAMS 0x00000000e4800000, 0x00000000e4800000| Untracked 
|  73|0x00000000e4900000, 0x00000000e4900000, 0x00000000e4a00000|  0%| F|  |TAMS 0x00000000e4900000, 0x00000000e4900000| Untracked 
|  74|0x00000000e4a00000, 0x00000000e4a00000, 0x00000000e4b00000|  0%| F|  |TAMS 0x00000000e4a00000, 0x00000000e4a00000| Untracked 
|  75|0x00000000e4b00000, 0x00000000e4b00000, 0x00000000e4c00000|  0%| F|  |TAMS 0x00000000e4b00000, 0x00000000e4b00000| Untracked 
|  76|0x00000000e4c00000, 0x00000000e4c00000, 0x00000000e4d00000|  0%| F|  |TAMS 0x00000000e4c00000, 0x00000000e4c00000| Untracked 
|  77|0x00000000e4d00000, 0x00000000e4d00000, 0x00000000e4e00000|  0%| F|  |TAMS 0x00000000e4d00000, 0x00000000e4d00000| Untracked 
|  78|0x00000000e4e00000, 0x00000000e4e00000, 0x00000000e4f00000|  0%| F|  |TAMS 0x00000000e4e00000, 0x00000000e4e00000| Untracked 
|  79|0x00000000e4f00000, 0x00000000e4f00000, 0x00000000e5000000|  0%| F|  |TAMS 0x00000000e4f00000, 0x00000000e4f00000| Untracked 
|  80|0x00000000e5000000, 0x00000000e5000000, 0x00000000e5100000|  0%| F|  |TAMS 0x00000000e5000000, 0x00000000e5000000| Untracked 
|  81|0x00000000e5100000, 0x00000000e5100000, 0x00000000e5200000|  0%| F|  |TAMS 0x00000000e5100000, 0x00000000e5100000| Untracked 
|  82|0x00000000e5200000, 0x00000000e5200000, 0x00000000e5300000|  0%| F|  |TAMS 0x00000000e5200000, 0x00000000e5200000| Untracked 
|  83|0x00000000e5300000, 0x00000000e5300000, 0x00000000e5400000|  0%| F|  |TAMS 0x00000000e5300000, 0x00000000e5300000| Untracked 
|  84|0x00000000e5400000, 0x00000000e5400000, 0x00000000e5500000|  0%| F|  |TAMS 0x00000000e5400000, 0x00000000e5400000| Untracked 
|  85|0x00000000e5500000, 0x00000000e5500000, 0x00000000e5600000|  0%| F|  |TAMS 0x00000000e5500000, 0x00000000e5500000| Untracked 
|  86|0x00000000e5600000, 0x00000000e5600000, 0x00000000e5700000|  0%| F|  |TAMS 0x00000000e5600000, 0x00000000e5600000| Untracked 
|  87|0x00000000e5700000, 0x00000000e5700000, 0x00000000e5800000|  0%| F|  |TAMS 0x00000000e5700000, 0x00000000e5700000| Untracked 
|  88|0x00000000e5800000, 0x00000000e5800000, 0x00000000e5900000|  0%| F|  |TAMS 0x00000000e5800000, 0x00000000e5800000| Untracked 
|  89|0x00000000e5900000, 0x00000000e5900000, 0x00000000e5a00000|  0%| F|  |TAMS 0x00000000e5900000, 0x00000000e5900000| Untracked 
|  90|0x00000000e5a00000, 0x00000000e5a00000, 0x00000000e5b00000|  0%| F|  |TAMS 0x00000000e5a00000, 0x00000000e5a00000| Untracked 
|  91|0x00000000e5b00000, 0x00000000e5b00000, 0x00000000e5c00000|  0%| F|  |TAMS 0x00000000e5b00000, 0x00000000e5b00000| Untracked 
|  92|0x00000000e5c00000, 0x00000000e5c00000, 0x00000000e5d00000|  0%| F|  |TAMS 0x00000000e5c00000, 0x00000000e5c00000| Untracked 
|  93|0x00000000e5d00000, 0x00000000e5d00000, 0x00000000e5e00000|  0%| F|  |TAMS 0x00000000e5d00000, 0x00000000e5d00000| Untracked 
|  94|0x00000000e5e00000, 0x00000000e5e00000, 0x00000000e5f00000|  0%| F|  |TAMS 0x00000000e5e00000, 0x00000000e5e00000| Untracked 
|  95|0x00000000e5f00000, 0x00000000e5f00000, 0x00000000e6000000|  0%| F|  |TAMS 0x00000000e5f00000, 0x00000000e5f00000| Untracked 
|  96|0x00000000e6000000, 0x00000000e6000000, 0x00000000e6100000|  0%| F|  |TAMS 0x00000000e6000000, 0x00000000e6000000| Untracked 
|  97|0x00000000e6100000, 0x00000000e6100000, 0x00000000e6200000|  0%| F|  |TAMS 0x00000000e6100000, 0x00000000e6100000| Untracked 
|  98|0x00000000e6200000, 0x00000000e6200000, 0x00000000e6300000|  0%| F|  |TAMS 0x00000000e6200000, 0x00000000e6200000| Untracked 
|  99|0x00000000e6300000, 0x00000000e6300000, 0x00000000e6400000|  0%| F|  |TAMS 0x00000000e6300000, 0x00000000e6300000| Untracked 
| 100|0x00000000e6400000, 0x00000000e6400000, 0x00000000e6500000|  0%| F|  |TAMS 0x00000000e6400000, 0x00000000e6400000| Untracked 
| 101|0x00000000e6500000, 0x00000000e6500000, 0x00000000e6600000|  0%| F|  |TAMS 0x00000000e6500000, 0x00000000e6500000| Untracked 
| 102|0x00000000e6600000, 0x00000000e6600000, 0x00000000e6700000|  0%| F|  |TAMS 0x00000000e6600000, 0x00000000e6600000| Untracked 
| 103|0x00000000e6700000, 0x00000000e6700000, 0x00000000e6800000|  0%| F|  |TAMS 0x00000000e6700000, 0x00000000e6700000| Untracked 
| 104|0x00000000e6800000, 0x00000000e6800000, 0x00000000e6900000|  0%| F|  |TAMS 0x00000000e6800000, 0x00000000e6800000| Untracked 
| 105|0x00000000e6900000, 0x00000000e6900000, 0x00000000e6a00000|  0%| F|  |TAMS 0x00000000e6900000, 0x00000000e6900000| Untracked 
| 106|0x00000000e6a00000, 0x00000000e6a00000, 0x00000000e6b00000|  0%| F|  |TAMS 0x00000000e6a00000, 0x00000000e6a00000| Untracked 
| 107|0x00000000e6b00000, 0x00000000e6b00000, 0x00000000e6c00000|  0%| F|  |TAMS 0x00000000e6b00000, 0x00000000e6b00000| Untracked 
| 108|0x00000000e6c00000, 0x00000000e6c00000, 0x00000000e6d00000|  0%| F|  |TAMS 0x00000000e6c00000, 0x00000000e6c00000| Untracked 
| 109|0x00000000e6d00000, 0x00000000e6d00000, 0x00000000e6e00000|  0%| F|  |TAMS 0x00000000e6d00000, 0x00000000e6d00000| Untracked 
| 110|0x00000000e6e00000, 0x00000000e6e00000, 0x00000000e6f00000|  0%| F|  |TAMS 0x00000000e6e00000, 0x00000000e6e00000| Untracked 
| 111|0x00000000e6f00000, 0x00000000e6f00000, 0x00000000e7000000|  0%| F|  |TAMS 0x00000000e6f00000, 0x00000000e6f00000| Untracked 
| 112|0x00000000e7000000, 0x00000000e7000000, 0x00000000e7100000|  0%| F|  |TAMS 0x00000000e7000000, 0x00000000e7000000| Untracked 
| 113|0x00000000e7100000, 0x00000000e7100000, 0x00000000e7200000|  0%| F|  |TAMS 0x00000000e7100000, 0x00000000e7100000| Untracked 
| 114|0x00000000e7200000, 0x00000000e7200000, 0x00000000e7300000|  0%| F|  |TAMS 0x00000000e7200000, 0x00000000e7200000| Untracked 
| 115|0x00000000e7300000, 0x00000000e7300000, 0x00000000e7400000|  0%| F|  |TAMS 0x00000000e7300000, 0x00000000e7300000| Untracked 
| 116|0x00000000e7400000, 0x00000000e7400000, 0x00000000e7500000|  0%| F|  |TAMS 0x00000000e7400000, 0x00000000e7400000| Untracked 
| 117|0x00000000e7500000, 0x00000000e7500000, 0x00000000e7600000|  0%| F|  |TAMS 0x00000000e7500000, 0x00000000e7500000| Untracked 
| 118|0x00000000e7600000, 0x00000000e7600000, 0x00000000e7700000|  0%| F|  |TAMS 0x00000000e7600000, 0x00000000e7600000| Untracked 
| 119|0x00000000e7700000, 0x00000000e7700000, 0x00000000e7800000|  0%| F|  |TAMS 0x00000000e7700000, 0x00000000e7700000| Untracked 
| 120|0x00000000e7800000, 0x00000000e7800000, 0x00000000e7900000|  0%| F|  |TAMS 0x00000000e7800000, 0x00000000e7800000| Untracked 
| 121|0x00000000e7900000, 0x00000000e7900000, 0x00000000e7a00000|  0%| F|  |TAMS 0x00000000e7900000, 0x00000000e7900000| Untracked 
| 122|0x00000000e7a00000, 0x00000000e7a00000, 0x00000000e7b00000|  0%| F|  |TAMS 0x00000000e7a00000, 0x00000000e7a00000| Untracked 
| 123|0x00000000e7b00000, 0x00000000e7b00000, 0x00000000e7c00000|  0%| F|  |TAMS 0x00000000e7b00000, 0x00000000e7b00000| Untracked 
| 124|0x00000000e7c00000, 0x00000000e7c00000, 0x00000000e7d00000|  0%| F|  |TAMS 0x00000000e7c00000, 0x00000000e7c00000| Untracked 
| 125|0x00000000e7d00000, 0x00000000e7d00000, 0x00000000e7e00000|  0%| F|  |TAMS 0x00000000e7d00000, 0x00000000e7d00000| Untracked 
| 126|0x00000000e7e00000, 0x00000000e7e00000, 0x00000000e7f00000|  0%| F|  |TAMS 0x00000000e7e00000, 0x00000000e7e00000| Untracked 
| 127|0x00000000e7f00000, 0x00000000e7f00000, 0x00000000e8000000|  0%| F|  |TAMS 0x00000000e7f00000, 0x00000000e7f00000| Untracked 
| 128|0x00000000e8000000, 0x00000000e8000000, 0x00000000e8100000|  0%| F|  |TAMS 0x00000000e8000000, 0x00000000e8000000| Untracked 
| 129|0x00000000e8100000, 0x00000000e8100000, 0x00000000e8200000|  0%| F|  |TAMS 0x00000000e8100000, 0x00000000e8100000| Untracked 
| 130|0x00000000e8200000, 0x00000000e8200000, 0x00000000e8300000|  0%| F|  |TAMS 0x00000000e8200000, 0x00000000e8200000| Untracked 
| 131|0x00000000e8300000, 0x00000000e8300000, 0x00000000e8400000|  0%| F|  |TAMS 0x00000000e8300000, 0x00000000e8300000| Untracked 
| 132|0x00000000e8400000, 0x00000000e8400000, 0x00000000e8500000|  0%| F|  |TAMS 0x00000000e8400000, 0x00000000e8400000| Untracked 
| 133|0x00000000e8500000, 0x00000000e8500000, 0x00000000e8600000|  0%| F|  |TAMS 0x00000000e8500000, 0x00000000e8500000| Untracked 
| 134|0x00000000e8600000, 0x00000000e8600000, 0x00000000e8700000|  0%| F|  |TAMS 0x00000000e8600000, 0x00000000e8600000| Untracked 
| 135|0x00000000e8700000, 0x00000000e8700000, 0x00000000e8800000|  0%| F|  |TAMS 0x00000000e8700000, 0x00000000e8700000| Untracked 
| 136|0x00000000e8800000, 0x00000000e8800000, 0x00000000e8900000|  0%| F|  |TAMS 0x00000000e8800000, 0x00000000e8800000| Untracked 
| 137|0x00000000e8900000, 0x00000000e8900000, 0x00000000e8a00000|  0%| F|  |TAMS 0x00000000e8900000, 0x00000000e8900000| Untracked 
| 138|0x00000000e8a00000, 0x00000000e8a00000, 0x00000000e8b00000|  0%| F|  |TAMS 0x00000000e8a00000, 0x00000000e8a00000| Untracked 
| 139|0x00000000e8b00000, 0x00000000e8b00000, 0x00000000e8c00000|  0%| F|  |TAMS 0x00000000e8b00000, 0x00000000e8b00000| Untracked 
| 140|0x00000000e8c00000, 0x00000000e8c00000, 0x00000000e8d00000|  0%| F|  |TAMS 0x00000000e8c00000, 0x00000000e8c00000| Untracked 
| 141|0x00000000e8d00000, 0x00000000e8d00000, 0x00000000e8e00000|  0%| F|  |TAMS 0x00000000e8d00000, 0x00000000e8d00000| Untracked 
| 142|0x00000000e8e00000, 0x00000000e8e00000, 0x00000000e8f00000|  0%| F|  |TAMS 0x00000000e8e00000, 0x00000000e8e00000| Untracked 
| 143|0x00000000e8f00000, 0x00000000e8f00000, 0x00000000e9000000|  0%| F|  |TAMS 0x00000000e8f00000, 0x00000000e8f00000| Untracked 
| 144|0x00000000e9000000, 0x00000000e9000000, 0x00000000e9100000|  0%| F|  |TAMS 0x00000000e9000000, 0x00000000e9000000| Untracked 
| 145|0x00000000e9100000, 0x00000000e9100000, 0x00000000e9200000|  0%| F|  |TAMS 0x00000000e9100000, 0x00000000e9100000| Untracked 
| 146|0x00000000e9200000, 0x00000000e9200000, 0x00000000e9300000|  0%| F|  |TAMS 0x00000000e9200000, 0x00000000e9200000| Untracked 
| 147|0x00000000e9300000, 0x00000000e9300000, 0x00000000e9400000|  0%| F|  |TAMS 0x00000000e9300000, 0x00000000e9300000| Untracked 
| 148|0x00000000e9400000, 0x00000000e9400000, 0x00000000e9500000|  0%| F|  |TAMS 0x00000000e9400000, 0x00000000e9400000| Untracked 
| 149|0x00000000e9500000, 0x00000000e9500000, 0x00000000e9600000|  0%| F|  |TAMS 0x00000000e9500000, 0x00000000e9500000| Untracked 
| 150|0x00000000e9600000, 0x00000000e9600000, 0x00000000e9700000|  0%| F|  |TAMS 0x00000000e9600000, 0x00000000e9600000| Untracked 
| 151|0x00000000e9700000, 0x00000000e9700000, 0x00000000e9800000|  0%| F|  |TAMS 0x00000000e9700000, 0x00000000e9700000| Untracked 
| 152|0x00000000e9800000, 0x00000000e9800000, 0x00000000e9900000|  0%| F|  |TAMS 0x00000000e9800000, 0x00000000e9800000| Untracked 
| 153|0x00000000e9900000, 0x00000000e9900000, 0x00000000e9a00000|  0%| F|  |TAMS 0x00000000e9900000, 0x00000000e9900000| Untracked 
| 154|0x00000000e9a00000, 0x00000000e9a00000, 0x00000000e9b00000|  0%| F|  |TAMS 0x00000000e9a00000, 0x00000000e9a00000| Untracked 
| 155|0x00000000e9b00000, 0x00000000e9b00000, 0x00000000e9c00000|  0%| F|  |TAMS 0x00000000e9b00000, 0x00000000e9b00000| Untracked 
| 156|0x00000000e9c00000, 0x00000000e9c00000, 0x00000000e9d00000|  0%| F|  |TAMS 0x00000000e9c00000, 0x00000000e9c00000| Untracked 
| 157|0x00000000e9d00000, 0x00000000e9d00000, 0x00000000e9e00000|  0%| F|  |TAMS 0x00000000e9d00000, 0x00000000e9d00000| Untracked 
| 158|0x00000000e9e00000, 0x00000000e9e00000, 0x00000000e9f00000|  0%| F|  |TAMS 0x00000000e9e00000, 0x00000000e9e00000| Untracked 
| 159|0x00000000e9f00000, 0x00000000e9f00000, 0x00000000ea000000|  0%| F|  |TAMS 0x00000000e9f00000, 0x00000000e9f00000| Untracked 
| 160|0x00000000ea000000, 0x00000000ea000000, 0x00000000ea100000|  0%| F|  |TAMS 0x00000000ea000000, 0x00000000ea000000| Untracked 
| 161|0x00000000ea100000, 0x00000000ea100000, 0x00000000ea200000|  0%| F|  |TAMS 0x00000000ea100000, 0x00000000ea100000| Untracked 
| 162|0x00000000ea200000, 0x00000000ea200000, 0x00000000ea300000|  0%| F|  |TAMS 0x00000000ea200000, 0x00000000ea200000| Untracked 
| 163|0x00000000ea300000, 0x00000000ea300000, 0x00000000ea400000|  0%| F|  |TAMS 0x00000000ea300000, 0x00000000ea300000| Untracked 
| 164|0x00000000ea400000, 0x00000000ea400000, 0x00000000ea500000|  0%| F|  |TAMS 0x00000000ea400000, 0x00000000ea400000| Untracked 
| 165|0x00000000ea500000, 0x00000000ea500000, 0x00000000ea600000|  0%| F|  |TAMS 0x00000000ea500000, 0x00000000ea500000| Untracked 
| 166|0x00000000ea600000, 0x00000000ea600000, 0x00000000ea700000|  0%| F|  |TAMS 0x00000000ea600000, 0x00000000ea600000| Untracked 
| 167|0x00000000ea700000, 0x00000000ea700000, 0x00000000ea800000|  0%| F|  |TAMS 0x00000000ea700000, 0x00000000ea700000| Untracked 
| 168|0x00000000ea800000, 0x00000000ea900000, 0x00000000ea900000|100%| S|CS|TAMS 0x00000000ea800000, 0x00000000ea800000| Complete 
| 169|0x00000000ea900000, 0x00000000eaa00000, 0x00000000eaa00000|100%| S|CS|TAMS 0x00000000ea900000, 0x00000000ea900000| Complete 
| 170|0x00000000eaa00000, 0x00000000eab00000, 0x00000000eab00000|100%| S|CS|TAMS 0x00000000eaa00000, 0x00000000eaa00000| Complete 
| 171|0x00000000eab00000, 0x00000000eac00000, 0x00000000eac00000|100%| S|CS|TAMS 0x00000000eab00000, 0x00000000eab00000| Complete 
| 172|0x00000000eac00000, 0x00000000ead00000, 0x00000000ead00000|100%| S|CS|TAMS 0x00000000eac00000, 0x00000000eac00000| Complete 
| 173|0x00000000ead00000, 0x00000000eae00000, 0x00000000eae00000|100%| S|CS|TAMS 0x00000000ead00000, 0x00000000ead00000| Complete 
| 174|0x00000000eae00000, 0x00000000eaf00000, 0x00000000eaf00000|100%| S|CS|TAMS 0x00000000eae00000, 0x00000000eae00000| Complete 
| 175|0x00000000eaf00000, 0x00000000eb000000, 0x00000000eb000000|100%| S|CS|TAMS 0x00000000eaf00000, 0x00000000eaf00000| Complete 
| 176|0x00000000eb000000, 0x00000000eb000000, 0x00000000eb100000|  0%| F|  |TAMS 0x00000000eb000000, 0x00000000eb000000| Untracked 
| 177|0x00000000eb100000, 0x00000000eb100000, 0x00000000eb200000|  0%| F|  |TAMS 0x00000000eb100000, 0x00000000eb100000| Untracked 
| 178|0x00000000eb200000, 0x00000000eb200000, 0x00000000eb300000|  0%| F|  |TAMS 0x00000000eb200000, 0x00000000eb200000| Untracked 
| 179|0x00000000eb300000, 0x00000000eb300000, 0x00000000eb400000|  0%| F|  |TAMS 0x00000000eb300000, 0x00000000eb300000| Untracked 
| 180|0x00000000eb400000, 0x00000000eb400000, 0x00000000eb500000|  0%| F|  |TAMS 0x00000000eb400000, 0x00000000eb400000| Untracked 
| 181|0x00000000eb500000, 0x00000000eb500000, 0x00000000eb600000|  0%| F|  |TAMS 0x00000000eb500000, 0x00000000eb500000| Untracked 
| 182|0x00000000eb600000, 0x00000000eb600000, 0x00000000eb700000|  0%| F|  |TAMS 0x00000000eb600000, 0x00000000eb600000| Untracked 
| 183|0x00000000eb700000, 0x00000000eb700000, 0x00000000eb800000|  0%| F|  |TAMS 0x00000000eb700000, 0x00000000eb700000| Untracked 
| 184|0x00000000eb800000, 0x00000000eb800000, 0x00000000eb900000|  0%| F|  |TAMS 0x00000000eb800000, 0x00000000eb800000| Untracked 
| 185|0x00000000eb900000, 0x00000000eb900000, 0x00000000eba00000|  0%| F|  |TAMS 0x00000000eb900000, 0x00000000eb900000| Untracked 
| 186|0x00000000eba00000, 0x00000000eba00000, 0x00000000ebb00000|  0%| F|  |TAMS 0x00000000eba00000, 0x00000000eba00000| Untracked 
| 187|0x00000000ebb00000, 0x00000000ebb00000, 0x00000000ebc00000|  0%| F|  |TAMS 0x00000000ebb00000, 0x00000000ebb00000| Untracked 
| 188|0x00000000ebc00000, 0x00000000ebc00000, 0x00000000ebd00000|  0%| F|  |TAMS 0x00000000ebc00000, 0x00000000ebc00000| Untracked 
| 189|0x00000000ebd00000, 0x00000000ebd00000, 0x00000000ebe00000|  0%| F|  |TAMS 0x00000000ebd00000, 0x00000000ebd00000| Untracked 
| 190|0x00000000ebe00000, 0x00000000ebe00000, 0x00000000ebf00000|  0%| F|  |TAMS 0x00000000ebe00000, 0x00000000ebe00000| Untracked 
| 191|0x00000000ebf00000, 0x00000000ebf00000, 0x00000000ec000000|  0%| F|  |TAMS 0x00000000ebf00000, 0x00000000ebf00000| Untracked 
| 192|0x00000000ec000000, 0x00000000ec000000, 0x00000000ec100000|  0%| F|  |TAMS 0x00000000ec000000, 0x00000000ec000000| Untracked 
| 193|0x00000000ec100000, 0x00000000ec100000, 0x00000000ec200000|  0%| F|  |TAMS 0x00000000ec100000, 0x00000000ec100000| Untracked 
| 194|0x00000000ec200000, 0x00000000ec200000, 0x00000000ec300000|  0%| F|  |TAMS 0x00000000ec200000, 0x00000000ec200000| Untracked 
| 195|0x00000000ec300000, 0x00000000ec300000, 0x00000000ec400000|  0%| F|  |TAMS 0x00000000ec300000, 0x00000000ec300000| Untracked 
| 196|0x00000000ec400000, 0x00000000ec400000, 0x00000000ec500000|  0%| F|  |TAMS 0x00000000ec400000, 0x00000000ec400000| Untracked 
| 197|0x00000000ec500000, 0x00000000ec500000, 0x00000000ec600000|  0%| F|  |TAMS 0x00000000ec500000, 0x00000000ec500000| Untracked 
| 198|0x00000000ec600000, 0x00000000ec600000, 0x00000000ec700000|  0%| F|  |TAMS 0x00000000ec600000, 0x00000000ec600000| Untracked 
| 199|0x00000000ec700000, 0x00000000ec700000, 0x00000000ec800000|  0%| F|  |TAMS 0x00000000ec700000, 0x00000000ec700000| Untracked 
| 200|0x00000000ec800000, 0x00000000ec800000, 0x00000000ec900000|  0%| F|  |TAMS 0x00000000ec800000, 0x00000000ec800000| Untracked 
| 201|0x00000000ec900000, 0x00000000ec900000, 0x00000000eca00000|  0%| F|  |TAMS 0x00000000ec900000, 0x00000000ec900000| Untracked 
| 202|0x00000000eca00000, 0x00000000eca00000, 0x00000000ecb00000|  0%| F|  |TAMS 0x00000000eca00000, 0x00000000eca00000| Untracked 
| 203|0x00000000ecb00000, 0x00000000ecb00000, 0x00000000ecc00000|  0%| F|  |TAMS 0x00000000ecb00000, 0x00000000ecb00000| Untracked 
| 204|0x00000000ecc00000, 0x00000000ecc00000, 0x00000000ecd00000|  0%| F|  |TAMS 0x00000000ecc00000, 0x00000000ecc00000| Untracked 
| 205|0x00000000ecd00000, 0x00000000ecd00000, 0x00000000ece00000|  0%| F|  |TAMS 0x00000000ecd00000, 0x00000000ecd00000| Untracked 
| 206|0x00000000ece00000, 0x00000000ece00000, 0x00000000ecf00000|  0%| F|  |TAMS 0x00000000ece00000, 0x00000000ece00000| Untracked 
| 207|0x00000000ecf00000, 0x00000000ecf00000, 0x00000000ed000000|  0%| F|  |TAMS 0x00000000ecf00000, 0x00000000ecf00000| Untracked 
| 208|0x00000000ed000000, 0x00000000ed000000, 0x00000000ed100000|  0%| F|  |TAMS 0x00000000ed000000, 0x00000000ed000000| Untracked 
| 209|0x00000000ed100000, 0x00000000ed100000, 0x00000000ed200000|  0%| F|  |TAMS 0x00000000ed100000, 0x00000000ed100000| Untracked 
| 210|0x00000000ed200000, 0x00000000ed200000, 0x00000000ed300000|  0%| F|  |TAMS 0x00000000ed200000, 0x00000000ed200000| Untracked 
| 211|0x00000000ed300000, 0x00000000ed300000, 0x00000000ed400000|  0%| F|  |TAMS 0x00000000ed300000, 0x00000000ed300000| Untracked 
| 212|0x00000000ed400000, 0x00000000ed400000, 0x00000000ed500000|  0%| F|  |TAMS 0x00000000ed400000, 0x00000000ed400000| Untracked 
| 213|0x00000000ed500000, 0x00000000ed500000, 0x00000000ed600000|  0%| F|  |TAMS 0x00000000ed500000, 0x00000000ed500000| Untracked 
| 214|0x00000000ed600000, 0x00000000ed600000, 0x00000000ed700000|  0%| F|  |TAMS 0x00000000ed600000, 0x00000000ed600000| Untracked 
| 215|0x00000000ed700000, 0x00000000ed700000, 0x00000000ed800000|  0%| F|  |TAMS 0x00000000ed700000, 0x00000000ed700000| Untracked 
| 216|0x00000000ed800000, 0x00000000ed800000, 0x00000000ed900000|  0%| F|  |TAMS 0x00000000ed800000, 0x00000000ed800000| Untracked 
| 217|0x00000000ed900000, 0x00000000ed900000, 0x00000000eda00000|  0%| F|  |TAMS 0x00000000ed900000, 0x00000000ed900000| Untracked 
| 218|0x00000000eda00000, 0x00000000eda00000, 0x00000000edb00000|  0%| F|  |TAMS 0x00000000eda00000, 0x00000000eda00000| Untracked 
| 219|0x00000000edb00000, 0x00000000edb00000, 0x00000000edc00000|  0%| F|  |TAMS 0x00000000edb00000, 0x00000000edb00000| Untracked 
| 220|0x00000000edc00000, 0x00000000edc00000, 0x00000000edd00000|  0%| F|  |TAMS 0x00000000edc00000, 0x00000000edc00000| Untracked 
| 221|0x00000000edd00000, 0x00000000edd00000, 0x00000000ede00000|  0%| F|  |TAMS 0x00000000edd00000, 0x00000000edd00000| Untracked 
| 222|0x00000000ede00000, 0x00000000ede00000, 0x00000000edf00000|  0%| F|  |TAMS 0x00000000ede00000, 0x00000000ede00000| Untracked 
| 223|0x00000000edf00000, 0x00000000edf00000, 0x00000000ee000000|  0%| F|  |TAMS 0x00000000edf00000, 0x00000000edf00000| Untracked 
| 224|0x00000000ee000000, 0x00000000ee000000, 0x00000000ee100000|  0%| F|  |TAMS 0x00000000ee000000, 0x00000000ee000000| Untracked 
| 225|0x00000000ee100000, 0x00000000ee100000, 0x00000000ee200000|  0%| F|  |TAMS 0x00000000ee100000, 0x00000000ee100000| Untracked 
| 226|0x00000000ee200000, 0x00000000ee200000, 0x00000000ee300000|  0%| F|  |TAMS 0x00000000ee200000, 0x00000000ee200000| Untracked 
| 227|0x00000000ee300000, 0x00000000ee300000, 0x00000000ee400000|  0%| F|  |TAMS 0x00000000ee300000, 0x00000000ee300000| Untracked 
| 228|0x00000000ee400000, 0x00000000ee400000, 0x00000000ee500000|  0%| F|  |TAMS 0x00000000ee400000, 0x00000000ee400000| Untracked 
| 229|0x00000000ee500000, 0x00000000ee500000, 0x00000000ee600000|  0%| F|  |TAMS 0x00000000ee500000, 0x00000000ee500000| Untracked 
| 230|0x00000000ee600000, 0x00000000ee600000, 0x00000000ee700000|  0%| F|  |TAMS 0x00000000ee600000, 0x00000000ee600000| Untracked 
| 231|0x00000000ee700000, 0x00000000ee700000, 0x00000000ee800000|  0%| F|  |TAMS 0x00000000ee700000, 0x00000000ee700000| Untracked 
| 232|0x00000000ee800000, 0x00000000ee800000, 0x00000000ee900000|  0%| F|  |TAMS 0x00000000ee800000, 0x00000000ee800000| Untracked 
| 233|0x00000000ee900000, 0x00000000ee900000, 0x00000000eea00000|  0%| F|  |TAMS 0x00000000ee900000, 0x00000000ee900000| Untracked 
| 234|0x00000000eea00000, 0x00000000eea00000, 0x00000000eeb00000|  0%| F|  |TAMS 0x00000000eea00000, 0x00000000eea00000| Untracked 
| 235|0x00000000eeb00000, 0x00000000eeb00000, 0x00000000eec00000|  0%| F|  |TAMS 0x00000000eeb00000, 0x00000000eeb00000| Untracked 
| 236|0x00000000eec00000, 0x00000000eec00000, 0x00000000eed00000|  0%| F|  |TAMS 0x00000000eec00000, 0x00000000eec00000| Untracked 
| 237|0x00000000eed00000, 0x00000000eed00000, 0x00000000eee00000|  0%| F|  |TAMS 0x00000000eed00000, 0x00000000eed00000| Untracked 
| 238|0x00000000eee00000, 0x00000000eee00000, 0x00000000eef00000|  0%| F|  |TAMS 0x00000000eee00000, 0x00000000eee00000| Untracked 
| 239|0x00000000eef00000, 0x00000000eef00000, 0x00000000ef000000|  0%| F|  |TAMS 0x00000000eef00000, 0x00000000eef00000| Untracked 
| 240|0x00000000ef000000, 0x00000000ef000000, 0x00000000ef100000|  0%| F|  |TAMS 0x00000000ef000000, 0x00000000ef000000| Untracked 
| 241|0x00000000ef100000, 0x00000000ef100000, 0x00000000ef200000|  0%| F|  |TAMS 0x00000000ef100000, 0x00000000ef100000| Untracked 
| 242|0x00000000ef200000, 0x00000000ef200000, 0x00000000ef300000|  0%| F|  |TAMS 0x00000000ef200000, 0x00000000ef200000| Untracked 
| 243|0x00000000ef300000, 0x00000000ef300000, 0x00000000ef400000|  0%| F|  |TAMS 0x00000000ef300000, 0x00000000ef300000| Untracked 
| 244|0x00000000ef400000, 0x00000000ef400000, 0x00000000ef500000|  0%| F|  |TAMS 0x00000000ef400000, 0x00000000ef400000| Untracked 
| 245|0x00000000ef500000, 0x00000000ef500000, 0x00000000ef600000|  0%| F|  |TAMS 0x00000000ef500000, 0x00000000ef500000| Untracked 
| 246|0x00000000ef600000, 0x00000000ef600000, 0x00000000ef700000|  0%| F|  |TAMS 0x00000000ef600000, 0x00000000ef600000| Untracked 
| 247|0x00000000ef700000, 0x00000000ef780800, 0x00000000ef800000| 50%| E|  |TAMS 0x00000000ef700000, 0x00000000ef700000| Complete 
| 248|0x00000000ef800000, 0x00000000ef900000, 0x00000000ef900000|100%| E|CS|TAMS 0x00000000ef800000, 0x00000000ef800000| Complete 
| 249|0x00000000ef900000, 0x00000000efa00000, 0x00000000efa00000|100%| E|CS|TAMS 0x00000000ef900000, 0x00000000ef900000| Complete 
| 250|0x00000000efa00000, 0x00000000efb00000, 0x00000000efb00000|100%| E|CS|TAMS 0x00000000efa00000, 0x00000000efa00000| Complete 
| 251|0x00000000efb00000, 0x00000000efc00000, 0x00000000efc00000|100%| E|CS|TAMS 0x00000000efb00000, 0x00000000efb00000| Complete 
| 252|0x00000000efc00000, 0x00000000efd00000, 0x00000000efd00000|100%| E|CS|TAMS 0x00000000efc00000, 0x00000000efc00000| Complete 
| 253|0x00000000efd00000, 0x00000000efe00000, 0x00000000efe00000|100%| E|CS|TAMS 0x00000000efd00000, 0x00000000efd00000| Complete 
| 254|0x00000000efe00000, 0x00000000eff00000, 0x00000000eff00000|100%| E|CS|TAMS 0x00000000efe00000, 0x00000000efe00000| Complete 
| 255|0x00000000eff00000, 0x00000000f0000000, 0x00000000f0000000|100%| E|CS|TAMS 0x00000000eff00000, 0x00000000eff00000| Complete 

Card table byte_map: [0x0000020c4b7c0000,0x0000020c4b8c0000] _byte_map_base: 0x0000020c4b0c0000

Marking Bits (Prev, Next): (CMBitMap*) 0x0000020c3214ba48, (CMBitMap*) 0x0000020c3214ba80
 Prev Bits: [0x0000020c4b9c0000, 0x0000020c4c1c0000)
 Next Bits: [0x0000020c4c1c0000, 0x0000020c4c9c0000)

Polling page: 0x0000020c320b0000

Metaspace:

Usage:
  Non-class:     32.63 MB capacity,    32.10 MB ( 98%) used,   451.05 KB (  1%) free+waste,    91.25 KB ( <1%) overhead. 
      Class:      5.16 MB capacity,     4.79 MB ( 93%) used,   333.66 KB (  6%) free+waste,    45.12 KB ( <1%) overhead. 
       Both:     37.79 MB capacity,    36.89 MB ( 98%) used,   784.71 KB (  2%) free+waste,   136.38 KB ( <1%) overhead. 

Virtual space:
  Non-class space:       34.00 MB reserved,      32.67 MB ( 96%) committed 
      Class space:      248.00 MB reserved,       5.25 MB (  2%) committed 
             Both:      282.00 MB reserved,      37.92 MB ( 13%) committed 

Chunk freelists:
   Non-Class:  43.00 KB
       Class:  0 bytes
        Both:  43.00 KB

MaxMetaspaceSize: 256.00 MB
CompressedClassSpaceSize: 248.00 MB
Initial GC threshold: 20.80 MB
Current GC threshold: 58.83 MB
CDS: off

CodeHeap 'non-profiled nmethods': size=120064Kb used=1568Kb max_used=1568Kb free=118495Kb
 bounds [0x0000020c43b50000, 0x0000020c43dc0000, 0x0000020c4b090000]
CodeHeap 'profiled nmethods': size=120000Kb used=6180Kb max_used=6180Kb free=113820Kb
 bounds [0x0000020c3c620000, 0x0000020c3cc30000, 0x0000020c43b50000]
CodeHeap 'non-nmethods': size=5696Kb used=1263Kb max_used=1289Kb free=4432Kb
 bounds [0x0000020c3c090000, 0x0000020c3c300000, 0x0000020c3c620000]
 total_blobs=3524 nmethods=2988 adapters=448
 compilation: enabled
              stopped_count=0, restarted_count=0
 full_count=0

Compilation events (20 events):
Event: 4.250 Thread 0x0000020c4f87e000 nmethod 2913 0x0000020c3cbffb10 code [0x0000020c3cbffdc0, 0x0000020c3cc00ee8]
Event: 4.250 Thread 0x0000020c4f87e000 2914       3       groovy.lang.MetaClassImpl::addMetaMethodToIndex (65 bytes)
Event: 4.250 Thread 0x0000020c4f87e000 nmethod 2914 0x0000020c3cc01310 code [0x0000020c3cc01520, 0x0000020c3cc01a18]
Event: 4.250 Thread 0x0000020c4f87e000 2915       3       groovy.lang.MetaMethod::isPrivate (15 bytes)
Event: 4.250 Thread 0x0000020c4f87e000 nmethod 2915 0x0000020c3cc01c10 code [0x0000020c3cc01dc0, 0x0000020c3cc01fc8]
Event: 4.251 Thread 0x0000020c4f87e000 2916       3       org.codehaus.groovy.reflection.stdclasses.CachedSAMClass$$Lambda$363/0x000000010048a440::test (12 bytes)
Event: 4.251 Thread 0x0000020c4f87e000 nmethod 2916 0x0000020c3cc02090 code [0x0000020c3cc02260, 0x0000020c3cc024c8]
Event: 4.251 Thread 0x0000020c4f87e000 2917       3       org.codehaus.groovy.reflection.stdclasses.CachedSAMClass::lambda$getSAMMethodImpl$0 (6 bytes)
Event: 4.251 Thread 0x0000020c4f87e000 nmethod 2917 0x0000020c3cc02590 code [0x0000020c3cc02740, 0x0000020c3cc02848]
Event: 4.251 Thread 0x0000020c4f87e000 2918       3       java.lang.Class::getDeclaredMethods (27 bytes)
Event: 4.251 Thread 0x0000020c4f87e000 nmethod 2918 0x0000020c3cc02910 code [0x0000020c3cc02b00, 0x0000020c3cc02d98]
Event: 4.251 Thread 0x0000020c4f87e000 2919       1       org.codehaus.groovy.reflection.CachedClass::isInterface (5 bytes)
Event: 4.251 Thread 0x0000020c4f87e000 nmethod 2919 0x0000020c43cd4a90 code [0x0000020c43cd4c40, 0x0000020c43cd4cf8]
Event: 4.251 Thread 0x0000020c4f87e000 2920       3       org.codehaus.groovy.runtime.metaclass.MetaMethodIndex::hash (31 bytes)
Event: 4.251 Thread 0x0000020c4f87e000 nmethod 2920 0x0000020c3cc02e90 code [0x0000020c3cc03040, 0x0000020c3cc03138]
Event: 4.251 Thread 0x0000020c4f87e000 2921       1       org.codehaus.groovy.reflection.GeneratedMetaMethod::getModifiers (2 bytes)
Event: 4.251 Thread 0x0000020c4f87e000 nmethod 2921 0x0000020c43cd4d90 code [0x0000020c43cd4f40, 0x0000020c43cd4ff8]
Event: 4.255 Thread 0x0000020c4f87e000 2922       3       org.codehaus.groovy.reflection.CachedMethod::compareTo (25 bytes)
Event: 4.255 Thread 0x0000020c4f87e000 nmethod 2922 0x0000020c3cc03210 code [0x0000020c3cc03400, 0x0000020c3cc03858]
Event: 4.255 Thread 0x0000020c4f87e000 2923       3       org.codehaus.groovy.reflection.CachedMethod::compareToCachedMethod (160 bytes)

GC Heap History (12 events):
Event: 0.379 GC heap before
{Heap before GC invocations=0 (full 0):
 garbage-first heap   total 262144K, used 16384K [0x00000000e0000000, 0x0000000100000000)
  region size 1024K, 14 young (14336K), 0 survivors (0K)
 Metaspace       used 6801K, capacity 6989K, committed 7168K, reserved 262144K
  class space    used 575K, capacity 650K, committed 768K, reserved 253952K
}
Event: 0.382 GC heap after
{Heap after GC invocations=1 (full 0):
 garbage-first heap   total 262144K, used 7790K [0x00000000e0000000, 0x0000000100000000)
  region size 1024K, 2 young (2048K), 2 survivors (2048K)
 Metaspace       used 6801K, capacity 6989K, committed 7168K, reserved 262144K
  class space    used 575K, capacity 650K, committed 768K, reserved 253952K
}
Event: 0.679 GC heap before
{Heap before GC invocations=1 (full 0):
 garbage-first heap   total 262144K, used 21102K [0x00000000e0000000, 0x0000000100000000)
  region size 1024K, 15 young (15360K), 2 survivors (2048K)
 Metaspace       used 10325K, capacity 10614K, committed 10880K, reserved 264192K
  class space    used 1048K, capacity 1138K, committed 1152K, reserved 253952K
}
Event: 0.682 GC heap after
{Heap after GC invocations=2 (full 0):
 garbage-first heap   total 262144K, used 9424K [0x00000000e0000000, 0x0000000100000000)
  region size 1024K, 2 young (2048K), 2 survivors (2048K)
 Metaspace       used 10325K, capacity 10614K, committed 10880K, reserved 264192K
  class space    used 1048K, capacity 1138K, committed 1152K, reserved 253952K
}
Event: 1.248 GC heap before
{Heap before GC invocations=2 (full 0):
 garbage-first heap   total 262144K, used 54480K [0x00000000e0000000, 0x0000000100000000)
  region size 1024K, 45 young (46080K), 2 survivors (2048K)
 Metaspace       used 11784K, capacity 12135K, committed 12416K, reserved 266240K
  class space    used 1264K, capacity 1346K, committed 1408K, reserved 253952K
}
Event: 1.253 GC heap after
{Heap after GC invocations=3 (full 0):
 garbage-first heap   total 262144K, used 14591K [0x00000000e0000000, 0x0000000100000000)
  region size 1024K, 6 young (6144K), 6 survivors (6144K)
 Metaspace       used 11784K, capacity 12135K, committed 12416K, reserved 266240K
  class space    used 1264K, capacity 1346K, committed 1408K, reserved 253952K
}
Event: 2.388 GC heap before
{Heap before GC invocations=3 (full 0):
 garbage-first heap   total 262144K, used 60671K [0x00000000e0000000, 0x0000000100000000)
  region size 1024K, 52 young (53248K), 6 survivors (6144K)
 Metaspace       used 20767K, capacity 21166K, committed 21296K, reserved 274432K
  class space    used 2467K, capacity 2616K, committed 2688K, reserved 253952K
}
Event: 2.399 GC heap after
{Heap after GC invocations=4 (full 0):
 garbage-first heap   total 262144K, used 17472K [0x00000000e0000000, 0x0000000100000000)
  region size 1024K, 3 young (3072K), 3 survivors (3072K)
 Metaspace       used 20767K, capacity 21166K, committed 21296K, reserved 274432K
  class space    used 2467K, capacity 2616K, committed 2688K, reserved 253952K
}
Event: 3.060 GC heap before
{Heap before GC invocations=5 (full 0):
 garbage-first heap   total 262144K, used 74816K [0x00000000e0000000, 0x0000000100000000)
  region size 1024K, 59 young (60416K), 3 survivors (3072K)
 Metaspace       used 26138K, capacity 26684K, committed 26800K, reserved 278528K
  class space    used 3337K, capacity 3548K, committed 3584K, reserved 253952K
}
Event: 3.067 GC heap after
{Heap after GC invocations=6 (full 0):
 garbage-first heap   total 262144K, used 19607K [0x00000000e0000000, 0x0000000100000000)
  region size 1024K, 5 young (5120K), 5 survivors (5120K)
 Metaspace       used 26138K, capacity 26684K, committed 26800K, reserved 278528K
  class space    used 3337K, capacity 3548K, committed 3584K, reserved 253952K
}
Event: 4.050 GC heap before
{Heap before GC invocations=6 (full 0):
 garbage-first heap   total 262144K, used 95383K [0x00000000e0000000, 0x0000000100000000)
  region size 1024K, 80 young (81920K), 5 survivors (5120K)
 Metaspace       used 34890K, capacity 35807K, committed 35888K, reserved 286720K
  class space    used 4599K, capacity 4957K, committed 4992K, reserved 253952K
}
Event: 4.059 GC heap after
{Heap after GC invocations=7 (full 0):
 garbage-first heap   total 262144K, used 22679K [0x00000000e0000000, 0x0000000100000000)
  region size 1024K, 8 young (8192K), 8 survivors (8192K)
 Metaspace       used 34890K, capacity 35807K, committed 35888K, reserved 286720K
  class space    used 4599K, capacity 4957K, committed 4992K, reserved 253952K
}

Deoptimization events (20 events):
Event: 3.825 Thread 0x0000020c4f9fd800 Uncommon trap: trap_request=0xffffff4d fr.pc=0x0000020c43c03e1c relative=0x00000000000013dc
Event: 3.825 Thread 0x0000020c4f9fd800 Uncommon trap: reason=unstable_if action=reinterpret pc=0x0000020c43c03e1c method=java.util.concurrent.ConcurrentHashMap.putVal(Ljava/lang/Object;Ljava/lang/Object;Z)Ljava/lang/Object; @ 231 c2
Event: 3.825 Thread 0x0000020c4f9fd800 DEOPT PACKING pc=0x0000020c43c03e1c sp=0x000000e8632f8c90
Event: 3.825 Thread 0x0000020c4f9fd800 DEOPT UNPACKING pc=0x0000020c3c0985af sp=0x000000e8632f8c10 mode 2
Event: 3.873 Thread 0x0000020c4f9fd800 Uncommon trap: trap_request=0xffffffde fr.pc=0x0000020c43c26948 relative=0x0000000000001768
Event: 3.874 Thread 0x0000020c4f9fd800 Uncommon trap: reason=class_check action=maybe_recompile pc=0x0000020c43c26948 method=java.io.BufferedInputStream.read([BII)I @ 101 c2
Event: 3.874 Thread 0x0000020c4f9fd800 DEOPT PACKING pc=0x0000020c43c26948 sp=0x000000e8632f8140
Event: 3.874 Thread 0x0000020c4f9fd800 DEOPT UNPACKING pc=0x0000020c3c0985af sp=0x000000e8632f8000 mode 2
Event: 3.874 Thread 0x0000020c4f9fd800 Uncommon trap: trap_request=0xffffffde fr.pc=0x0000020c43c26948 relative=0x0000000000001768
Event: 3.874 Thread 0x0000020c4f9fd800 Uncommon trap: reason=class_check action=maybe_recompile pc=0x0000020c43c26948 method=java.io.BufferedInputStream.read([BII)I @ 101 c2
Event: 3.874 Thread 0x0000020c4f9fd800 DEOPT PACKING pc=0x0000020c43c26948 sp=0x000000e8632f8140
Event: 3.874 Thread 0x0000020c4f9fd800 DEOPT UNPACKING pc=0x0000020c3c0985af sp=0x000000e8632f8000 mode 2
Event: 3.874 Thread 0x0000020c4f9fd800 Uncommon trap: trap_request=0xffffffde fr.pc=0x0000020c43c26948 relative=0x0000000000001768
Event: 3.874 Thread 0x0000020c4f9fd800 Uncommon trap: reason=class_check action=maybe_recompile pc=0x0000020c43c26948 method=java.io.BufferedInputStream.read([BII)I @ 101 c2
Event: 3.874 Thread 0x0000020c4f9fd800 DEOPT PACKING pc=0x0000020c43c26948 sp=0x000000e8632f8140
Event: 3.874 Thread 0x0000020c4f9fd800 DEOPT UNPACKING pc=0x0000020c3c0985af sp=0x000000e8632f8000 mode 2
Event: 3.875 Thread 0x0000020c4f9fd800 Uncommon trap: trap_request=0xffffffde fr.pc=0x0000020c43c26948 relative=0x0000000000001768
Event: 3.875 Thread 0x0000020c4f9fd800 Uncommon trap: reason=class_check action=maybe_recompile pc=0x0000020c43c26948 method=java.io.BufferedInputStream.read([BII)I @ 101 c2
Event: 3.875 Thread 0x0000020c4f9fd800 DEOPT PACKING pc=0x0000020c43c26948 sp=0x000000e8632f8140
Event: 3.875 Thread 0x0000020c4f9fd800 DEOPT UNPACKING pc=0x0000020c3c0985af sp=0x000000e8632f8000 mode 2

Classes redefined (0 events):
No events

Internal exceptions (20 events):
Event: 3.317 Thread 0x0000020c4f9fd800 Exception <a 'java/lang/NoSuchMethodError'{0x00000000ee7511f0}: 'java.lang.Object java.lang.invoke.DirectMethodHandle$Holder.invokeSpecialIFC(java.lang.Object, java.lang.Object, java.lang.Object, java.lang.Object)'> (0x00000000ee7511f0) thrown at [s\src\hotspot\share\interpreter\linkResolver.cpp, line 773]
Event: 3.431 Thread 0x0000020c4f9fd800 Implicit null exception at 0x0000020c43c19475 to 0x0000020c43c1963c
Event: 3.477 Thread 0x0000020c4f9fd800 Exception <a 'java/lang/NoSuchMethodError'{0x00000000edb2a018}: 'java.lang.Object java.lang.invoke.DirectMethodHandle$Holder.invokeSpecial(java.lang.Object, java.lang.Object, java.lang.Object, java.lang.Object, java.lang.Object, java.lang.Object, java.lang.Object, java.lang.Object, java.lang.Object, java.lang.Object, java.lang.Object, java.lang.Object, java.lang.Object)'> (0x00000000edb2a018) thrown at [s\src\hotspot\share\interpreter\linkResolver.cpp, line 773]
Event: 3.478 Thread 0x0000020c4f9fd800 Exception <a 'java/lang/NoSuchMethodError'{0x00000000edb3ae78}: 'java.lang.Object java.lang.invoke.DirectMethodHandle$Holder.invokeSpecial(java.lang.Object, java.lang.Object, java.lang.Object, java.lang.Object, java.lang.Object, java.lang.Object, java.lang.Object, java.lang.Object, java.lang.Object, java.lang.Object, java.lang.Object, java.lang.Object)'> (0x00000000edb3ae78) thrown at [s\src\hotspot\share\interpreter\linkResolver.cpp, line 773]
Event: 3.478 Thread 0x0000020c4f9fd800 Exception <a 'java/lang/NoSuchMethodError'{0x00000000edb3ffa0}: 'java.lang.Object java.lang.invoke.Invokers$Holder.linkToTargetMethod(java.lang.Object, java.lang.Object, java.lang.Object, java.lang.Object, java.lang.Object, java.lang.Object, java.lang.Object, java.lang.Object, java.lang.Object, java.lang.Object, java.lang.Object)'> (0x00000000edb3ffa0) thrown at [s\src\hotspot\share\interpreter\linkResolver.cpp, line 773]
Event: 3.484 Thread 0x0000020c4f9fd800 Exception <a 'java/lang/NoSuchMethodError'{0x00000000edbe45f8}: 'java.lang.Object java.lang.invoke.DirectMethodHandle$Holder.invokeSpecial(java.lang.Object, java.lang.Object, java.lang.Object, java.lang.Object, java.lang.Object, java.lang.Object, java.lang.Object, java.lang.Object, java.lang.Object, java.lang.Object, java.lang.Object, java.lang.Object, java.lang.Object, java.lang.Object)'> (0x00000000edbe45f8) thrown at [s\src\hotspot\share\interpreter\linkResolver.cpp, line 773]
Event: 3.485 Thread 0x0000020c4f9fd800 Exception <a 'java/lang/NoSuchMethodError'{0x00000000edbf5c70}: 'java.lang.Object java.lang.invoke.Invokers$Holder.linkToTargetMethod(java.lang.Object, java.lang.Object, java.lang.Object, java.lang.Object, java.lang.Object, java.lang.Object, java.lang.Object, java.lang.Object, java.lang.Object, java.lang.Object, java.lang.Object, java.lang.Object)'> (0x00000000edbf5c70) thrown at [s\src\hotspot\share\interpreter\linkResolver.cpp, line 773]
Event: 3.497 Thread 0x0000020c4f9fd800 Exception <a 'java/lang/NoSuchMethodError'{0x00000000edae7f80}: 'java.lang.Object java.lang.invoke.DirectMethodHandle$Holder.invokeStaticInit(java.lang.Object, java.lang.Object, java.lang.Object, java.lang.Object)'> (0x00000000edae7f80) thrown at [s\src\hotspot\share\interpreter\linkResolver.cpp, line 773]
Event: 3.573 Thread 0x0000020c4f9fd800 Exception <a 'java/lang/NoSuchMethodError'{0x00000000ed1f44d8}: 'java.lang.Object java.lang.invoke.Invokers$Holder.linkToTargetMethod(java.lang.Object, java.lang.Object, java.lang.Object, java.lang.Object, java.lang.Object, java.lang.Object, java.lang.Object, java.lang.Object)'> (0x00000000ed1f44d8) thrown at [s\src\hotspot\share\interpreter\linkResolver.cpp, line 773]
Event: 3.579 Thread 0x0000020c4f9fd800 Exception <a 'java/lang/IncompatibleClassChangeError'{0x00000000ed0869c8}: Found class java.lang.Object, but interface was expected> (0x00000000ed0869c8) thrown at [s\src\hotspot\share\interpreter\linkResolver.cpp, line 839]
Event: 3.740 Thread 0x0000020c4f9fd800 Exception <a 'java/lang/NoSuchMethodError'{0x00000000ebdc0310}: 'java.lang.Object java.lang.invoke.Invokers$Holder.linkToTargetMethod(java.lang.Object, long, java.lang.Object)'> (0x00000000ebdc0310) thrown at [s\src\hotspot\share\interpreter\linkResolver.cpp, line 773]
Event: 3.752 Thread 0x0000020c4f9fd800 Exception <a 'java/lang/NoSuchMethodError'{0x00000000ebc57630}: 'int java.lang.invoke.DirectMethodHandle$Holder.invokeStatic(java.lang.Object, java.lang.Object, java.lang.Object, java.lang.Object, java.lang.Object)'> (0x00000000ebc57630) thrown at [s\src\hotspot\share\interpreter\linkResolver.cpp, line 773]
Event: 3.766 Thread 0x0000020c4f9fd800 Exception <a 'java/lang/NoSuchMethodError'{0x00000000ebcf1608}: 'int java.lang.invoke.DirectMethodHandle$Holder.invokeInterface(java.lang.Object, java.lang.Object)'> (0x00000000ebcf1608) thrown at [s\src\hotspot\share\interpreter\linkResolver.cpp, line 773]
Event: 3.770 Thread 0x0000020c4f9fd800 Exception <a 'java/lang/NoSuchMethodError'{0x00000000ebb178f8}: 'java.lang.Object java.lang.invoke.DirectMethodHandle$Holder.invokeStatic(java.lang.Object, java.lang.Object, int, java.lang.Object)'> (0x00000000ebb178f8) thrown at [s\src\hotspot\share\interpreter\linkResolver.cpp, line 773]
Event: 3.771 Thread 0x0000020c4f9fd800 Exception <a 'java/lang/NoSuchMethodError'{0x00000000ebb21c40}: 'java.lang.Object java.lang.invoke.Invokers$Holder.linkToTargetMethod(java.lang.Object, int, java.lang.Object, java.lang.Object)'> (0x00000000ebb21c40) thrown at [s\src\hotspot\share\interpreter\linkResolver.cpp, line 773]
Event: 3.821 Thread 0x0000020c4f9fd800 Implicit null exception at 0x0000020c43bdb32b to 0x0000020c43bdc5a8
Event: 3.948 Thread 0x0000020c4f9fd800 Exception <a 'java/lang/NoSuchMethodError'{0x00000000eb34bcf0}: 'void java.lang.invoke.DirectMethodHandle$Holder.invokeStaticInit(java.lang.Object, java.lang.Object, java.lang.Object)'> (0x00000000eb34bcf0) thrown at [s\src\hotspot\share\interpreter\linkResolver.cpp, line 773]
Event: 3.949 Thread 0x0000020c4f9fd800 Exception <a 'java/lang/NoSuchMethodError'{0x00000000eb352e60}: 'void java.lang.invoke.DirectMethodHandle$Holder.invokeStaticInit(java.lang.Object, java.lang.Object, java.lang.Object, java.lang.Object)'> (0x00000000eb352e60) thrown at [s\src\hotspot\share\interpreter\linkResolver.cpp, line 773]
Event: 3.953 Thread 0x0000020c4f9fd800 Exception <a 'java/lang/NoSuchMethodError'{0x00000000eb375990}: 'void java.lang.invoke.DirectMethodHandle$Holder.invokeStaticInit(java.lang.Object, java.lang.Object, java.lang.Object, java.lang.Object, java.lang.Object)'> (0x00000000eb375990) thrown at [s\src\hotspot\share\interpreter\linkResolver.cpp, line 773]
Event: 3.992 Thread 0x0000020c4f9fd800 Exception <a 'java/lang/NoSuchMethodError'{0x00000000eb3d6f00}: 'int java.lang.invoke.DirectMethodHandle$Holder.invokeStaticInit(java.lang.Object, java.lang.Object, java.lang.Object, java.lang.Object)'> (0x00000000eb3d6f00) thrown at [s\src\hotspot\share\interpreter\linkResolver.cpp, line 773]

Events (20 events):
Event: 4.244 loading class groovy/lang/Tuple2
Event: 4.244 loading class groovy/lang/Tuple2 done
Event: 4.245 loading class groovy/lang/Tuple
Event: 4.245 loading class groovy/lang/Tuple done
Event: 4.246 loading class java/beans/PropertyDescriptor
Event: 4.246 loading class java/beans/PropertyDescriptor done
Event: 4.247 loading class groovyjarjarasm/asm/ClassVisitor
Event: 4.247 loading class groovyjarjarasm/asm/ClassVisitor done
Event: 4.249 loading class org/codehaus/groovy/runtime/metaclass/ClosureMetaMethod$AnonymousMetaMethod
Event: 4.249 loading class org/codehaus/groovy/runtime/metaclass/ClosureMetaMethod$AnonymousMetaMethod done
Event: 4.250 loading class java/lang/reflect/AnnotatedType
Event: 4.250 loading class java/lang/reflect/AnnotatedType done
Event: 4.251 loading class org/codehaus/groovy/reflection/MixinInMetaClass
Event: 4.251 loading class org/codehaus/groovy/reflection/MixinInMetaClass done
Event: 4.252 loading class org/codehaus/groovy/util/ManagedConcurrentMap
Event: 4.252 loading class org/codehaus/groovy/util/ManagedConcurrentMap done
Event: 4.253 loading class org/codehaus/groovy/util/AbstractConcurrentMap
Event: 4.253 loading class org/codehaus/groovy/util/AbstractConcurrentMap done
Event: 4.253 loading class org/codehaus/groovy/util/AbstractConcurrentMapBase
Event: 4.253 loading class org/codehaus/groovy/util/AbstractConcurrentMapBase done


Dynamic libraries:
0x00007ff62b800000 - 0x00007ff62b80e000 	C:\Program Files\Eclipse Adoptium\jdk-11.0.27.6-hotspot\bin\java.exe
0x00007ffcd6530000 - 0x00007ffcd6728000 	C:\Windows\SYSTEM32\ntdll.dll
0x00007ffcd46c0000 - 0x00007ffcd4782000 	C:\Windows\System32\KERNEL32.DLL
0x00007ffcd3dc0000 - 0x00007ffcd40b6000 	C:\Windows\System32\KERNELBASE.dll
0x00007ffcd40c0000 - 0x00007ffcd41c0000 	C:\Windows\System32\ucrtbase.dll
0x00007ffcb75f0000 - 0x00007ffcb7607000 	C:\Program Files\Eclipse Adoptium\jdk-11.0.27.6-hotspot\bin\jli.dll
0x00007ffcb6f10000 - 0x00007ffcb6f2e000 	C:\Program Files\Eclipse Adoptium\jdk-11.0.27.6-hotspot\bin\VCRUNTIME140.dll
0x00007ffcd6100000 - 0x00007ffcd62a1000 	C:\Windows\System32\USER32.dll
0x00007ffcd4470000 - 0x00007ffcd4492000 	C:\Windows\System32\win32u.dll
0x00007ffcb8ed0000 - 0x00007ffcb916b000 	C:\Windows\WinSxS\amd64_microsoft.windows.common-controls_6595b64144ccf1df_6.0.19041.6456_none_60b8a6cb71f64256\COMCTL32.dll
0x00007ffcd64c0000 - 0x00007ffcd64eb000 	C:\Windows\System32\GDI32.dll
0x00007ffcd4ce0000 - 0x00007ffcd4d7e000 	C:\Windows\System32\msvcrt.dll
0x00007ffcd41c0000 - 0x00007ffcd42d9000 	C:\Windows\System32\gdi32full.dll
0x00007ffcd3d20000 - 0x00007ffcd3dbd000 	C:\Windows\System32\msvcp_win.dll
0x00007ffcd4ab0000 - 0x00007ffcd4adf000 	C:\Windows\System32\IMM32.DLL
0x00000000683a0000 - 0x00000000683ac000 	C:\Program Files (x86)\360\Total Security\safemon\SafeWrapper.dll
0x00007ffcd47f0000 - 0x00007ffcd48a1000 	C:\Windows\System32\ADVAPI32.dll
0x00007ffcd4620000 - 0x00007ffcd46bf000 	C:\Windows\System32\sechost.dll
0x00007ffcd5c80000 - 0x00007ffcd5da0000 	C:\Windows\System32\RPCRT4.dll
0x00007ffcd42e0000 - 0x00007ffcd4307000 	C:\Windows\System32\bcrypt.dll
0x00007ffc9d150000 - 0x00007ffc9d1fc000 	C:\Program Files (x86)\360\Total Security\safemon\libzdtp64.dll
0x00007ffcd5510000 - 0x00007ffcd5c80000 	C:\Windows\System32\SHELL32.dll
0x00007ffcd54b0000 - 0x00007ffcd550b000 	C:\Windows\System32\SHLWAPI.dll
0x00007ffcd3640000 - 0x00007ffcd364a000 	C:\Windows\SYSTEM32\VERSION.dll
0x00007ffccae80000 - 0x00007ffccae8c000 	C:\Program Files\Eclipse Adoptium\jdk-11.0.27.6-hotspot\bin\vcruntime140_1.dll
0x00007ffc9cc00000 - 0x00007ffc9cc8d000 	C:\Program Files\Eclipse Adoptium\jdk-11.0.27.6-hotspot\bin\msvcp140.dll
0x00007ffc501e0000 - 0x00007ffc50da3000 	C:\Program Files\Eclipse Adoptium\jdk-11.0.27.6-hotspot\bin\server\jvm.dll
0x00007ffcd5430000 - 0x00007ffcd549b000 	C:\Windows\System32\WS2_32.dll
0x00007ffcd54a0000 - 0x00007ffcd54a8000 	C:\Windows\System32\PSAPI.DLL
0x00007ffcb6440000 - 0x00007ffcb6467000 	C:\Windows\SYSTEM32\WINMM.dll
0x00007ffcd2360000 - 0x00007ffcd2372000 	C:\Windows\SYSTEM32\kernel.appcore.dll
0x00007ffcb86a0000 - 0x00007ffcb86b0000 	C:\Program Files\Eclipse Adoptium\jdk-11.0.27.6-hotspot\bin\verify.dll
0x00007ffccde70000 - 0x00007ffcce071000 	C:\Windows\SYSTEM32\DBGHELP.DLL
0x00007ffcb2b10000 - 0x00007ffcb2b44000 	C:\Windows\SYSTEM32\dbgcore.DLL
0x00007ffcd3c90000 - 0x00007ffcd3d12000 	C:\Windows\System32\bcryptPrimitives.dll
0x00007ffcb3900000 - 0x00007ffcb3928000 	C:\Program Files\Eclipse Adoptium\jdk-11.0.27.6-hotspot\bin\java.dll
0x00007ffcb75e0000 - 0x00007ffcb75ea000 	C:\Program Files\Eclipse Adoptium\jdk-11.0.27.6-hotspot\bin\jimage.dll
0x00007ffcb6ef0000 - 0x00007ffcb6f08000 	C:\Program Files\Eclipse Adoptium\jdk-11.0.27.6-hotspot\bin\zip.dll
0x00007ffcd1940000 - 0x00007ffcd20e5000 	C:\Windows\SYSTEM32\windows.storage.dll
0x00007ffcd5da0000 - 0x00007ffcd60f4000 	C:\Windows\System32\combase.dll
0x00007ffcd34a0000 - 0x00007ffcd34cb000 	C:\Windows\SYSTEM32\Wldp.dll
0x00007ffcd4550000 - 0x00007ffcd461d000 	C:\Windows\System32\OLEAUT32.dll
0x00007ffcd4960000 - 0x00007ffcd4a0d000 	C:\Windows\System32\SHCORE.dll
0x00007ffcd3af0000 - 0x00007ffcd3b14000 	C:\Windows\SYSTEM32\profapi.dll
0x00007ffcb5110000 - 0x00007ffcb5129000 	C:\Program Files\Eclipse Adoptium\jdk-11.0.27.6-hotspot\bin\net.dll
0x00007ffcc7290000 - 0x00007ffcc739a000 	C:\Windows\SYSTEM32\WINHTTP.dll
0x00007ffcd3200000 - 0x00007ffcd326a000 	C:\Windows\system32\mswsock.dll
0x00007ffcb36b0000 - 0x00007ffcb36c3000 	C:\Program Files\Eclipse Adoptium\jdk-11.0.27.6-hotspot\bin\nio.dll
0x00007ffccad10000 - 0x00007ffccad37000 	C:\Users\user\.gradle\native\68d5fa5c4cc2d200863cafc0d521ce42e7d3e7ee720ec0a83991735586a16f82\windows-amd64\native-platform.dll
0x00007ffcb2650000 - 0x00007ffcb2794000 	C:\Users\user\.gradle\native\e376f236ea51e6404a007f0833ffe2c6e607c4080706a723a18a27aeea778392\windows-amd64\native-platform-file-events.dll
0x00007ffccad00000 - 0x00007ffccad0a000 	C:\Program Files\Eclipse Adoptium\jdk-11.0.27.6-hotspot\bin\management.dll
0x00007ffcc9b90000 - 0x00007ffcc9b9b000 	C:\Program Files\Eclipse Adoptium\jdk-11.0.27.6-hotspot\bin\management_ext.dll
0x00007ffcd3400000 - 0x00007ffcd3418000 	C:\Windows\SYSTEM32\CRYPTSP.dll
0x00007ffcd2b20000 - 0x00007ffcd2b58000 	C:\Windows\system32\rsaenh.dll
0x00007ffcd3a70000 - 0x00007ffcd3a9e000 	C:\Windows\SYSTEM32\USERENV.dll
0x00007ffcd33f0000 - 0x00007ffcd33fc000 	C:\Windows\SYSTEM32\CRYPTBASE.dll
0x00007ffcd2ee0000 - 0x00007ffcd2f1b000 	C:\Windows\SYSTEM32\IPHLPAPI.DLL
0x00007ffcd4d90000 - 0x00007ffcd4d98000 	C:\Windows\System32\NSI.dll
0x00007ffcbc570000 - 0x00007ffcbc587000 	C:\Windows\SYSTEM32\dhcpcsvc6.DLL
0x00007ffcc57b0000 - 0x00007ffcc57cd000 	C:\Windows\SYSTEM32\dhcpcsvc.DLL
0x00007ffcd2f20000 - 0x00007ffcd2fea000 	C:\Windows\SYSTEM32\DNSAPI.dll

dbghelp: loaded successfully - version: 4.0.5 - missing functions: none
symbol engine: initialized successfully - sym options: 0x614 - pdb path: .;C:\Program Files\Eclipse Adoptium\jdk-11.0.27.6-hotspot\bin;C:\Windows\SYSTEM32;C:\Windows\WinSxS\amd64_microsoft.windows.common-controls_6595b64144ccf1df_6.0.19041.6456_none_60b8a6cb71f64256;C:\Program Files (x86)\360\Total Security\safemon;C:\Program Files\Eclipse Adoptium\jdk-11.0.27.6-hotspot\bin\server;C:\Users\user\.gradle\native\68d5fa5c4cc2d200863cafc0d521ce42e7d3e7ee720ec0a83991735586a16f82\windows-amd64;C:\Users\user\.gradle\native\e376f236ea51e6404a007f0833ffe2c6e607c4080706a723a18a27aeea778392\windows-amd64

VM Arguments:
jvm_args: --add-opens=java.base/java.util=ALL-UNNAMED --add-opens=java.base/java.lang=ALL-UNNAMED --add-opens=java.base/java.lang.invoke=ALL-UNNAMED --add-opens=java.prefs/java.util.prefs=ALL-UNNAMED --add-opens=java.base/java.nio.charset=ALL-UNNAMED --add-opens=java.base/java.net=ALL-UNNAMED --add-opens=java.base/java.util.concurrent.atomic=ALL-UNNAMED -XX:MaxMetaspaceSize=256m -XX:+HeapDumpOnOutOfMemoryError -Xms256m -Xmx512m -Dfile.encoding=UTF-8 -Duser.country=RU -Duser.language=ru -Duser.variant 
java_command: org.gradle.launcher.daemon.bootstrap.GradleDaemon 7.6
java_class_path (initial): C:\Users\user\.gradle\wrapper\dists\gradle-7.6-bin\9l9tetv7ltxvx3i8an4pb86ye\gradle-7.6\lib\gradle-launcher-7.6.jar
Launcher Type: SUN_STANDARD

[Global flags]
     intx CICompilerCount                          = 3                                         {product} {ergonomic}
   size_t CompressedClassSpaceSize                 = 260046848                                 {product} {ergonomic}
     uint ConcGCThreads                            = 1                                         {product} {ergonomic}
     uint G1ConcRefinementThreads                  = 4                                         {product} {ergonomic}
   size_t G1HeapRegionSize                         = 1048576                                   {product} {ergonomic}
    uintx GCDrainStackTargetSize                   = 64                                        {product} {ergonomic}
     bool HeapDumpOnOutOfMemoryError               = true                                   {manageable} {command line}
   size_t InitialHeapSize                          = 268435456                                 {product} {command line}
   size_t MarkStackSize                            = 4194304                                   {product} {ergonomic}
   size_t MaxHeapSize                              = 536870912                                 {product} {command line}
   size_t MaxMetaspaceSize                         = 268435456                                 {product} {command line}
   size_t MaxNewSize                               = 321912832                                 {product} {ergonomic}
   size_t MinHeapDeltaBytes                        = 1048576                                   {product} {ergonomic}
    uintx NonNMethodCodeHeapSize                   = 5830732                                {pd product} {ergonomic}
    uintx NonProfiledCodeHeapSize                  = 122913754                              {pd product} {ergonomic}
    uintx ProfiledCodeHeapSize                     = 122913754                              {pd product} {ergonomic}
    uintx ReservedCodeCacheSize                    = 251658240                              {pd product} {ergonomic}
     bool SegmentedCodeCache                       = true                                      {product} {ergonomic}
     bool UseCompressedClassPointers               = true                                 {lp64_product} {ergonomic}
     bool UseCompressedOops                        = true                                 {lp64_product} {ergonomic}
     bool UseG1GC                                  = true                                      {product} {ergonomic}
     bool UseLargePagesIndividualAllocation        = false                                  {pd product} {ergonomic}

Logging:
Log output configuration:
 #0: stdout all=warning uptime,level,tags
 #1: stderr all=off uptime,level,tags

Environment Variables:
JAVA_HOME=C:\Program Files\Eclipse Adoptium\jdk-11.0.27.6-hotspot\bin
PATH=C:\Program Files\Eclipse Adoptium\jdk-11.0.27.6-hotspot\bin;C:\Windows\system32;C:\Windows;C:\Windows\System32\Wbem;C:\Windows\System32\WindowsPowerShell\v1.0\;C:\Windows\System32\OpenSSH\;C:\Program Files\Git\cmd;C:\Program Files\PowerShell\7\;C:\Users\user\AppData\Local\Microsoft\WindowsApps;C:\Users\user\AppData\Local\Programs\Microsoft VS Code\bin;%JAVA_HOME%\bin;C:\Users\user\AppData\Local\JetBrains\Toolbox\scripts;
USERNAME=user
OS=Windows_NT
PROCESSOR_IDENTIFIER=Intel64 Family 6 Model 126 Stepping 5, GenuineIntel
TMP=C:\Users\user\AppData\Local\Temp
TEMP=C:\Users\user\AppData\Local\Temp



---------------  S Y S T E M  ---------------

OS: Windows 10 , 64 bit Build 19041 (10.0.19041.5915)
OS uptime: 1 days 0:40 hours

CPU:total 4 (initial active 4) (2 cores per cpu, 2 threads per core) family 6 model 126 stepping 5 microcode 0xa0, cmov, cx8, fxsr, mmx, sse, sse2, sse3, ssse3, sse4.1, sse4.2, popcnt, avx, avx2, aes, clmul, erms, 3dnowpref, lzcnt, ht, tsc, tscinvbit, bmi1, bmi2, adx, evex, sha, fma

Memory: 4k page, system-wide physical 7973M (732M free)
TotalPageFile size 10021M (AvailPageFile size 4M)
current process WorkingSet (physical memory assigned to process): 244M, peak: 247M
current process commit charge ("private bytes"): 437M, peak: 438M

vm_info: OpenJDK 64-Bit Server VM (11.0.27+6) for windows-amd64 JRE (11.0.27+6), built on Apr 16 2025 02:24:08 by "" with MS VC++ 17.7 (VS2022)

END.
