#
# There is insufficient memory for the Java Runtime Environment to continue.
# Native memory allocation (malloc) failed to allocate 126896 bytes for Chunk::new
# Possible reasons:
#   The system is out of physical RAM or swap space
#   The process is running with CompressedOops enabled, and the Java Heap may be blocking the growth of the native heap
# Possible solutions:
#   Reduce memory load on the system
#   Increase physical memory or swap space
#   Check if swap backing store is full
#   Decrease Java heap size (-Xmx/-Xms)
#   Decrease number of Java threads
#   Decrease Java thread stack sizes (-Xss)
#   Set larger code cache with -XX:ReservedCodeCacheSize=
#   JVM is running with Unscaled Compressed Oops mode in which the Java heap is
#     placed in the first 4GB address space. The Java Heap base address is the
#     maximum limit for the native heap growth. Please use -XX:HeapBaseMinAddress
#     to set the Java Heap base and to place the Java Heap above 4GB virtual address.
# This output file may be truncated or incomplete.
#
#  Out of Memory Error (arena.cpp:197), pid=6304, tid=13392
#
# JRE version: OpenJDK Runtime Environment Temurin-11.0.27+6 (11.0.27+6) (build 11.0.27+6)
# Java VM: OpenJDK 64-Bit Server VM Temurin-11.0.27+6 (11.0.27+6, mixed mode, tiered, compressed oops, g1 gc, windows-amd64)
# No core dump will be written. Minidumps are not enabled by default on client versions of Windows
#

---------------  S U M M A R Y ------------

Command Line: --add-opens=java.base/java.util=ALL-UNNAMED --add-opens=java.base/java.lang=ALL-UNNAMED --add-opens=java.base/java.lang.invoke=ALL-UNNAMED --add-opens=java.prefs/java.util.prefs=ALL-UNNAMED --add-opens=java.base/java.nio.charset=ALL-UNNAMED --add-opens=java.base/java.net=ALL-UNNAMED --add-opens=java.base/java.util.concurrent.atomic=ALL-UNNAMED -XX:MaxMetaspaceSize=256m -XX:+HeapDumpOnOutOfMemoryError -Xms256m -Xmx512m -Dfile.encoding=UTF-8 -Duser.country=RU -Duser.language=ru -Duser.variant org.gradle.launcher.daemon.bootstrap.GradleDaemon 7.6

Host: Intel(R) Core(TM) i3-1005G1 CPU @ 1.20GHz, 4 cores, 7G,  Windows 10 , 64 bit Build 19041 (10.0.19041.5915)
Time: Thu Dec 25 19:35:47 2025 RTZ 2 (s 10 , 64 bit Build 19041 (10.0.19041.5915) elapsed time: 703.229453 seconds (0d 0h 11m 43s)

---------------  T H R E A D  ---------------

Current thread (0x0000023a55d13000):  JavaThread "C2 CompilerThread0" daemon [_thread_in_native, id=13392, stack(0x00000090ff700000,0x00000090ff800000)]


Current CompileTask:
C2: 703229 13173       4       java.io.ObjectOutputStream$BlockDataOutputStream::writeUTF (46 bytes)

Stack: [0x00000090ff700000,0x00000090ff800000]
Native frames: (J=compiled Java code, j=interpreted, Vv=VM code, C=native code)
V  [jvm.dll+0x6448da]
V  [jvm.dll+0x7d7119]
V  [jvm.dll+0x7d87f9]
V  [jvm.dll+0x7d8ef3]
V  [jvm.dll+0x269105]
V  [jvm.dll+0xc275c]
V  [jvm.dll+0xc2d6c]
V  [jvm.dll+0x2dafa2]
V  [jvm.dll+0x550118]
V  [jvm.dll+0x229ea7]
V  [jvm.dll+0x2236ac]
V  [jvm.dll+0x2201a8]
V  [jvm.dll+0x19e021]
V  [jvm.dll+0x2302b4]
V  [jvm.dll+0x22e6ac]
V  [jvm.dll+0x798371]
V  [jvm.dll+0x790ed4]
V  [jvm.dll+0x6436a5]
C  [ucrtbase.dll+0x21bb2]
C  [KERNEL32.DLL+0x17374]
C  [ntdll.dll+0x4cc91]


---------------  P R O C E S S  ---------------

Threads class SMR info:
_java_thread_list=0x0000023a59573ff0, length=95, elements={
0x0000023a3a3c0000, 0x0000023a5539f000, 0x0000023a553a8800, 0x0000023a55d0d000,
0x0000023a55d10000, 0x0000023a55d11000, 0x0000023a55d13000, 0x0000023a55d1b000,
0x0000023a55d25800, 0x0000023a55e81000, 0x0000023a56292800, 0x0000023a55f49000,
0x0000023a58ee4800, 0x0000023a58505800, 0x0000023a58500000, 0x0000023a58504000,
0x0000023a58506800, 0x0000023a58503000, 0x0000023a58842000, 0x0000023a5883d000,
0x0000023a58841000, 0x0000023a58843800, 0x0000023a5883e800, 0x0000023a58845000,
0x0000023a5884a000, 0x0000023a5d2fd800, 0x0000023a5d2fc800, 0x0000023a5d2fe000,
0x0000023a5d2ff000, 0x0000023a5d2fb800, 0x0000023a5d2ff800, 0x0000023a5d2fa000,
0x0000023a5d300800, 0x0000023a5d2fb000, 0x0000023a5d307000, 0x0000023a5d304800,
0x0000023a5d301800, 0x0000023a5d303000, 0x0000023a5d306800, 0x0000023a5d308000,
0x0000023a5d304000, 0x0000023a5d302000, 0x0000023a5d305800, 0x0000023a5d308800,
0x0000023a5883c000, 0x0000023a58843000, 0x0000023a5883f800, 0x0000023a58846000,
0x0000023a5884b000, 0x0000023a58849800, 0x0000023a58848800, 0x0000023a58847000,
0x0000023a58500800, 0x0000023a58501800, 0x0000023a58504800, 0x0000023a58502000,
0x0000023a576f0000, 0x0000023a576f1000, 0x0000023a576f4000, 0x0000023a576f6800,
0x0000023a576f5000, 0x0000023a576f7800, 0x0000023a576f2000, 0x0000023a576f3800,
0x0000023a576f6000, 0x0000023a576f8800, 0x0000023a576f2800, 0x0000023a576fc800,
0x0000023a576fb000, 0x0000023a576fd000, 0x0000023a576fe000, 0x0000023a576ff000,
0x0000023a576fa000, 0x0000023a576fb800, 0x0000023a576f9000, 0x0000023a5d383800,
0x0000023a5d380000, 0x0000023a5d384000, 0x0000023a5d37f800, 0x0000023a5d386000,
0x0000023a5d385000, 0x0000023a5d381000, 0x0000023a5d386800, 0x0000023a5d387800,
0x0000023a5d381800, 0x0000023a5d388800, 0x0000023a5d382800, 0x0000023a5d389000,
0x0000023a5d38c800, 0x0000023a5d38e000, 0x0000023a5d38a000, 0x0000023a5d38a800,
0x0000023a5d38b800, 0x0000023a5d38d000, 0x0000023a5984a800
}

Java Threads: ( => current thread )
  0x0000023a3a3c0000 JavaThread "main" [_thread_blocked, id=4684, stack(0x00000090feb00000,0x00000090fec00000)]
  0x0000023a5539f000 JavaThread "Reference Handler" daemon [_thread_blocked, id=1228, stack(0x00000090ff200000,0x00000090ff300000)]
  0x0000023a553a8800 JavaThread "Finalizer" daemon [_thread_blocked, id=13244, stack(0x00000090ff300000,0x00000090ff400000)]
  0x0000023a55d0d000 JavaThread "Signal Dispatcher" daemon [_thread_blocked, id=9580, stack(0x00000090ff400000,0x00000090ff500000)]
  0x0000023a55d10000 JavaThread "Attach Listener" daemon [_thread_blocked, id=7872, stack(0x00000090ff500000,0x00000090ff600000)]
  0x0000023a55d11000 JavaThread "Service Thread" daemon [_thread_blocked, id=2536, stack(0x00000090ff600000,0x00000090ff700000)]
=>0x0000023a55d13000 JavaThread "C2 CompilerThread0" daemon [_thread_in_native, id=13392, stack(0x00000090ff700000,0x00000090ff800000)]
  0x0000023a55d1b000 JavaThread "C1 CompilerThread0" daemon [_thread_blocked, id=3988, stack(0x00000090ff800000,0x00000090ff900000)]
  0x0000023a55d25800 JavaThread "Sweeper thread" daemon [_thread_blocked, id=15220, stack(0x00000090ff900000,0x00000090ffa00000)]
  0x0000023a55e81000 JavaThread "Common-Cleaner" daemon [_thread_blocked, id=13832, stack(0x00000090ffa00000,0x00000090ffb00000)]
  0x0000023a56292800 JavaThread "Daemon health stats" [_thread_blocked, id=5384, stack(0x0000009080000000,0x0000009080100000)]
  0x0000023a55f49000 JavaThread "Incoming local TCP Connector on port 51797" [_thread_in_native, id=10392, stack(0x0000009080100000,0x0000009080200000)]
  0x0000023a58ee4800 JavaThread "Daemon periodic checks" [_thread_blocked, id=14024, stack(0x0000009080200000,0x0000009080300000)]
  0x0000023a58505800 JavaThread "Cache worker for journal cache (C:\Users\user\.gradle\caches\journal-1)" [_thread_blocked, id=14432, stack(0x0000009080a00000,0x0000009080b00000)]
  0x0000023a58500000 JavaThread "File lock request listener" [_thread_in_native, id=13964, stack(0x0000009080b00000,0x0000009080c00000)]
  0x0000023a58504000 JavaThread "Cache worker for file hash cache (C:\Users\user\.gradle\caches\7.6\fileHashes)" [_thread_blocked, id=4268, stack(0x0000009080c00000,0x0000009080d00000)]
  0x0000023a58506800 JavaThread "File watcher server" daemon [_thread_in_native, id=11760, stack(0x0000009080e00000,0x0000009080f00000)]
  0x0000023a58503000 JavaThread "File watcher consumer" daemon [_thread_blocked, id=9692, stack(0x0000009080f00000,0x0000009081000000)]
  0x0000023a58842000 JavaThread "Cache worker for file content cache (C:\Users\user\.gradle\caches\7.6\fileContent)" [_thread_blocked, id=2600, stack(0x0000009081200000,0x0000009081300000)]
  0x0000023a5883d000 JavaThread "Cache worker for execution history cache (C:\Users\user\.gradle\caches\7.6\executionHistory)" [_thread_blocked, id=12884, stack(0x0000009081500000,0x0000009081600000)]
  0x0000023a58841000 JavaThread "jar transforms" [_thread_blocked, id=3528, stack(0x0000009081600000,0x0000009081700000)]
  0x0000023a58843800 JavaThread "jar transforms Thread 2" [_thread_blocked, id=13036, stack(0x0000009081700000,0x0000009081800000)]
  0x0000023a5883e800 JavaThread "jar transforms Thread 3" [_thread_blocked, id=12084, stack(0x0000009081800000,0x0000009081900000)]
  0x0000023a58845000 JavaThread "jar transforms Thread 4" [_thread_blocked, id=7428, stack(0x0000009081900000,0x0000009081a00000)]
  0x0000023a5884a000 JavaThread "Memory manager" [_thread_blocked, id=13056, stack(0x0000009081c00000,0x0000009081d00000)]
  0x0000023a5d2fd800 JavaThread "Cache worker for Java compile cache (C:\Users\user\.gradle\caches\7.6\javaCompile)" [_thread_blocked, id=15256, stack(0x0000009082200000,0x0000009082300000)]
  0x0000023a5d2fc800 JavaThread "Daemon Thread 4" [_thread_blocked, id=15040, stack(0x0000009080300000,0x0000009080400000)]
  0x0000023a5d2fe000 JavaThread "Handler for socket connection from /127.0.0.1:51797 to /127.0.0.1:52162" [_thread_in_native, id=9068, stack(0x0000009080400000,0x0000009080500000)]
  0x0000023a5d2ff000 JavaThread "Cancel handler" [_thread_blocked, id=12532, stack(0x0000009080500000,0x0000009080600000)]
  0x0000023a5d2fb800 JavaThread "Daemon worker Thread 4" [_thread_blocked, id=5796, stack(0x0000009080600000,0x0000009080700000)]
  0x0000023a5d2ff800 JavaThread "Asynchronous log dispatcher for DefaultDaemonConnection: socket connection from /127.0.0.1:51797 to /127.0.0.1:52162" [_thread_blocked, id=10752, stack(0x0000009080700000,0x0000009080800000)]
  0x0000023a5d2fa000 JavaThread "Stdin handler" [_thread_blocked, id=10720, stack(0x0000009080800000,0x0000009080900000)]
  0x0000023a5d300800 JavaThread "Daemon client event forwarder" [_thread_blocked, id=12160, stack(0x0000009080900000,0x0000009080a00000)]
  0x0000023a5d2fb000 JavaThread "Cache worker for checksums cache (C:\Users\user\IdeaProjects\AppCardDelivery\.gradle\7.6\checksums)" [_thread_blocked, id=6860, stack(0x0000009080d00000,0x0000009080e00000)]
  0x0000023a5d307000 JavaThread "Cache worker for cache directory md-rule (C:\Users\user\.gradle\caches\7.6\md-rule)" [_thread_blocked, id=9608, stack(0x0000009081000000,0x0000009081100000)]
  0x0000023a5d304800 JavaThread "Cache worker for file hash cache (C:\Users\user\IdeaProjects\AppCardDelivery\.gradle\7.6\fileHashes)" [_thread_blocked, id=10976, stack(0x0000009081100000,0x0000009081200000)]
  0x0000023a5d301800 JavaThread "Cache worker for cache directory md-supplier (C:\Users\user\.gradle\caches\7.6\md-supplier)" [_thread_blocked, id=15088, stack(0x0000009081300000,0x0000009081400000)]
  0x0000023a5d303000 JavaThread "Cache worker for dependencies-accessors (C:\Users\user\IdeaProjects\AppCardDelivery\.gradle\7.6\dependencies-accessors)" [_thread_blocked, id=4628, stack(0x0000009081400000,0x0000009081500000)]
  0x0000023a5d306800 JavaThread "Cache worker for Build Output Cleanup Cache (C:\Users\user\IdeaProjects\AppCardDelivery\.gradle\buildOutputCleanup)" [_thread_blocked, id=12024, stack(0x0000009081a00000,0x0000009081b00000)]
  0x0000023a5d308000 JavaThread "included builds" [_thread_blocked, id=14416, stack(0x0000009081b00000,0x0000009081c00000)]
  0x0000023a5d304000 JavaThread "Execution worker" [_thread_blocked, id=2164, stack(0x0000009081d00000,0x0000009081e00000)]
  0x0000023a5d302000 JavaThread "Execution worker Thread 2" [_thread_blocked, id=12748, stack(0x0000009081e00000,0x0000009081f00000)]
  0x0000023a5d305800 JavaThread "Execution worker Thread 3" [_thread_blocked, id=14084, stack(0x0000009081f00000,0x0000009082000000)]
  0x0000023a5d308800 JavaThread "Cache worker for execution history cache (C:\Users\user\IdeaProjects\AppCardDelivery\.gradle\7.6\executionHistory)" [_thread_blocked, id=13812, stack(0x0000009082000000,0x0000009082100000)]
  0x0000023a5883c000 JavaThread "Unconstrained build operations" [_thread_blocked, id=12516, stack(0x0000009082300000,0x0000009082400000)]
  0x0000023a58843000 JavaThread "Unconstrained build operations Thread 2" [_thread_blocked, id=9388, stack(0x0000009082400000,0x0000009082500000)]
  0x0000023a5883f800 JavaThread "Unconstrained build operations Thread 3" [_thread_blocked, id=12520, stack(0x0000009082500000,0x0000009082600000)]
  0x0000023a58846000 JavaThread "Unconstrained build operations Thread 4" [_thread_blocked, id=4076, stack(0x0000009082600000,0x0000009082700000)]
  0x0000023a5884b000 JavaThread "Unconstrained build operations Thread 5" [_thread_blocked, id=516, stack(0x0000009082700000,0x0000009082800000)]
  0x0000023a58849800 JavaThread "Unconstrained build operations Thread 6" [_thread_blocked, id=13732, stack(0x0000009082800000,0x0000009082900000)]
  0x0000023a58848800 JavaThread "Unconstrained build operations Thread 7" [_thread_blocked, id=14132, stack(0x0000009082900000,0x0000009082a00000)]
  0x0000023a58847000 JavaThread "Unconstrained build operations Thread 8" [_thread_blocked, id=14048, stack(0x0000009082a00000,0x0000009082b00000)]
  0x0000023a58500800 JavaThread "Unconstrained build operations Thread 9" [_thread_blocked, id=3256, stack(0x0000009082b00000,0x0000009082c00000)]
  0x0000023a58501800 JavaThread "Unconstrained build operations Thread 10" [_thread_blocked, id=15032, stack(0x0000009082c00000,0x0000009082d00000)]
  0x0000023a58504800 JavaThread "Unconstrained build operations Thread 11" [_thread_blocked, id=14308, stack(0x0000009082d00000,0x0000009082e00000)]
  0x0000023a58502000 JavaThread "Unconstrained build operations Thread 12" [_thread_blocked, id=11960, stack(0x0000009082e00000,0x0000009082f00000)]
  0x0000023a576f0000 JavaThread "Unconstrained build operations Thread 13" [_thread_blocked, id=14304, stack(0x0000009082f00000,0x0000009083000000)]
  0x0000023a576f1000 JavaThread "Unconstrained build operations Thread 14" [_thread_blocked, id=3960, stack(0x0000009083000000,0x0000009083100000)]
  0x0000023a576f4000 JavaThread "Unconstrained build operations Thread 15" [_thread_blocked, id=10540, stack(0x0000009083100000,0x0000009083200000)]
  0x0000023a576f6800 JavaThread "Unconstrained build operations Thread 16" [_thread_blocked, id=11448, stack(0x0000009083200000,0x0000009083300000)]
  0x0000023a576f5000 JavaThread "Unconstrained build operations Thread 17" [_thread_blocked, id=12200, stack(0x0000009083300000,0x0000009083400000)]
  0x0000023a576f7800 JavaThread "Unconstrained build operations Thread 18" [_thread_blocked, id=9528, stack(0x0000009083400000,0x0000009083500000)]
  0x0000023a576f2000 JavaThread "Unconstrained build operations Thread 19" [_thread_blocked, id=6892, stack(0x0000009083500000,0x0000009083600000)]
  0x0000023a576f3800 JavaThread "Unconstrained build operations Thread 20" [_thread_blocked, id=13580, stack(0x0000009083600000,0x0000009083700000)]
  0x0000023a576f6000 JavaThread "Unconstrained build operations Thread 21" [_thread_blocked, id=3552, stack(0x0000009083700000,0x0000009083800000)]
  0x0000023a576f8800 JavaThread "Unconstrained build operations Thread 22" [_thread_blocked, id=372, stack(0x0000009083800000,0x0000009083900000)]
  0x0000023a576f2800 JavaThread "Unconstrained build operations Thread 23" [_thread_blocked, id=6512, stack(0x0000009083900000,0x0000009083a00000)]
  0x0000023a576fc800 JavaThread "Unconstrained build operations Thread 24" [_thread_blocked, id=10396, stack(0x0000009083a00000,0x0000009083b00000)]
  0x0000023a576fb000 JavaThread "Unconstrained build operations Thread 25" [_thread_blocked, id=13984, stack(0x0000009083b00000,0x0000009083c00000)]
  0x0000023a576fd000 JavaThread "Unconstrained build operations Thread 26" [_thread_blocked, id=7132, stack(0x0000009083c00000,0x0000009083d00000)]
  0x0000023a576fe000 JavaThread "Unconstrained build operations Thread 27" [_thread_blocked, id=7724, stack(0x0000009083d00000,0x0000009083e00000)]
  0x0000023a576ff000 JavaThread "Unconstrained build operations Thread 28" [_thread_blocked, id=6504, stack(0x0000009083e00000,0x0000009083f00000)]
  0x0000023a576fa000 JavaThread "Unconstrained build operations Thread 29" [_thread_blocked, id=9612, stack(0x0000009083f00000,0x0000009084000000)]
  0x0000023a576fb800 JavaThread "Unconstrained build operations Thread 30" [_thread_blocked, id=15028, stack(0x0000009084000000,0x0000009084100000)]
  0x0000023a576f9000 JavaThread "Unconstrained build operations Thread 31" [_thread_blocked, id=8076, stack(0x0000009084100000,0x0000009084200000)]
  0x0000023a5d383800 JavaThread "Unconstrained build operations Thread 32" [_thread_blocked, id=888, stack(0x0000009084200000,0x0000009084300000)]
  0x0000023a5d380000 JavaThread "Unconstrained build operations Thread 33" [_thread_blocked, id=1664, stack(0x0000009084300000,0x0000009084400000)]
  0x0000023a5d384000 JavaThread "Unconstrained build operations Thread 34" [_thread_blocked, id=2456, stack(0x0000009084400000,0x0000009084500000)]
  0x0000023a5d37f800 JavaThread "Unconstrained build operations Thread 35" [_thread_blocked, id=6640, stack(0x0000009084500000,0x0000009084600000)]
  0x0000023a5d386000 JavaThread "Unconstrained build operations Thread 36" [_thread_blocked, id=8480, stack(0x0000009084600000,0x0000009084700000)]
  0x0000023a5d385000 JavaThread "Unconstrained build operations Thread 37" [_thread_blocked, id=8628, stack(0x0000009084700000,0x0000009084800000)]
  0x0000023a5d381000 JavaThread "Unconstrained build operations Thread 38" [_thread_blocked, id=7944, stack(0x0000009084800000,0x0000009084900000)]
  0x0000023a5d386800 JavaThread "Unconstrained build operations Thread 39" [_thread_blocked, id=15300, stack(0x0000009084900000,0x0000009084a00000)]
  0x0000023a5d387800 JavaThread "Unconstrained build operations Thread 40" [_thread_blocked, id=7752, stack(0x0000009084a00000,0x0000009084b00000)]
  0x0000023a5d381800 JavaThread "Dispatch org.gradle.api.internal.tasks.testing.results.AttachParentTestResultProcessor@163417a9" [_thread_blocked, id=11636, stack(0x0000009084b00000,0x0000009084c00000)]
  0x0000023a5d388800 JavaThread "Dispatch org.gradle.api.internal.tasks.testing.processors.RestartEveryNTestClassProcessor@1dd8a907" [_thread_blocked, id=12376, stack(0x0000009084c00000,0x0000009084d00000)]
  0x0000023a5d382800 JavaThread "Incoming local TCP Connector on port 52168" [_thread_blocked, id=7472, stack(0x0000009084d00000,0x0000009084e00000)]
  0x0000023a5d389000 JavaThread "Exec process Thread 13" [_thread_in_native, id=14832, stack(0x0000009084e00000,0x0000009084f00000)]
  0x0000023a5d38c800 JavaThread "Exec process Thread 14" [_thread_blocked, id=3512, stack(0x0000009085000000,0x0000009085100000)]
  0x0000023a5d38e000 JavaThread "Exec process Thread 15" [_thread_in_native, id=12336, stack(0x0000009085100000,0x0000009085200000)]
  0x0000023a5d38a000 JavaThread "Exec process Thread 16" [_thread_in_native, id=14352, stack(0x0000009085200000,0x0000009085300000)]
  0x0000023a5d38a800 JavaThread "/127.0.0.1:52168 to /127.0.0.1:52169 workers" [_thread_blocked, id=5404, stack(0x0000009082100000,0x0000009082200000)]
  0x0000023a5d38b800 JavaThread "/127.0.0.1:52168 to /127.0.0.1:52169 workers Thread 2" [_thread_blocked, id=9660, stack(0x0000009084f00000,0x0000009085000000)]
  0x0000023a5d38d000 JavaThread "/127.0.0.1:52168 to /127.0.0.1:52169 workers Thread 3" [_thread_blocked, id=14348, stack(0x0000009085300000,0x0000009085400000)]
  0x0000023a5984a800 JavaThread "/127.0.0.1:52168 to /127.0.0.1:52169 workers Thread 4" [_thread_in_native, id=3524, stack(0x0000009085400000,0x0000009085500000)]

Other Threads:
  0x0000023a55397800 VMThread "VM Thread" [stack: 0x00000090ff100000,0x00000090ff200000] [id=12944]
  0x0000023a55e98000 WatcherThread [stack: 0x00000090ffb00000,0x00000090ffc00000] [id=13908]
  0x0000023a3a3da800 GCTaskThread "GC Thread#0" [stack: 0x00000090fec00000,0x00000090fed00000] [id=14624]
  0x0000023a564d3800 GCTaskThread "GC Thread#1" [stack: 0x00000090ffd00000,0x00000090ffe00000] [id=496]
  0x0000023a56630000 GCTaskThread "GC Thread#2" [stack: 0x00000090ffe00000,0x00000090fff00000] [id=10980]
  0x0000023a5611d800 GCTaskThread "GC Thread#3" [stack: 0x00000090fff00000,0x0000009100000000] [id=1584]
  0x0000023a3a3ec800 ConcurrentGCThread "G1 Main Marker" [stack: 0x00000090fed00000,0x00000090fee00000] [id=10728]
  0x0000023a3a3ef000 ConcurrentGCThread "G1 Conc#0" [stack: 0x00000090fee00000,0x00000090fef00000] [id=12816]
  0x0000023a55210800 ConcurrentGCThread "G1 Refine#0" [stack: 0x00000090fef00000,0x00000090ff000000] [id=12828]
  0x0000023a55211000 ConcurrentGCThread "G1 Young RemSet Sampling" [stack: 0x00000090ff000000,0x00000090ff100000] [id=5864]

Threads with active compile tasks:
C2 CompilerThread0   703278 13173       4       java.io.ObjectOutputStream$BlockDataOutputStream::writeUTF (46 bytes)

VM state:not at safepoint (normal execution)

VM Mutex/Monitor currently owned by a thread: None

Heap address: 0x00000000e0000000, size: 512 MB, Compressed Oops mode: 32-bit
Narrow klass base: 0x0000000000000000, Narrow klass shift: 3
Compressed class space size: 260046848 Address: 0x0000000100000000

Heap:
 garbage-first heap   total 262144K, used 125440K [0x00000000e0000000, 0x0000000100000000)
  region size 1024K, 57 young (58368K), 5 survivors (5120K)
 Metaspace       used 81678K, capacity 85046K, committed 85116K, reserved 327680K
  class space    used 10462K, capacity 11704K, committed 11724K, reserved 253952K
Heap Regions: E=young(eden), S=young(survivor), O=old, HS=humongous(starts), HC=humongous(continues), CS=collection set, F=free, A=archive, TAMS=top-at-mark-start (previous, next)
|   0|0x00000000e0000000, 0x00000000e0100000, 0x00000000e0100000|100%|HS|  |TAMS 0x00000000e0100000, 0x00000000e0000000| Complete 
|   1|0x00000000e0100000, 0x00000000e0200000, 0x00000000e0200000|100%|HC|  |TAMS 0x00000000e0200000, 0x00000000e0100000| Complete 
|   2|0x00000000e0200000, 0x00000000e0300000, 0x00000000e0300000|100%|HC|  |TAMS 0x00000000e0300000, 0x00000000e0200000| Complete 
|   3|0x00000000e0300000, 0x00000000e0400000, 0x00000000e0400000|100%| O|  |TAMS 0x00000000e0400000, 0x00000000e0300000| Untracked 
|   4|0x00000000e0400000, 0x00000000e0500000, 0x00000000e0500000|100%| O|  |TAMS 0x00000000e0500000, 0x00000000e0400000| Untracked 
|   5|0x00000000e0500000, 0x00000000e0600000, 0x00000000e0600000|100%| O|  |TAMS 0x00000000e0600000, 0x00000000e0500000| Untracked 
|   6|0x00000000e0600000, 0x00000000e0700000, 0x00000000e0700000|100%| O|  |TAMS 0x00000000e0700000, 0x00000000e0600000| Untracked 
|   7|0x00000000e0700000, 0x00000000e0800000, 0x00000000e0800000|100%| O|  |TAMS 0x00000000e0800000, 0x00000000e0700000| Untracked 
|   8|0x00000000e0800000, 0x00000000e0900000, 0x00000000e0900000|100%| O|  |TAMS 0x00000000e0900000, 0x00000000e0800000| Untracked 
|   9|0x00000000e0900000, 0x00000000e0a00000, 0x00000000e0a00000|100%| O|  |TAMS 0x00000000e0a00000, 0x00000000e0900000| Untracked 
|  10|0x00000000e0a00000, 0x00000000e0b00000, 0x00000000e0b00000|100%| O|  |TAMS 0x00000000e0b00000, 0x00000000e0a00000| Untracked 
|  11|0x00000000e0b00000, 0x00000000e0c00000, 0x00000000e0c00000|100%| O|  |TAMS 0x00000000e0c00000, 0x00000000e0b00000| Untracked 
|  12|0x00000000e0c00000, 0x00000000e0d00000, 0x00000000e0d00000|100%| O|  |TAMS 0x00000000e0d00000, 0x00000000e0c00000| Untracked 
|  13|0x00000000e0d00000, 0x00000000e0e00000, 0x00000000e0e00000|100%| O|  |TAMS 0x00000000e0e00000, 0x00000000e0d00000| Untracked 
|  14|0x00000000e0e00000, 0x00000000e0f00000, 0x00000000e0f00000|100%| O|  |TAMS 0x00000000e0f00000, 0x00000000e0e00000| Untracked 
|  15|0x00000000e0f00000, 0x00000000e1000000, 0x00000000e1000000|100%| O|  |TAMS 0x00000000e1000000, 0x00000000e0f00000| Untracked 
|  16|0x00000000e1000000, 0x00000000e1100000, 0x00000000e1100000|100%| O|  |TAMS 0x00000000e1100000, 0x00000000e1000000| Untracked 
|  17|0x00000000e1100000, 0x00000000e1200000, 0x00000000e1200000|100%| O|  |TAMS 0x00000000e1200000, 0x00000000e1100000| Untracked 
|  18|0x00000000e1200000, 0x00000000e1300000, 0x00000000e1300000|100%| O|  |TAMS 0x00000000e1300000, 0x00000000e1200000| Untracked 
|  19|0x00000000e1300000, 0x00000000e1400000, 0x00000000e1400000|100%| O|  |TAMS 0x00000000e1400000, 0x00000000e1300000| Untracked 
|  20|0x00000000e1400000, 0x00000000e1500000, 0x00000000e1500000|100%|HS|  |TAMS 0x00000000e1500000, 0x00000000e1400000| Complete 
|  21|0x00000000e1500000, 0x00000000e1600000, 0x00000000e1600000|100%|HC|  |TAMS 0x00000000e1600000, 0x00000000e1500000| Complete 
|  22|0x00000000e1600000, 0x00000000e1700000, 0x00000000e1700000|100%| O|  |TAMS 0x00000000e1700000, 0x00000000e1600000| Untracked 
|  23|0x00000000e1700000, 0x00000000e1800000, 0x00000000e1800000|100%| O|  |TAMS 0x00000000e1800000, 0x00000000e1700000| Untracked 
|  24|0x00000000e1800000, 0x00000000e1900000, 0x00000000e1900000|100%| O|  |TAMS 0x00000000e1900000, 0x00000000e1800000| Untracked 
|  25|0x00000000e1900000, 0x00000000e1a00000, 0x00000000e1a00000|100%| O|  |TAMS 0x00000000e1a00000, 0x00000000e1900000| Untracked 
|  26|0x00000000e1a00000, 0x00000000e1b00000, 0x00000000e1b00000|100%| O|  |TAMS 0x00000000e1b00000, 0x00000000e1a00000| Untracked 
|  27|0x00000000e1b00000, 0x00000000e1c00000, 0x00000000e1c00000|100%| O|  |TAMS 0x00000000e1c00000, 0x00000000e1b00000| Untracked 
|  28|0x00000000e1c00000, 0x00000000e1d00000, 0x00000000e1d00000|100%| O|  |TAMS 0x00000000e1d00000, 0x00000000e1c00000| Untracked 
|  29|0x00000000e1d00000, 0x00000000e1e00000, 0x00000000e1e00000|100%| O|  |TAMS 0x00000000e1e00000, 0x00000000e1d00000| Untracked 
|  30|0x00000000e1e00000, 0x00000000e1f00000, 0x00000000e1f00000|100%| O|  |TAMS 0x00000000e1f00000, 0x00000000e1e00000| Untracked 
|  31|0x00000000e1f00000, 0x00000000e2000000, 0x00000000e2000000|100%| O|  |TAMS 0x00000000e2000000, 0x00000000e1f00000| Untracked 
|  32|0x00000000e2000000, 0x00000000e2100000, 0x00000000e2100000|100%| O|  |TAMS 0x00000000e2100000, 0x00000000e2000000| Untracked 
|  33|0x00000000e2100000, 0x00000000e2200000, 0x00000000e2200000|100%| O|  |TAMS 0x00000000e2200000, 0x00000000e2100000| Untracked 
|  34|0x00000000e2200000, 0x00000000e2300000, 0x00000000e2300000|100%| O|  |TAMS 0x00000000e2300000, 0x00000000e2200000| Untracked 
|  35|0x00000000e2300000, 0x00000000e2400000, 0x00000000e2400000|100%| O|  |TAMS 0x00000000e2400000, 0x00000000e2300000| Untracked 
|  36|0x00000000e2400000, 0x00000000e2500000, 0x00000000e2500000|100%| O|  |TAMS 0x00000000e2486a00, 0x00000000e2400000| Untracked 
|  37|0x00000000e2500000, 0x00000000e2600000, 0x00000000e2600000|100%| O|  |TAMS 0x00000000e2500000, 0x00000000e2500000| Untracked 
|  38|0x00000000e2600000, 0x00000000e2700000, 0x00000000e2700000|100%| O|  |TAMS 0x00000000e2600000, 0x00000000e2600000| Untracked 
|  39|0x00000000e2700000, 0x00000000e2800000, 0x00000000e2800000|100%| O|  |TAMS 0x00000000e2700000, 0x00000000e2700000| Untracked 
|  40|0x00000000e2800000, 0x00000000e2900000, 0x00000000e2900000|100%| O|  |TAMS 0x00000000e2800000, 0x00000000e2800000| Untracked 
|  41|0x00000000e2900000, 0x00000000e2a00000, 0x00000000e2a00000|100%| O|  |TAMS 0x00000000e2900000, 0x00000000e2900000| Untracked 
|  42|0x00000000e2a00000, 0x00000000e2b00000, 0x00000000e2b00000|100%| O|  |TAMS 0x00000000e2a00000, 0x00000000e2a00000| Untracked 
|  43|0x00000000e2b00000, 0x00000000e2c00000, 0x00000000e2c00000|100%| O|  |TAMS 0x00000000e2b00000, 0x00000000e2b00000| Untracked 
|  44|0x00000000e2c00000, 0x00000000e2d00000, 0x00000000e2d00000|100%| O|  |TAMS 0x00000000e2c00000, 0x00000000e2c00000| Untracked 
|  45|0x00000000e2d00000, 0x00000000e2e00000, 0x00000000e2e00000|100%| O|  |TAMS 0x00000000e2d00000, 0x00000000e2d00000| Untracked 
|  46|0x00000000e2e00000, 0x00000000e2f00000, 0x00000000e2f00000|100%| O|  |TAMS 0x00000000e2e00000, 0x00000000e2e00000| Untracked 
|  47|0x00000000e2f00000, 0x00000000e3000000, 0x00000000e3000000|100%| O|  |TAMS 0x00000000e2f00000, 0x00000000e2f00000| Untracked 
|  48|0x00000000e3000000, 0x00000000e3100000, 0x00000000e3100000|100%| O|  |TAMS 0x00000000e3000000, 0x00000000e3000000| Untracked 
|  49|0x00000000e3100000, 0x00000000e3200000, 0x00000000e3200000|100%| O|  |TAMS 0x00000000e3100000, 0x00000000e3100000| Untracked 
|  50|0x00000000e3200000, 0x00000000e3300000, 0x00000000e3300000|100%| O|  |TAMS 0x00000000e3200000, 0x00000000e3200000| Untracked 
|  51|0x00000000e3300000, 0x00000000e3400000, 0x00000000e3400000|100%| O|  |TAMS 0x00000000e3300000, 0x00000000e3300000| Untracked 
|  52|0x00000000e3400000, 0x00000000e3500000, 0x00000000e3500000|100%| O|  |TAMS 0x00000000e3400000, 0x00000000e3400000| Untracked 
|  53|0x00000000e3500000, 0x00000000e3600000, 0x00000000e3600000|100%| O|  |TAMS 0x00000000e3500000, 0x00000000e3500000| Untracked 
|  54|0x00000000e3600000, 0x00000000e3700000, 0x00000000e3700000|100%| O|  |TAMS 0x00000000e3600000, 0x00000000e3600000| Untracked 
|  55|0x00000000e3700000, 0x00000000e3800000, 0x00000000e3800000|100%| O|  |TAMS 0x00000000e3700000, 0x00000000e3700000| Untracked 
|  56|0x00000000e3800000, 0x00000000e3900000, 0x00000000e3900000|100%| O|  |TAMS 0x00000000e3800000, 0x00000000e3800000| Untracked 
|  57|0x00000000e3900000, 0x00000000e3a00000, 0x00000000e3a00000|100%| O|  |TAMS 0x00000000e3900000, 0x00000000e3900000| Untracked 
|  58|0x00000000e3a00000, 0x00000000e3b00000, 0x00000000e3b00000|100%| O|  |TAMS 0x00000000e3a00000, 0x00000000e3a00000| Untracked 
|  59|0x00000000e3b00000, 0x00000000e3c00000, 0x00000000e3c00000|100%| O|  |TAMS 0x00000000e3b00000, 0x00000000e3b00000| Untracked 
|  60|0x00000000e3c00000, 0x00000000e3d00000, 0x00000000e3d00000|100%| O|  |TAMS 0x00000000e3c00000, 0x00000000e3c00000| Untracked 
|  61|0x00000000e3d00000, 0x00000000e3e00000, 0x00000000e3e00000|100%| O|  |TAMS 0x00000000e3d00000, 0x00000000e3d00000| Untracked 
|  62|0x00000000e3e00000, 0x00000000e3f00000, 0x00000000e3f00000|100%| O|  |TAMS 0x00000000e3e00000, 0x00000000e3e00000| Untracked 
|  63|0x00000000e3f00000, 0x00000000e4000000, 0x00000000e4000000|100%| O|  |TAMS 0x00000000e3f00000, 0x00000000e3f00000| Untracked 
|  64|0x00000000e4000000, 0x00000000e4100000, 0x00000000e4100000|100%| O|  |TAMS 0x00000000e4000000, 0x00000000e4000000| Untracked 
|  65|0x00000000e4100000, 0x00000000e4200000, 0x00000000e4200000|100%| O|  |TAMS 0x00000000e4100000, 0x00000000e4100000| Untracked 
|  66|0x00000000e4200000, 0x00000000e4300000, 0x00000000e4300000|100%| O|  |TAMS 0x00000000e4200000, 0x00000000e4200000| Untracked 
|  67|0x00000000e4300000, 0x00000000e4400000, 0x00000000e4400000|100%| O|  |TAMS 0x00000000e4300000, 0x00000000e4300000| Untracked 
|  68|0x00000000e4400000, 0x00000000e4400000, 0x00000000e4500000|  0%| F|  |TAMS 0x00000000e4400000, 0x00000000e4400000| Untracked 
|  69|0x00000000e4500000, 0x00000000e4500000, 0x00000000e4600000|  0%| F|  |TAMS 0x00000000e4500000, 0x00000000e4500000| Untracked 
|  70|0x00000000e4600000, 0x00000000e4600000, 0x00000000e4700000|  0%| F|  |TAMS 0x00000000e4600000, 0x00000000e4600000| Untracked 
|  71|0x00000000e4700000, 0x00000000e4700000, 0x00000000e4800000|  0%| F|  |TAMS 0x00000000e4700000, 0x00000000e4700000| Untracked 
|  72|0x00000000e4800000, 0x00000000e4800000, 0x00000000e4900000|  0%| F|  |TAMS 0x00000000e4800000, 0x00000000e4800000| Untracked 
|  73|0x00000000e4900000, 0x00000000e4900000, 0x00000000e4a00000|  0%| F|  |TAMS 0x00000000e4900000, 0x00000000e4900000| Untracked 
|  74|0x00000000e4a00000, 0x00000000e4a00000, 0x00000000e4b00000|  0%| F|  |TAMS 0x00000000e4a00000, 0x00000000e4a00000| Untracked 
|  75|0x00000000e4b00000, 0x00000000e4b00000, 0x00000000e4c00000|  0%| F|  |TAMS 0x00000000e4b00000, 0x00000000e4b00000| Untracked 
|  76|0x00000000e4c00000, 0x00000000e4c00000, 0x00000000e4d00000|  0%| F|  |TAMS 0x00000000e4c00000, 0x00000000e4c00000| Untracked 
|  77|0x00000000e4d00000, 0x00000000e4d00000, 0x00000000e4e00000|  0%| F|  |TAMS 0x00000000e4d00000, 0x00000000e4d00000| Untracked 
|  78|0x00000000e4e00000, 0x00000000e4e00000, 0x00000000e4f00000|  0%| F|  |TAMS 0x00000000e4e00000, 0x00000000e4e00000| Untracked 
|  79|0x00000000e4f00000, 0x00000000e4f00000, 0x00000000e5000000|  0%| F|  |TAMS 0x00000000e4f00000, 0x00000000e4f00000| Untracked 
|  80|0x00000000e5000000, 0x00000000e5000000, 0x00000000e5100000|  0%| F|  |TAMS 0x00000000e5000000, 0x00000000e5000000| Untracked 
|  81|0x00000000e5100000, 0x00000000e5100000, 0x00000000e5200000|  0%| F|  |TAMS 0x00000000e5100000, 0x00000000e5100000| Untracked 
|  82|0x00000000e5200000, 0x00000000e5200000, 0x00000000e5300000|  0%| F|  |TAMS 0x00000000e5200000, 0x00000000e5200000| Untracked 
|  83|0x00000000e5300000, 0x00000000e5300000, 0x00000000e5400000|  0%| F|  |TAMS 0x00000000e5300000, 0x00000000e5300000| Untracked 
|  84|0x00000000e5400000, 0x00000000e5400000, 0x00000000e5500000|  0%| F|  |TAMS 0x00000000e5400000, 0x00000000e5400000| Untracked 
|  85|0x00000000e5500000, 0x00000000e5500000, 0x00000000e5600000|  0%| F|  |TAMS 0x00000000e5500000, 0x00000000e5500000| Untracked 
|  86|0x00000000e5600000, 0x00000000e5600000, 0x00000000e5700000|  0%| F|  |TAMS 0x00000000e5600000, 0x00000000e5600000| Untracked 
|  87|0x00000000e5700000, 0x00000000e5700000, 0x00000000e5800000|  0%| F|  |TAMS 0x00000000e5700000, 0x00000000e5700000| Untracked 
|  88|0x00000000e5800000, 0x00000000e5800000, 0x00000000e5900000|  0%| F|  |TAMS 0x00000000e5800000, 0x00000000e5800000| Untracked 
|  89|0x00000000e5900000, 0x00000000e5900000, 0x00000000e5a00000|  0%| F|  |TAMS 0x00000000e5900000, 0x00000000e5900000| Untracked 
|  90|0x00000000e5a00000, 0x00000000e5a00000, 0x00000000e5b00000|  0%| F|  |TAMS 0x00000000e5a00000, 0x00000000e5a00000| Untracked 
|  91|0x00000000e5b00000, 0x00000000e5b00000, 0x00000000e5c00000|  0%| F|  |TAMS 0x00000000e5b00000, 0x00000000e5b00000| Untracked 
|  92|0x00000000e5c00000, 0x00000000e5c00000, 0x00000000e5d00000|  0%| F|  |TAMS 0x00000000e5c00000, 0x00000000e5c00000| Untracked 
|  93|0x00000000e5d00000, 0x00000000e5d00000, 0x00000000e5e00000|  0%| F|  |TAMS 0x00000000e5d00000, 0x00000000e5d00000| Untracked 
|  94|0x00000000e5e00000, 0x00000000e5e00000, 0x00000000e5f00000|  0%| F|  |TAMS 0x00000000e5e00000, 0x00000000e5e00000| Untracked 
|  95|0x00000000e5f00000, 0x00000000e5f00000, 0x00000000e6000000|  0%| F|  |TAMS 0x00000000e5f00000, 0x00000000e5f00000| Untracked 
|  96|0x00000000e6000000, 0x00000000e6000000, 0x00000000e6100000|  0%| F|  |TAMS 0x00000000e6000000, 0x00000000e6000000| Untracked 
|  97|0x00000000e6100000, 0x00000000e6100000, 0x00000000e6200000|  0%| F|  |TAMS 0x00000000e6100000, 0x00000000e6100000| Untracked 
|  98|0x00000000e6200000, 0x00000000e6200000, 0x00000000e6300000|  0%| F|  |TAMS 0x00000000e6200000, 0x00000000e6200000| Untracked 
|  99|0x00000000e6300000, 0x00000000e6300000, 0x00000000e6400000|  0%| F|  |TAMS 0x00000000e6300000, 0x00000000e6300000| Untracked 
| 100|0x00000000e6400000, 0x00000000e6400000, 0x00000000e6500000|  0%| F|  |TAMS 0x00000000e6400000, 0x00000000e6400000| Untracked 
| 101|0x00000000e6500000, 0x00000000e6500000, 0x00000000e6600000|  0%| F|  |TAMS 0x00000000e6500000, 0x00000000e6500000| Untracked 
| 102|0x00000000e6600000, 0x00000000e6600000, 0x00000000e6700000|  0%| F|  |TAMS 0x00000000e6600000, 0x00000000e6600000| Untracked 
| 103|0x00000000e6700000, 0x00000000e6700000, 0x00000000e6800000|  0%| F|  |TAMS 0x00000000e6700000, 0x00000000e6700000| Untracked 
| 104|0x00000000e6800000, 0x00000000e6800000, 0x00000000e6900000|  0%| F|  |TAMS 0x00000000e6800000, 0x00000000e6800000| Untracked 
| 105|0x00000000e6900000, 0x00000000e6900000, 0x00000000e6a00000|  0%| F|  |TAMS 0x00000000e6900000, 0x00000000e6900000| Untracked 
| 106|0x00000000e6a00000, 0x00000000e6a00000, 0x00000000e6b00000|  0%| F|  |TAMS 0x00000000e6a00000, 0x00000000e6a00000| Untracked 
| 107|0x00000000e6b00000, 0x00000000e6b00000, 0x00000000e6c00000|  0%| F|  |TAMS 0x00000000e6b00000, 0x00000000e6b00000| Untracked 
| 108|0x00000000e6c00000, 0x00000000e6c00000, 0x00000000e6d00000|  0%| F|  |TAMS 0x00000000e6c00000, 0x00000000e6c00000| Untracked 
| 109|0x00000000e6d00000, 0x00000000e6d00000, 0x00000000e6e00000|  0%| F|  |TAMS 0x00000000e6d00000, 0x00000000e6d00000| Untracked 
| 110|0x00000000e6e00000, 0x00000000e6e00000, 0x00000000e6f00000|  0%| F|  |TAMS 0x00000000e6e00000, 0x00000000e6e00000| Untracked 
| 111|0x00000000e6f00000, 0x00000000e6f00000, 0x00000000e7000000|  0%| F|  |TAMS 0x00000000e6f00000, 0x00000000e6f00000| Untracked 
| 112|0x00000000e7000000, 0x00000000e7000000, 0x00000000e7100000|  0%| F|  |TAMS 0x00000000e7000000, 0x00000000e7000000| Untracked 
| 113|0x00000000e7100000, 0x00000000e7100000, 0x00000000e7200000|  0%| F|  |TAMS 0x00000000e7100000, 0x00000000e7100000| Untracked 
| 114|0x00000000e7200000, 0x00000000e7200000, 0x00000000e7300000|  0%| F|  |TAMS 0x00000000e7200000, 0x00000000e7200000| Untracked 
| 115|0x00000000e7300000, 0x00000000e7300000, 0x00000000e7400000|  0%| F|  |TAMS 0x00000000e7300000, 0x00000000e7300000| Untracked 
| 116|0x00000000e7400000, 0x00000000e7400000, 0x00000000e7500000|  0%| F|  |TAMS 0x00000000e7400000, 0x00000000e7400000| Untracked 
| 117|0x00000000e7500000, 0x00000000e7500000, 0x00000000e7600000|  0%| F|  |TAMS 0x00000000e7500000, 0x00000000e7500000| Untracked 
| 118|0x00000000e7600000, 0x00000000e7600000, 0x00000000e7700000|  0%| F|  |TAMS 0x00000000e7600000, 0x00000000e7600000| Untracked 
| 119|0x00000000e7700000, 0x00000000e7700000, 0x00000000e7800000|  0%| F|  |TAMS 0x00000000e7700000, 0x00000000e7700000| Untracked 
| 120|0x00000000e7800000, 0x00000000e7800000, 0x00000000e7900000|  0%| F|  |TAMS 0x00000000e7800000, 0x00000000e7800000| Untracked 
| 121|0x00000000e7900000, 0x00000000e7900000, 0x00000000e7a00000|  0%| F|  |TAMS 0x00000000e7900000, 0x00000000e7900000| Untracked 
| 122|0x00000000e7a00000, 0x00000000e7a00000, 0x00000000e7b00000|  0%| F|  |TAMS 0x00000000e7a00000, 0x00000000e7a00000| Untracked 
| 123|0x00000000e7b00000, 0x00000000e7b00000, 0x00000000e7c00000|  0%| F|  |TAMS 0x00000000e7b00000, 0x00000000e7b00000| Untracked 
| 124|0x00000000e7c00000, 0x00000000e7c00000, 0x00000000e7d00000|  0%| F|  |TAMS 0x00000000e7c00000, 0x00000000e7c00000| Untracked 
| 125|0x00000000e7d00000, 0x00000000e7d00000, 0x00000000e7e00000|  0%| F|  |TAMS 0x00000000e7d00000, 0x00000000e7d00000| Untracked 
| 126|0x00000000e7e00000, 0x00000000e7e00000, 0x00000000e7f00000|  0%| F|  |TAMS 0x00000000e7e00000, 0x00000000e7e00000| Untracked 
| 127|0x00000000e7f00000, 0x00000000e7f00000, 0x00000000e8000000|  0%| F|  |TAMS 0x00000000e7f00000, 0x00000000e7f00000| Untracked 
| 128|0x00000000e8000000, 0x00000000e8000000, 0x00000000e8100000|  0%| F|  |TAMS 0x00000000e8000000, 0x00000000e8000000| Untracked 
| 129|0x00000000e8100000, 0x00000000e8100000, 0x00000000e8200000|  0%| F|  |TAMS 0x00000000e8100000, 0x00000000e8100000| Untracked 
| 130|0x00000000e8200000, 0x00000000e8200000, 0x00000000e8300000|  0%| F|  |TAMS 0x00000000e8200000, 0x00000000e8200000| Untracked 
| 131|0x00000000e8300000, 0x00000000e8300000, 0x00000000e8400000|  0%| F|  |TAMS 0x00000000e8300000, 0x00000000e8300000| Untracked 
| 132|0x00000000e8400000, 0x00000000e8400000, 0x00000000e8500000|  0%| F|  |TAMS 0x00000000e8400000, 0x00000000e8400000| Untracked 
| 133|0x00000000e8500000, 0x00000000e8500000, 0x00000000e8600000|  0%| F|  |TAMS 0x00000000e8500000, 0x00000000e8500000| Untracked 
| 134|0x00000000e8600000, 0x00000000e8600000, 0x00000000e8700000|  0%| F|  |TAMS 0x00000000e8600000, 0x00000000e8600000| Untracked 
| 135|0x00000000e8700000, 0x00000000e8700000, 0x00000000e8800000|  0%| F|  |TAMS 0x00000000e8700000, 0x00000000e8700000| Untracked 
| 136|0x00000000e8800000, 0x00000000e8800000, 0x00000000e8900000|  0%| F|  |TAMS 0x00000000e8800000, 0x00000000e8800000| Untracked 
| 137|0x00000000e8900000, 0x00000000e8900000, 0x00000000e8a00000|  0%| F|  |TAMS 0x00000000e8900000, 0x00000000e8900000| Untracked 
| 138|0x00000000e8a00000, 0x00000000e8a00000, 0x00000000e8b00000|  0%| F|  |TAMS 0x00000000e8a00000, 0x00000000e8a00000| Untracked 
| 139|0x00000000e8b00000, 0x00000000e8b00000, 0x00000000e8c00000|  0%| F|  |TAMS 0x00000000e8b00000, 0x00000000e8b00000| Untracked 
| 140|0x00000000e8c00000, 0x00000000e8c80000, 0x00000000e8d00000| 50%| S|CS|TAMS 0x00000000e8c00000, 0x00000000e8c00000| Complete 
| 141|0x00000000e8d00000, 0x00000000e8e00000, 0x00000000e8e00000|100%| S|CS|TAMS 0x00000000e8d00000, 0x00000000e8d00000| Complete 
| 142|0x00000000e8e00000, 0x00000000e8f00000, 0x00000000e8f00000|100%| S|CS|TAMS 0x00000000e8e00000, 0x00000000e8e00000| Complete 
| 143|0x00000000e8f00000, 0x00000000e9000000, 0x00000000e9000000|100%| S|CS|TAMS 0x00000000e8f00000, 0x00000000e8f00000| Complete 
| 144|0x00000000e9000000, 0x00000000e9100000, 0x00000000e9100000|100%| S|CS|TAMS 0x00000000e9000000, 0x00000000e9000000| Complete 
| 145|0x00000000e9100000, 0x00000000e9100000, 0x00000000e9200000|  0%| F|  |TAMS 0x00000000e9100000, 0x00000000e9100000| Untracked 
| 146|0x00000000e9200000, 0x00000000e9200000, 0x00000000e9300000|  0%| F|  |TAMS 0x00000000e9200000, 0x00000000e9200000| Untracked 
| 147|0x00000000e9300000, 0x00000000e9300000, 0x00000000e9400000|  0%| F|  |TAMS 0x00000000e9300000, 0x00000000e9300000| Untracked 
| 148|0x00000000e9400000, 0x00000000e9400000, 0x00000000e9500000|  0%| F|  |TAMS 0x00000000e9400000, 0x00000000e9400000| Untracked 
| 149|0x00000000e9500000, 0x00000000e9500000, 0x00000000e9600000|  0%| F|  |TAMS 0x00000000e9500000, 0x00000000e9500000| Untracked 
| 150|0x00000000e9600000, 0x00000000e9600000, 0x00000000e9700000|  0%| F|  |TAMS 0x00000000e9600000, 0x00000000e9600000| Untracked 
| 151|0x00000000e9700000, 0x00000000e9700000, 0x00000000e9800000|  0%| F|  |TAMS 0x00000000e9700000, 0x00000000e9700000| Untracked 
| 152|0x00000000e9800000, 0x00000000e9800000, 0x00000000e9900000|  0%| F|  |TAMS 0x00000000e9800000, 0x00000000e9800000| Untracked 
| 153|0x00000000e9900000, 0x00000000e9900000, 0x00000000e9a00000|  0%| F|  |TAMS 0x00000000e9900000, 0x00000000e9900000| Untracked 
| 154|0x00000000e9a00000, 0x00000000e9a00000, 0x00000000e9b00000|  0%| F|  |TAMS 0x00000000e9a00000, 0x00000000e9a00000| Untracked 
| 155|0x00000000e9b00000, 0x00000000e9b00000, 0x00000000e9c00000|  0%| F|  |TAMS 0x00000000e9b00000, 0x00000000e9b00000| Untracked 
| 156|0x00000000e9c00000, 0x00000000e9c00000, 0x00000000e9d00000|  0%| F|  |TAMS 0x00000000e9c00000, 0x00000000e9c00000| Untracked 
| 157|0x00000000e9d00000, 0x00000000e9d00000, 0x00000000e9e00000|  0%| F|  |TAMS 0x00000000e9d00000, 0x00000000e9d00000| Untracked 
| 158|0x00000000e9e00000, 0x00000000e9e00000, 0x00000000e9f00000|  0%| F|  |TAMS 0x00000000e9e00000, 0x00000000e9e00000| Untracked 
| 159|0x00000000e9f00000, 0x00000000e9f00000, 0x00000000ea000000|  0%| F|  |TAMS 0x00000000e9f00000, 0x00000000e9f00000| Untracked 
| 160|0x00000000ea000000, 0x00000000ea000000, 0x00000000ea100000|  0%| F|  |TAMS 0x00000000ea000000, 0x00000000ea000000| Untracked 
| 161|0x00000000ea100000, 0x00000000ea100000, 0x00000000ea200000|  0%| F|  |TAMS 0x00000000ea100000, 0x00000000ea100000| Untracked 
| 162|0x00000000ea200000, 0x00000000ea200000, 0x00000000ea300000|  0%| F|  |TAMS 0x00000000ea200000, 0x00000000ea200000| Untracked 
| 163|0x00000000ea300000, 0x00000000ea300000, 0x00000000ea400000|  0%| F|  |TAMS 0x00000000ea300000, 0x00000000ea300000| Untracked 
| 164|0x00000000ea400000, 0x00000000ea400000, 0x00000000ea500000|  0%| F|  |TAMS 0x00000000ea400000, 0x00000000ea400000| Untracked 
| 165|0x00000000ea500000, 0x00000000ea500000, 0x00000000ea600000|  0%| F|  |TAMS 0x00000000ea500000, 0x00000000ea500000| Untracked 
| 166|0x00000000ea600000, 0x00000000ea600000, 0x00000000ea700000|  0%| F|  |TAMS 0x00000000ea600000, 0x00000000ea600000| Untracked 
| 167|0x00000000ea700000, 0x00000000ea700000, 0x00000000ea800000|  0%| F|  |TAMS 0x00000000ea700000, 0x00000000ea700000| Untracked 
| 168|0x00000000ea800000, 0x00000000ea800000, 0x00000000ea900000|  0%| F|  |TAMS 0x00000000ea800000, 0x00000000ea800000| Untracked 
| 169|0x00000000ea900000, 0x00000000ea900000, 0x00000000eaa00000|  0%| F|  |TAMS 0x00000000ea900000, 0x00000000ea900000| Untracked 
| 170|0x00000000eaa00000, 0x00000000eaa00000, 0x00000000eab00000|  0%| F|  |TAMS 0x00000000eaa00000, 0x00000000eaa00000| Untracked 
| 171|0x00000000eab00000, 0x00000000eab00000, 0x00000000eac00000|  0%| F|  |TAMS 0x00000000eab00000, 0x00000000eab00000| Untracked 
| 172|0x00000000eac00000, 0x00000000eac00000, 0x00000000ead00000|  0%| F|  |TAMS 0x00000000eac00000, 0x00000000eac00000| Untracked 
| 173|0x00000000ead00000, 0x00000000ead00000, 0x00000000eae00000|  0%| F|  |TAMS 0x00000000ead00000, 0x00000000ead00000| Untracked 
| 174|0x00000000eae00000, 0x00000000eae00000, 0x00000000eaf00000|  0%| F|  |TAMS 0x00000000eae00000, 0x00000000eae00000| Untracked 
| 175|0x00000000eaf00000, 0x00000000eaf00000, 0x00000000eb000000|  0%| F|  |TAMS 0x00000000eaf00000, 0x00000000eaf00000| Untracked 
| 176|0x00000000eb000000, 0x00000000eb000000, 0x00000000eb100000|  0%| F|  |TAMS 0x00000000eb000000, 0x00000000eb000000| Untracked 
| 177|0x00000000eb100000, 0x00000000eb100000, 0x00000000eb200000|  0%| F|  |TAMS 0x00000000eb100000, 0x00000000eb100000| Untracked 
| 178|0x00000000eb200000, 0x00000000eb200000, 0x00000000eb300000|  0%| F|  |TAMS 0x00000000eb200000, 0x00000000eb200000| Untracked 
| 179|0x00000000eb300000, 0x00000000eb300000, 0x00000000eb400000|  0%| F|  |TAMS 0x00000000eb300000, 0x00000000eb300000| Untracked 
| 180|0x00000000eb400000, 0x00000000eb400000, 0x00000000eb500000|  0%| F|  |TAMS 0x00000000eb400000, 0x00000000eb400000| Untracked 
| 181|0x00000000eb500000, 0x00000000eb500000, 0x00000000eb600000|  0%| F|  |TAMS 0x00000000eb500000, 0x00000000eb500000| Untracked 
| 182|0x00000000eb600000, 0x00000000eb600000, 0x00000000eb700000|  0%| F|  |TAMS 0x00000000eb600000, 0x00000000eb600000| Untracked 
| 183|0x00000000eb700000, 0x00000000eb700000, 0x00000000eb800000|  0%| F|  |TAMS 0x00000000eb700000, 0x00000000eb700000| Untracked 
| 184|0x00000000eb800000, 0x00000000eb800000, 0x00000000eb900000|  0%| F|  |TAMS 0x00000000eb800000, 0x00000000eb800000| Untracked 
| 185|0x00000000eb900000, 0x00000000eb900000, 0x00000000eba00000|  0%| F|  |TAMS 0x00000000eb900000, 0x00000000eb900000| Untracked 
| 186|0x00000000eba00000, 0x00000000eba00000, 0x00000000ebb00000|  0%| F|  |TAMS 0x00000000eba00000, 0x00000000eba00000| Untracked 
| 187|0x00000000ebb00000, 0x00000000ebb00000, 0x00000000ebc00000|  0%| F|  |TAMS 0x00000000ebb00000, 0x00000000ebb00000| Untracked 
| 188|0x00000000ebc00000, 0x00000000ebc00000, 0x00000000ebd00000|  0%| F|  |TAMS 0x00000000ebc00000, 0x00000000ebc00000| Untracked 
| 189|0x00000000ebd00000, 0x00000000ebd00000, 0x00000000ebe00000|  0%| F|  |TAMS 0x00000000ebd00000, 0x00000000ebd00000| Untracked 
| 190|0x00000000ebe00000, 0x00000000ebe00000, 0x00000000ebf00000|  0%| F|  |TAMS 0x00000000ebe00000, 0x00000000ebe00000| Untracked 
| 191|0x00000000ebf00000, 0x00000000ebf00000, 0x00000000ec000000|  0%| F|  |TAMS 0x00000000ebf00000, 0x00000000ebf00000| Untracked 
| 192|0x00000000ec000000, 0x00000000ec000000, 0x00000000ec100000|  0%| F|  |TAMS 0x00000000ec000000, 0x00000000ec000000| Untracked 
| 193|0x00000000ec100000, 0x00000000ec100000, 0x00000000ec200000|  0%| F|  |TAMS 0x00000000ec100000, 0x00000000ec100000| Untracked 
| 194|0x00000000ec200000, 0x00000000ec200000, 0x00000000ec300000|  0%| F|  |TAMS 0x00000000ec200000, 0x00000000ec200000| Untracked 
| 195|0x00000000ec300000, 0x00000000ec300000, 0x00000000ec400000|  0%| F|  |TAMS 0x00000000ec300000, 0x00000000ec300000| Untracked 
| 196|0x00000000ec400000, 0x00000000ec400000, 0x00000000ec500000|  0%| F|  |TAMS 0x00000000ec400000, 0x00000000ec400000| Untracked 
| 197|0x00000000ec500000, 0x00000000ec500000, 0x00000000ec600000|  0%| F|  |TAMS 0x00000000ec500000, 0x00000000ec500000| Untracked 
| 198|0x00000000ec600000, 0x00000000ec600000, 0x00000000ec700000|  0%| F|  |TAMS 0x00000000ec600000, 0x00000000ec600000| Untracked 
| 199|0x00000000ec700000, 0x00000000ec700000, 0x00000000ec800000|  0%| F|  |TAMS 0x00000000ec700000, 0x00000000ec700000| Untracked 
| 200|0x00000000ec800000, 0x00000000ec800000, 0x00000000ec900000|  0%| F|  |TAMS 0x00000000ec800000, 0x00000000ec800000| Untracked 
| 201|0x00000000ec900000, 0x00000000ec900000, 0x00000000eca00000|  0%| F|  |TAMS 0x00000000ec900000, 0x00000000ec900000| Untracked 
| 202|0x00000000eca00000, 0x00000000eca00000, 0x00000000ecb00000|  0%| F|  |TAMS 0x00000000eca00000, 0x00000000eca00000| Untracked 
| 203|0x00000000ecb00000, 0x00000000ecb00000, 0x00000000ecc00000|  0%| F|  |TAMS 0x00000000ecb00000, 0x00000000ecb00000| Untracked 
| 204|0x00000000ecc00000, 0x00000000ecca55e8, 0x00000000ecd00000| 64%| E|  |TAMS 0x00000000ecc00000, 0x00000000ecc00000| Complete 
| 205|0x00000000ecd00000, 0x00000000ece00000, 0x00000000ece00000|100%| E|CS|TAMS 0x00000000ecd00000, 0x00000000ecd00000| Complete 
| 206|0x00000000ece00000, 0x00000000ecf00000, 0x00000000ecf00000|100%| E|CS|TAMS 0x00000000ece00000, 0x00000000ece00000| Complete 
| 207|0x00000000ecf00000, 0x00000000ecfffd40, 0x00000000ed000000| 99%| E|  |TAMS 0x00000000ecf00000, 0x00000000ecf00000| Complete 
| 208|0x00000000ed000000, 0x00000000ed100000, 0x00000000ed100000|100%| E|CS|TAMS 0x00000000ed000000, 0x00000000ed000000| Complete 
| 209|0x00000000ed100000, 0x00000000ed200000, 0x00000000ed200000|100%| E|CS|TAMS 0x00000000ed100000, 0x00000000ed100000| Complete 
| 210|0x00000000ed200000, 0x00000000ed300000, 0x00000000ed300000|100%| E|CS|TAMS 0x00000000ed200000, 0x00000000ed200000| Complete 
| 211|0x00000000ed300000, 0x00000000ed400000, 0x00000000ed400000|100%| E|CS|TAMS 0x00000000ed300000, 0x00000000ed300000| Complete 
| 212|0x00000000ed400000, 0x00000000ed500000, 0x00000000ed500000|100%| E|CS|TAMS 0x00000000ed400000, 0x00000000ed400000| Complete 
| 213|0x00000000ed500000, 0x00000000ed600000, 0x00000000ed600000|100%| E|CS|TAMS 0x00000000ed500000, 0x00000000ed500000| Complete 
| 214|0x00000000ed600000, 0x00000000ed700000, 0x00000000ed700000|100%| E|CS|TAMS 0x00000000ed600000, 0x00000000ed600000| Complete 
| 215|0x00000000ed700000, 0x00000000ed800000, 0x00000000ed800000|100%| E|CS|TAMS 0x00000000ed700000, 0x00000000ed700000| Complete 
| 216|0x00000000ed800000, 0x00000000ed900000, 0x00000000ed900000|100%| E|CS|TAMS 0x00000000ed800000, 0x00000000ed800000| Complete 
| 217|0x00000000ed900000, 0x00000000eda00000, 0x00000000eda00000|100%| E|CS|TAMS 0x00000000ed900000, 0x00000000ed900000| Complete 
| 218|0x00000000eda00000, 0x00000000edb00000, 0x00000000edb00000|100%| E|CS|TAMS 0x00000000eda00000, 0x00000000eda00000| Complete 
| 219|0x00000000edb00000, 0x00000000edc00000, 0x00000000edc00000|100%| E|CS|TAMS 0x00000000edb00000, 0x00000000edb00000| Complete 
| 220|0x00000000edc00000, 0x00000000edd00000, 0x00000000edd00000|100%| E|CS|TAMS 0x00000000edc00000, 0x00000000edc00000| Complete 
| 221|0x00000000edd00000, 0x00000000ede00000, 0x00000000ede00000|100%| E|CS|TAMS 0x00000000edd00000, 0x00000000edd00000| Complete 
| 222|0x00000000ede00000, 0x00000000edf00000, 0x00000000edf00000|100%| E|CS|TAMS 0x00000000ede00000, 0x00000000ede00000| Complete 
| 223|0x00000000edf00000, 0x00000000ee000000, 0x00000000ee000000|100%| E|CS|TAMS 0x00000000edf00000, 0x00000000edf00000| Complete 
| 224|0x00000000ee000000, 0x00000000ee100000, 0x00000000ee100000|100%| E|CS|TAMS 0x00000000ee000000, 0x00000000ee000000| Complete 
| 225|0x00000000ee100000, 0x00000000ee200000, 0x00000000ee200000|100%| E|CS|TAMS 0x00000000ee100000, 0x00000000ee100000| Complete 
| 226|0x00000000ee200000, 0x00000000ee300000, 0x00000000ee300000|100%| E|CS|TAMS 0x00000000ee200000, 0x00000000ee200000| Complete 
| 227|0x00000000ee300000, 0x00000000ee400000, 0x00000000ee400000|100%| E|CS|TAMS 0x00000000ee300000, 0x00000000ee300000| Complete 
| 228|0x00000000ee400000, 0x00000000ee500000, 0x00000000ee500000|100%| E|CS|TAMS 0x00000000ee400000, 0x00000000ee400000| Complete 
| 229|0x00000000ee500000, 0x00000000ee600000, 0x00000000ee600000|100%| E|CS|TAMS 0x00000000ee500000, 0x00000000ee500000| Complete 
| 230|0x00000000ee600000, 0x00000000ee700000, 0x00000000ee700000|100%| E|CS|TAMS 0x00000000ee600000, 0x00000000ee600000| Complete 
| 231|0x00000000ee700000, 0x00000000ee800000, 0x00000000ee800000|100%| E|CS|TAMS 0x00000000ee700000, 0x00000000ee700000| Complete 
| 232|0x00000000ee800000, 0x00000000ee900000, 0x00000000ee900000|100%| E|CS|TAMS 0x00000000ee800000, 0x00000000ee800000| Complete 
| 233|0x00000000ee900000, 0x00000000eea00000, 0x00000000eea00000|100%| E|CS|TAMS 0x00000000ee900000, 0x00000000ee900000| Complete 
| 234|0x00000000eea00000, 0x00000000eeb00000, 0x00000000eeb00000|100%| E|CS|TAMS 0x00000000eea00000, 0x00000000eea00000| Complete 
| 235|0x00000000eeb00000, 0x00000000eec00000, 0x00000000eec00000|100%| E|CS|TAMS 0x00000000eeb00000, 0x00000000eeb00000| Complete 
| 236|0x00000000eec00000, 0x00000000eed00000, 0x00000000eed00000|100%| E|CS|TAMS 0x00000000eec00000, 0x00000000eec00000| Complete 
| 237|0x00000000eed00000, 0x00000000eee00000, 0x00000000eee00000|100%| E|CS|TAMS 0x00000000eed00000, 0x00000000eed00000| Complete 
| 238|0x00000000eee00000, 0x00000000eef00000, 0x00000000eef00000|100%| E|CS|TAMS 0x00000000eee00000, 0x00000000eee00000| Complete 
| 239|0x00000000eef00000, 0x00000000ef000000, 0x00000000ef000000|100%| E|CS|TAMS 0x00000000eef00000, 0x00000000eef00000| Complete 
| 240|0x00000000ef000000, 0x00000000ef100000, 0x00000000ef100000|100%| E|CS|TAMS 0x00000000ef000000, 0x00000000ef000000| Complete 
| 241|0x00000000ef100000, 0x00000000ef200000, 0x00000000ef200000|100%| E|CS|TAMS 0x00000000ef100000, 0x00000000ef100000| Complete 
| 242|0x00000000ef200000, 0x00000000ef300000, 0x00000000ef300000|100%| E|CS|TAMS 0x00000000ef200000, 0x00000000ef200000| Complete 
| 243|0x00000000ef300000, 0x00000000ef400000, 0x00000000ef400000|100%| E|CS|TAMS 0x00000000ef300000, 0x00000000ef300000| Complete 
| 244|0x00000000ef400000, 0x00000000ef500000, 0x00000000ef500000|100%| E|CS|TAMS 0x00000000ef400000, 0x00000000ef400000| Complete 
| 245|0x00000000ef500000, 0x00000000ef600000, 0x00000000ef600000|100%| E|CS|TAMS 0x00000000ef500000, 0x00000000ef500000| Complete 
| 246|0x00000000ef600000, 0x00000000ef700000, 0x00000000ef700000|100%| E|CS|TAMS 0x00000000ef600000, 0x00000000ef600000| Complete 
| 247|0x00000000ef700000, 0x00000000ef800000, 0x00000000ef800000|100%| E|CS|TAMS 0x00000000ef700000, 0x00000000ef700000| Complete 
| 248|0x00000000ef800000, 0x00000000ef900000, 0x00000000ef900000|100%| E|CS|TAMS 0x00000000ef800000, 0x00000000ef800000| Complete 
| 249|0x00000000ef900000, 0x00000000efa00000, 0x00000000efa00000|100%| E|CS|TAMS 0x00000000ef900000, 0x00000000ef900000| Complete 
| 250|0x00000000efa00000, 0x00000000efb00000, 0x00000000efb00000|100%| E|CS|TAMS 0x00000000efa00000, 0x00000000efa00000| Complete 
| 251|0x00000000efb00000, 0x00000000efc00000, 0x00000000efc00000|100%| E|CS|TAMS 0x00000000efb00000, 0x00000000efb00000| Complete 
| 252|0x00000000efc00000, 0x00000000efd00000, 0x00000000efd00000|100%| E|CS|TAMS 0x00000000efc00000, 0x00000000efc00000| Complete 
| 253|0x00000000efd00000, 0x00000000efe00000, 0x00000000efe00000|100%| E|CS|TAMS 0x00000000efd00000, 0x00000000efd00000| Complete 
| 254|0x00000000efe00000, 0x00000000eff00000, 0x00000000eff00000|100%| E|CS|TAMS 0x00000000efe00000, 0x00000000efe00000| Complete 
| 255|0x00000000eff00000, 0x00000000f0000000, 0x00000000f0000000|100%| E|CS|TAMS 0x00000000eff00000, 0x00000000eff00000| Complete 

Card table byte_map: [0x0000023a51b60000,0x0000023a51c60000] _byte_map_base: 0x0000023a51460000

Marking Bits (Prev, Next): (CMBitMap*) 0x0000023a3a3e9b90, (CMBitMap*) 0x0000023a3a3e9b58
 Prev Bits: [0x0000023a52560000, 0x0000023a52d60000)
 Next Bits: [0x0000023a51d60000, 0x0000023a52560000)

Polling page: 0x0000023a382c0000

Metaspace:

Usage:
  Non-class:     71.62 MB capacity,    69.55 MB ( 97%) used,     1.77 MB (  2%) free+waste,   314.50 KB ( <1%) overhead. 
      Class:     11.43 MB capacity,    10.22 MB ( 89%) used,     1.07 MB (  9%) free+waste,   148.69 KB (  1%) overhead. 
       Both:     83.05 MB capacity,    79.76 MB ( 96%) used,     2.84 MB (  3%) free+waste,   463.19 KB ( <1%) overhead. 

Virtual space:
  Non-class space:       72.00 MB reserved,      71.67 MB (>99%) committed 
      Class space:      248.00 MB reserved,      11.45 MB (  5%) committed 
             Both:      320.00 MB reserved,      83.12 MB ( 26%) committed 

Chunk freelists:
   Non-Class:  2.00 KB
       Class:  0 bytes
        Both:  2.00 KB

MaxMetaspaceSize: 256.00 MB
CompressedClassSpaceSize: 248.00 MB
Initial GC threshold: 20.80 MB
Current GC threshold: 98.59 MB
CDS: off

CodeHeap 'non-profiled nmethods': size=120064Kb used=7624Kb max_used=7624Kb free=112439Kb
 bounds [0x0000023a4a620000, 0x0000023a4ada0000, 0x0000023a51b60000]
CodeHeap 'profiled nmethods': size=120000Kb used=27767Kb max_used=27767Kb free=92232Kb
 bounds [0x0000023a430f0000, 0x0000023a44c10000, 0x0000023a4a620000]
CodeHeap 'non-nmethods': size=5696Kb used=2375Kb max_used=2442Kb free=3320Kb
 bounds [0x0000023a42b60000, 0x0000023a42de0000, 0x0000023a430f0000]
 total_blobs=13913 nmethods=13026 adapters=799
 compilation: enabled
              stopped_count=0, restarted_count=0
 full_count=0

Compilation events (20 events):
Event: 703.216 Thread 0x0000023a55d1b000 nmethod 13164 0x0000023a44c05f10 code [0x0000023a44c06180, 0x0000023a44c06fd8]
Event: 703.217 Thread 0x0000023a55d1b000 13166       1       org.gradle.launcher.daemon.server.exec.DaemonConnectionBackedEventConsumer::access$100 (5 bytes)
Event: 703.217 Thread 0x0000023a55d1b000 nmethod 13166 0x0000023a4ad8f990 code [0x0000023a4ad8fb40, 0x0000023a4ad8fbd8]
Event: 703.217 Thread 0x0000023a55d1b000 13167       1       org.gradle.launcher.daemon.protocol.BuildEvent::getPayload (5 bytes)
Event: 703.217 Thread 0x0000023a55d1b000 nmethod 13167 0x0000023a4ad8fc90 code [0x0000023a4ad8fe40, 0x0000023a4ad8fef8]
Event: 703.217 Thread 0x0000023a55d1b000 13169       3       java.util.concurrent.locks.AbstractQueuedSynchronizer$ConditionObject::signalAll (33 bytes)
Event: 703.218 Thread 0x0000023a55d1b000 nmethod 13169 0x0000023a44c07590 code [0x0000023a44c07780, 0x0000023a44c07aa8]
Event: 703.218 Thread 0x0000023a55d1b000 13168       3       org.gradle.internal.remote.internal.hub.protocol.ChannelMessage::getDelivery (4 bytes)
Event: 703.218 Thread 0x0000023a55d1b000 nmethod 13168 0x0000023a44c07c10 code [0x0000023a44c07dc0, 0x0000023a44c07ed8]
Event: 703.218 Thread 0x0000023a55d1b000 13170       1       org.gradle.api.internal.tasks.testing.operations.TestListenerBuildOperationAdapter$OutputProgress::getOutput (5 bytes)
Event: 703.218 Thread 0x0000023a55d1b000 nmethod 13170 0x0000023a4ad8ff90 code [0x0000023a4ad90140, 0x0000023a4ad901f8]
Event: 703.218 Thread 0x0000023a55d1b000 13171       1       org.gradle.api.internal.tasks.testing.DefaultTestOutputEvent::getMessage (5 bytes)
Event: 703.218 Thread 0x0000023a55d1b000 nmethod 13171 0x0000023a4ad90290 code [0x0000023a4ad90440, 0x0000023a4ad904f8]
Event: 703.219 Thread 0x0000023a55d1b000 13172       1       org.gradle.api.internal.tasks.testing.junit.result.TestOutputStore::access$100 (5 bytes)
Event: 703.219 Thread 0x0000023a55d1b000 nmethod 13172 0x0000023a4ad90590 code [0x0000023a4ad90740, 0x0000023a4ad907d8]
Event: 703.220 Thread 0x0000023a55d13000 13173       4       java.io.ObjectOutputStream$BlockDataOutputStream::writeUTF (46 bytes)
Event: 703.222 Thread 0x0000023a55d1b000 13175       1       org.gradle.internal.remote.internal.hub.protocol.ChannelMessage::getChannel (5 bytes)
Event: 703.222 Thread 0x0000023a55d1b000 nmethod 13175 0x0000023a4ad90890 code [0x0000023a4ad90a40, 0x0000023a4ad90af8]
Event: 703.226 Thread 0x0000023a55d1b000 13176       1       org.gradle.internal.remote.internal.hub.protocol.ChannelMessage::getPayload (5 bytes)
Event: 703.226 Thread 0x0000023a55d1b000 nmethod 13176 0x0000023a4ad90b90 code [0x0000023a4ad90d40, 0x0000023a4ad90df8]

GC Heap History (20 events):
Event: 4.138 GC heap before
{Heap before GC invocations=6 (full 0):
 garbage-first heap   total 262144K, used 96338K [0x00000000e0000000, 0x0000000100000000)
  region size 1024K, 78 young (79872K), 3 survivors (3072K)
 Metaspace       used 34393K, capacity 35271K, committed 35376K, reserved 284672K
  class space    used 4574K, capacity 4925K, committed 4992K, reserved 253952K
}
Event: 4.147 GC heap after
{Heap after GC invocations=7 (full 0):
 garbage-first heap   total 262144K, used 22800K [0x00000000e0000000, 0x0000000100000000)
  region size 1024K, 6 young (6144K), 6 survivors (6144K)
 Metaspace       used 34393K, capacity 35271K, committed 35376K, reserved 284672K
  class space    used 4574K, capacity 4925K, committed 4992K, reserved 253952K
}
Event: 4.171 GC heap before
{Heap before GC invocations=7 (full 0):
 garbage-first heap   total 262144K, used 23824K [0x00000000e0000000, 0x0000000100000000)
  region size 1024K, 8 young (8192K), 6 survivors (6144K)
 Metaspace       used 34943K, capacity 35815K, committed 35888K, reserved 286720K
  class space    used 4600K, capacity 4957K, committed 4992K, reserved 253952K
}
Event: 4.179 GC heap after
{Heap after GC invocations=8 (full 0):
 garbage-first heap   total 262144K, used 22838K [0x00000000e0000000, 0x0000000100000000)
  region size 1024K, 6 young (6144K), 6 survivors (6144K)
 Metaspace       used 34943K, capacity 35815K, committed 35888K, reserved 286720K
  class space    used 4600K, capacity 4957K, committed 4992K, reserved 253952K
}
Event: 5.459 GC heap before
{Heap before GC invocations=9 (full 0):
 garbage-first heap   total 262144K, used 118070K [0x00000000e0000000, 0x0000000100000000)
  region size 1024K, 95 young (97280K), 6 survivors (6144K)
 Metaspace       used 44462K, capacity 45498K, committed 45744K, reserved 294912K
  class space    used 5681K, capacity 6113K, committed 6144K, reserved 253952K
}
Event: 5.474 GC heap after
{Heap after GC invocations=10 (full 0):
 garbage-first heap   total 262144K, used 31629K [0x00000000e0000000, 0x0000000100000000)
  region size 1024K, 12 young (12288K), 12 survivors (12288K)
 Metaspace       used 44462K, capacity 45498K, committed 45744K, reserved 294912K
  class space    used 5681K, capacity 6113K, committed 6144K, reserved 253952K
}
Event: 6.587 GC heap before
{Heap before GC invocations=10 (full 0):
 garbage-first heap   total 262144K, used 136077K [0x00000000e0000000, 0x0000000100000000)
  region size 1024K, 114 young (116736K), 12 survivors (12288K)
 Metaspace       used 49403K, capacity 50674K, committed 50864K, reserved 299008K
  class space    used 6322K, capacity 6825K, committed 6912K, reserved 253952K
}
Event: 6.607 GC heap after
{Heap after GC invocations=11 (full 0):
 garbage-first heap   total 262144K, used 37677K [0x00000000e0000000, 0x0000000100000000)
  region size 1024K, 13 young (13312K), 13 survivors (13312K)
 Metaspace       used 49403K, capacity 50674K, committed 50864K, reserved 299008K
  class space    used 6322K, capacity 6825K, committed 6912K, reserved 253952K
}
Event: 8.233 GC heap before
{Heap before GC invocations=11 (full 0):
 garbage-first heap   total 262144K, used 153389K [0x00000000e0000000, 0x0000000100000000)
  region size 1024K, 125 young (128000K), 13 survivors (13312K)
 Metaspace       used 58325K, capacity 60116K, committed 60208K, reserved 307200K
  class space    used 7587K, capacity 8306K, committed 8320K, reserved 253952K
}
Event: 8.252 GC heap after
{Heap after GC invocations=12 (full 0):
 garbage-first heap   total 262144K, used 44032K [0x00000000e0000000, 0x0000000100000000)
  region size 1024K, 12 young (12288K), 12 survivors (12288K)
 Metaspace       used 58325K, capacity 60116K, committed 60208K, reserved 307200K
  class space    used 7587K, capacity 8306K, committed 8320K, reserved 253952K
}
Event: 8.293 GC heap before
{Heap before GC invocations=12 (full 0):
 garbage-first heap   total 262144K, used 48128K [0x00000000e0000000, 0x0000000100000000)
  region size 1024K, 17 young (17408K), 12 survivors (12288K)
 Metaspace       used 58422K, capacity 60206K, committed 60240K, reserved 307200K
  class space    used 7603K, capacity 8316K, committed 8320K, reserved 253952K
}
Event: 8.311 GC heap after
{Heap after GC invocations=13 (full 0):
 garbage-first heap   total 262144K, used 45082K [0x00000000e0000000, 0x0000000100000000)
  region size 1024K, 8 young (8192K), 8 survivors (8192K)
 Metaspace       used 58422K, capacity 60206K, committed 60240K, reserved 307200K
  class space    used 7603K, capacity 8316K, committed 8320K, reserved 253952K
}
Event: 10.446 GC heap before
{Heap before GC invocations=14 (full 0):
 garbage-first heap   total 262144K, used 156698K [0x00000000e0000000, 0x0000000100000000)
  region size 1024K, 117 young (119808K), 8 survivors (8192K)
 Metaspace       used 71551K, capacity 74177K, committed 74492K, reserved 319488K
  class space    used 9461K, capacity 10505K, committed 10572K, reserved 253952K
}
Event: 10.463 GC heap after
{Heap after GC invocations=15 (full 0):
 garbage-first heap   total 262144K, used 51372K [0x00000000e0000000, 0x0000000100000000)
  region size 1024K, 14 young (14336K), 14 survivors (14336K)
 Metaspace       used 71551K, capacity 74177K, committed 74492K, reserved 319488K
  class space    used 9461K, capacity 10505K, committed 10572K, reserved 253952K
}
Event: 12.000 GC heap before
{Heap before GC invocations=15 (full 0):
 garbage-first heap   total 262144K, used 168108K [0x00000000e0000000, 0x0000000100000000)
  region size 1024K, 128 young (131072K), 14 survivors (14336K)
 Metaspace       used 74668K, capacity 77476K, committed 77692K, reserved 321536K
  class space    used 9759K, capacity 10829K, committed 10956K, reserved 253952K
}
Event: 12.023 GC heap after
{Heap after GC invocations=16 (full 0):
 garbage-first heap   total 262144K, used 60935K [0x00000000e0000000, 0x0000000100000000)
  region size 1024K, 16 young (16384K), 16 survivors (16384K)
 Metaspace       used 74668K, capacity 77476K, committed 77692K, reserved 321536K
  class space    used 9759K, capacity 10829K, committed 10956K, reserved 253952K
}
Event: 13.798 GC heap before
{Heap before GC invocations=16 (full 0):
 garbage-first heap   total 262144K, used 177671K [0x00000000e0000000, 0x0000000100000000)
  region size 1024K, 131 young (134144K), 16 survivors (16384K)
 Metaspace       used 76460K, capacity 79433K, committed 79612K, reserved 323584K
  class space    used 9910K, capacity 11040K, committed 11084K, reserved 253952K
}
Event: 13.824 GC heap after
{Heap after GC invocations=17 (full 0):
 garbage-first heap   total 262144K, used 70704K [0x00000000e0000000, 0x0000000100000000)
  region size 1024K, 12 young (12288K), 12 survivors (12288K)
 Metaspace       used 76460K, capacity 79433K, committed 79612K, reserved 323584K
  class space    used 9910K, capacity 11040K, committed 11084K, reserved 253952K
}
Event: 593.037 GC heap before
{Heap before GC invocations=17 (full 0):
 garbage-first heap   total 262144K, used 183344K [0x00000000e0000000, 0x0000000100000000)
  region size 1024K, 123 young (125952K), 12 survivors (12288K)
 Metaspace       used 81112K, capacity 84431K, committed 84604K, reserved 327680K
  class space    used 10441K, capacity 11671K, committed 11724K, reserved 253952K
}
Event: 593.054 GC heap after
{Heap after GC invocations=18 (full 0):
 garbage-first heap   total 262144K, used 74240K [0x00000000e0000000, 0x0000000100000000)
  region size 1024K, 5 young (5120K), 5 survivors (5120K)
 Metaspace       used 81112K, capacity 84431K, committed 84604K, reserved 327680K
  class space    used 10441K, capacity 11671K, committed 11724K, reserved 253952K
}

Deoptimization events (20 events):
Event: 652.771 Thread 0x0000023a5884a000 Uncommon trap: trap_request=0xffffff45 fr.pc=0x0000023a4ac2de58 relative=0x00000000000059f8
Event: 652.773 Thread 0x0000023a5884a000 Uncommon trap: reason=unstable_fused_if action=reinterpret pc=0x0000023a4ac2de58 method=java.text.SimpleDateFormat.zeroPaddingNumber(IIILjava/lang/StringBuffer;)V @ 36 c2
Event: 652.773 Thread 0x0000023a5884a000 DEOPT PACKING pc=0x0000023a4ac2de58 sp=0x0000009081cfda60
Event: 652.786 Thread 0x0000023a5884a000 DEOPT UNPACKING pc=0x0000023a42b685af sp=0x0000009081cfd9a8 mode 2
Event: 695.293 Thread 0x0000023a5d2fb800 Uncommon trap: trap_request=0xffffffde fr.pc=0x0000023a4ac36200 relative=0x0000000000001860
Event: 695.293 Thread 0x0000023a5d2fb800 Uncommon trap: reason=class_check action=maybe_recompile pc=0x0000023a4ac36200 method=sun.management.spi.PlatformMBeanProvider$PlatformComponent.getMBeans(Ljava/lang/Class;)Ljava/util/List; @ 26 c2
Event: 695.293 Thread 0x0000023a5d2fb800 DEOPT PACKING pc=0x0000023a4ac36200 sp=0x00000090806fe530
Event: 695.293 Thread 0x0000023a5d2fb800 DEOPT UNPACKING pc=0x0000023a42b685af sp=0x00000090806fe4f8 mode 2
Event: 695.624 Thread 0x0000023a5d2fb800 DEOPT PACKING pc=0x0000023a446c4af0 sp=0x00000090806f69e0
Event: 695.624 Thread 0x0000023a5d2fb800 DEOPT UNPACKING pc=0x0000023a42ba9d0e sp=0x00000090806f5eb8 mode 0
Event: 695.639 Thread 0x0000023a5d2fb800 DEOPT PACKING pc=0x0000023a436ca816 sp=0x00000090806f8490
Event: 695.639 Thread 0x0000023a5d2fb800 DEOPT UNPACKING pc=0x0000023a42ba9d0e sp=0x00000090806f79a8 mode 0
Event: 696.732 Thread 0x0000023a58846000 Uncommon trap: trap_request=0xffffff4d fr.pc=0x0000023a4acb3050 relative=0x0000000000001790
Event: 696.732 Thread 0x0000023a58846000 Uncommon trap: reason=unstable_if action=reinterpret pc=0x0000023a4acb3050 method=java.util.concurrent.ConcurrentHashMap.addCount(JI)V @ 97 c2
Event: 696.732 Thread 0x0000023a58846000 DEOPT PACKING pc=0x0000023a4acb3050 sp=0x00000090826fe8a0
Event: 696.732 Thread 0x0000023a58846000 DEOPT UNPACKING pc=0x0000023a42b685af sp=0x00000090826fe780 mode 2
Event: 696.827 Thread 0x0000023a5d302000 Uncommon trap: trap_request=0xffffffdc fr.pc=0x0000023a4ad84fdc relative=0x000000000000037c
Event: 696.827 Thread 0x0000023a5d302000 Uncommon trap: reason=class_check action=make_not_entrant pc=0x0000023a4ad84fdc method=com.google.common.collect.Platform.copy([Ljava/lang/Object;II[Ljava/lang/Object;)[Ljava/lang/Object; @ 7 c2
Event: 696.827 Thread 0x0000023a5d302000 DEOPT PACKING pc=0x0000023a4ad84fdc sp=0x0000009081efaac0
Event: 696.827 Thread 0x0000023a5d302000 DEOPT UNPACKING pc=0x0000023a42b685af sp=0x0000009081efa9f0 mode 2

Classes redefined (0 events):
No events

Internal exceptions (20 events):
Event: 593.511 Thread 0x0000023a5d308000 Exception <a 'java/security/PrivilegedActionException'{0x00000000eef511c0}> (0x00000000eef511c0) thrown at [s\src\hotspot\share\prims\jvm.cpp, line 1306]
Event: 604.460 Thread 0x0000023a5d2fa000 Exception <a 'java/io/IOException'{0x00000000ee80e7d8}> (0x00000000ee80e7d8) thrown at [s\src\hotspot\share\prims\jni.cpp, line 617]
Event: 604.468 Thread 0x0000023a5d2ff800 Implicit null exception at 0x0000023a4abd6736 to 0x0000023a4abd76ac
Event: 604.471 Thread 0x0000023a5d2ff800 Exception <a 'java/io/IOException'{0x00000000eff01788}> (0x00000000eff01788) thrown at [s\src\hotspot\share\prims\jni.cpp, line 617]
Event: 604.471 Thread 0x0000023a576fe000 Exception <a 'java/lang/reflect/InvocationTargetException'{0x00000000ee94a8c8}> (0x00000000ee94a8c8) thrown at [s\src\hotspot\share\runtime\reflection.cpp, line 1245]
Event: 604.475 Thread 0x0000023a5d2ff000 Exception <a 'java/lang/NoSuchMethodError'{0x00000000ee8c61a0}: <clinit>> (0x00000000ee8c61a0) thrown at [s\src\hotspot\share\prims\jni.cpp, line 1372]
Event: 604.476 Thread 0x0000023a5d2ff000 Implicit null exception at 0x0000023a4abd8b64 to 0x0000023a4abd9ebc
Event: 604.476 Thread 0x0000023a5d2ff000 Exception <a 'java/io/IOException'{0x00000000ee8c7038}> (0x00000000ee8c7038) thrown at [s\src\hotspot\share\prims\jni.cpp, line 617]
Event: 604.477 Thread 0x0000023a5d308000 Exception <a 'java/lang/reflect/InvocationTargetException'{0x00000000ee8b80b0}> (0x00000000ee8b80b0) thrown at [s\src\hotspot\share\runtime\reflection.cpp, line 1245]
Event: 604.541 Thread 0x0000023a5d2fb800 Exception <a 'java/io/IOException'{0x00000000ee7b9828}> (0x00000000ee7b9828) thrown at [s\src\hotspot\share\prims\jni.cpp, line 617]
Event: 604.541 Thread 0x0000023a5d2fb800 Exception <a 'java/io/IOException'{0x00000000ee7bb528}> (0x00000000ee7bb528) thrown at [s\src\hotspot\share\prims\jni.cpp, line 617]
Event: 604.541 Thread 0x0000023a5d2fb800 Exception <a 'java/io/IOException'{0x00000000ee7bd1f0}> (0x00000000ee7bd1f0) thrown at [s\src\hotspot\share\prims\jni.cpp, line 617]
Event: 604.541 Thread 0x0000023a5d2fb800 Exception <a 'java/lang/reflect/InvocationTargetException'{0x00000000ee7bdfa8}> (0x00000000ee7bdfa8) thrown at [s\src\hotspot\share\runtime\reflection.cpp, line 1245]
Event: 604.541 Thread 0x0000023a5d2fb800 Exception <a 'java/io/IOException'{0x00000000ee7be6f8}> (0x00000000ee7be6f8) thrown at [s\src\hotspot\share\prims\jni.cpp, line 617]
Event: 604.544 Thread 0x0000023a5d2fb800 Exception <a 'java/io/IOException'{0x00000000ee7deaa0}> (0x00000000ee7deaa0) thrown at [s\src\hotspot\share\prims\jni.cpp, line 617]
Event: 604.544 Thread 0x0000023a5d2fb800 Exception <a 'java/io/IOException'{0x00000000ee7e1d48}> (0x00000000ee7e1d48) thrown at [s\src\hotspot\share\prims\jni.cpp, line 617]
Event: 696.883 Thread 0x0000023a5d302000 Exception <a 'java/security/PrivilegedActionException'{0x00000000ed207e30}> (0x00000000ed207e30) thrown at [s\src\hotspot\share\prims\jvm.cpp, line 1306]
Event: 696.883 Thread 0x0000023a5d302000 Exception <a 'java/security/PrivilegedActionException'{0x00000000ed2090f0}> (0x00000000ed2090f0) thrown at [s\src\hotspot\share\prims\jvm.cpp, line 1306]
Event: 696.884 Thread 0x0000023a5d302000 Exception <a 'java/security/PrivilegedActionException'{0x00000000ed20e5f8}> (0x00000000ed20e5f8) thrown at [s\src\hotspot\share\prims\jvm.cpp, line 1306]
Event: 696.884 Thread 0x0000023a5d302000 Exception <a 'java/security/PrivilegedActionException'{0x00000000ed20f8b8}> (0x00000000ed20f8b8) thrown at [s\src\hotspot\share\prims\jvm.cpp, line 1306]

Events (20 events):
Event: 697.491 Executing VM operation: RevokeBias done
Event: 697.491 Thread 0x0000023a5d38d000 Thread exited: 0x0000023a5d38d000
Event: 698.088 Thread 0x0000023a5d38a800 Thread added: 0x0000023a5d38a800
Event: 698.088 Thread 0x0000023a5d38b800 Thread added: 0x0000023a5d38b800
Event: 698.088 loading class org/gradle/api/internal/tasks/testing/worker/RemoteTestClassProcessor
Event: 698.088 loading class org/gradle/api/internal/tasks/testing/worker/RemoteTestClassProcessor done
Event: 698.090 Thread 0x0000023a5d38d000 Thread added: 0x0000023a5d38d000
Event: 698.090 Thread 0x0000023a5984a800 Thread added: 0x0000023a5984a800
Event: 698.431 Executing VM operation: RevokeBias
Event: 698.431 Executing VM operation: RevokeBias done
Event: 698.432 Executing VM operation: RevokeBias
Event: 698.432 Executing VM operation: RevokeBias done
Event: 698.433 Executing VM operation: RevokeBias
Event: 698.434 Executing VM operation: RevokeBias done
Event: 698.434 Executing VM operation: RevokeBias
Event: 698.435 Executing VM operation: RevokeBias done
Event: 698.435 Executing VM operation: RevokeBias
Event: 698.435 Executing VM operation: RevokeBias done
Event: 698.435 Executing VM operation: RevokeBias
Event: 698.435 Executing VM operation: RevokeBias done


Dynamic libraries:
0x00007ff62b800000 - 0x00007ff62b80e000 	C:\Program Files\Eclipse Adoptium\jdk-11.0.27.6-hotspot\bin\java.exe
0x00007ffcd6530000 - 0x00007ffcd6728000 	C:\Windows\SYSTEM32\ntdll.dll
0x00007ffcd46c0000 - 0x00007ffcd4782000 	C:\Windows\System32\KERNEL32.DLL
0x00007ffcd3dc0000 - 0x00007ffcd40b6000 	C:\Windows\System32\KERNELBASE.dll
0x00007ffcd40c0000 - 0x00007ffcd41c0000 	C:\Windows\System32\ucrtbase.dll
0x00007ffcb5110000 - 0x00007ffcb5127000 	C:\Program Files\Eclipse Adoptium\jdk-11.0.27.6-hotspot\bin\jli.dll
0x00007ffcb3a90000 - 0x00007ffcb3aae000 	C:\Program Files\Eclipse Adoptium\jdk-11.0.27.6-hotspot\bin\VCRUNTIME140.dll
0x00007ffcd6100000 - 0x00007ffcd62a1000 	C:\Windows\System32\USER32.dll
0x00007ffcd4470000 - 0x00007ffcd4492000 	C:\Windows\System32\win32u.dll
0x00007ffcd64c0000 - 0x00007ffcd64eb000 	C:\Windows\System32\GDI32.dll
0x00007ffcb8ed0000 - 0x00007ffcb916b000 	C:\Windows\WinSxS\amd64_microsoft.windows.common-controls_6595b64144ccf1df_6.0.19041.6456_none_60b8a6cb71f64256\COMCTL32.dll
0x00007ffcd41c0000 - 0x00007ffcd42d9000 	C:\Windows\System32\gdi32full.dll
0x00007ffcd4ce0000 - 0x00007ffcd4d7e000 	C:\Windows\System32\msvcrt.dll
0x00007ffcd3d20000 - 0x00007ffcd3dbd000 	C:\Windows\System32\msvcp_win.dll
0x00007ffcd4ab0000 - 0x00007ffcd4adf000 	C:\Windows\System32\IMM32.DLL
0x00000000683a0000 - 0x00000000683ac000 	C:\Program Files (x86)\360\Total Security\safemon\SafeWrapper.dll
0x00007ffcd47f0000 - 0x00007ffcd48a1000 	C:\Windows\System32\ADVAPI32.dll
0x00007ffcd4620000 - 0x00007ffcd46bf000 	C:\Windows\System32\sechost.dll
0x00007ffcd5c80000 - 0x00007ffcd5da0000 	C:\Windows\System32\RPCRT4.dll
0x00007ffcd42e0000 - 0x00007ffcd4307000 	C:\Windows\System32\bcrypt.dll
0x00007ffc9d150000 - 0x00007ffc9d1fc000 	C:\Program Files (x86)\360\Total Security\safemon\libzdtp64.dll
0x00007ffcd5510000 - 0x00007ffcd5c80000 	C:\Windows\System32\SHELL32.dll
0x00007ffcd54b0000 - 0x00007ffcd550b000 	C:\Windows\System32\SHLWAPI.dll
0x00007ffcd3640000 - 0x00007ffcd364a000 	C:\Windows\SYSTEM32\VERSION.dll
0x00007ffcb7740000 - 0x00007ffcb774c000 	C:\Program Files\Eclipse Adoptium\jdk-11.0.27.6-hotspot\bin\vcruntime140_1.dll
0x00007ffcb3a00000 - 0x00007ffcb3a8d000 	C:\Program Files\Eclipse Adoptium\jdk-11.0.27.6-hotspot\bin\msvcp140.dll
0x00007ffc4c150000 - 0x00007ffc4cd13000 	C:\Program Files\Eclipse Adoptium\jdk-11.0.27.6-hotspot\bin\server\jvm.dll
0x00007ffcd5430000 - 0x00007ffcd549b000 	C:\Windows\System32\WS2_32.dll
0x00007ffcd54a0000 - 0x00007ffcd54a8000 	C:\Windows\System32\PSAPI.DLL
0x00007ffcb6440000 - 0x00007ffcb6467000 	C:\Windows\SYSTEM32\WINMM.dll
0x00007ffcd2360000 - 0x00007ffcd2372000 	C:\Windows\SYSTEM32\kernel.appcore.dll
0x00007ffcb6ef0000 - 0x00007ffcb6f00000 	C:\Program Files\Eclipse Adoptium\jdk-11.0.27.6-hotspot\bin\verify.dll
0x00007ffccde70000 - 0x00007ffcce071000 	C:\Windows\SYSTEM32\DBGHELP.DLL
0x00007ffcb2b10000 - 0x00007ffcb2b44000 	C:\Windows\SYSTEM32\dbgcore.DLL
0x00007ffcd3c90000 - 0x00007ffcd3d12000 	C:\Windows\System32\bcryptPrimitives.dll
0x00007ffcb39d0000 - 0x00007ffcb39f8000 	C:\Program Files\Eclipse Adoptium\jdk-11.0.27.6-hotspot\bin\java.dll
0x00007ffcb6620000 - 0x00007ffcb662a000 	C:\Program Files\Eclipse Adoptium\jdk-11.0.27.6-hotspot\bin\jimage.dll
0x00007ffcb39b0000 - 0x00007ffcb39c8000 	C:\Program Files\Eclipse Adoptium\jdk-11.0.27.6-hotspot\bin\zip.dll
0x00007ffcd1940000 - 0x00007ffcd20e5000 	C:\Windows\SYSTEM32\windows.storage.dll
0x00007ffcd5da0000 - 0x00007ffcd60f4000 	C:\Windows\System32\combase.dll
0x00007ffcd34a0000 - 0x00007ffcd34cb000 	C:\Windows\SYSTEM32\Wldp.dll
0x00007ffcd4550000 - 0x00007ffcd461d000 	C:\Windows\System32\OLEAUT32.dll
0x00007ffcd4960000 - 0x00007ffcd4a0d000 	C:\Windows\System32\SHCORE.dll
0x00007ffcd3af0000 - 0x00007ffcd3b14000 	C:\Windows\SYSTEM32\profapi.dll
0x00007ffcb36b0000 - 0x00007ffcb36c9000 	C:\Program Files\Eclipse Adoptium\jdk-11.0.27.6-hotspot\bin\net.dll
0x00007ffcc7290000 - 0x00007ffcc739a000 	C:\Windows\SYSTEM32\WINHTTP.dll
0x00007ffcd3200000 - 0x00007ffcd326a000 	C:\Windows\system32\mswsock.dll
0x00007ffcb3690000 - 0x00007ffcb36a3000 	C:\Program Files\Eclipse Adoptium\jdk-11.0.27.6-hotspot\bin\nio.dll
0x00007ffcb6520000 - 0x00007ffcb6547000 	C:\Users\user\.gradle\native\68d5fa5c4cc2d200863cafc0d521ce42e7d3e7ee720ec0a83991735586a16f82\windows-amd64\native-platform.dll
0x00007ffc976b0000 - 0x00007ffc977f4000 	C:\Users\user\.gradle\native\e376f236ea51e6404a007f0833ffe2c6e607c4080706a723a18a27aeea778392\windows-amd64\native-platform-file-events.dll
0x00007ffcb39a0000 - 0x00007ffcb39aa000 	C:\Program Files\Eclipse Adoptium\jdk-11.0.27.6-hotspot\bin\management.dll
0x00007ffcb38f0000 - 0x00007ffcb38fb000 	C:\Program Files\Eclipse Adoptium\jdk-11.0.27.6-hotspot\bin\management_ext.dll
0x00007ffcd3400000 - 0x00007ffcd3418000 	C:\Windows\SYSTEM32\CRYPTSP.dll
0x00007ffcd2b20000 - 0x00007ffcd2b58000 	C:\Windows\system32\rsaenh.dll
0x00007ffcd3a70000 - 0x00007ffcd3a9e000 	C:\Windows\SYSTEM32\USERENV.dll
0x00007ffcd33f0000 - 0x00007ffcd33fc000 	C:\Windows\SYSTEM32\CRYPTBASE.dll
0x00007ffcd2ee0000 - 0x00007ffcd2f1b000 	C:\Windows\SYSTEM32\IPHLPAPI.DLL
0x00007ffcd4d90000 - 0x00007ffcd4d98000 	C:\Windows\System32\NSI.dll
0x00007ffcbc570000 - 0x00007ffcbc587000 	C:\Windows\SYSTEM32\dhcpcsvc6.DLL
0x00007ffcc57b0000 - 0x00007ffcc57cd000 	C:\Windows\SYSTEM32\dhcpcsvc.DLL
0x00007ffcd2f20000 - 0x00007ffcd2fea000 	C:\Windows\SYSTEM32\DNSAPI.dll

dbghelp: loaded successfully - version: 4.0.5 - missing functions: none
symbol engine: initialized successfully - sym options: 0x614 - pdb path: .;C:\Program Files\Eclipse Adoptium\jdk-11.0.27.6-hotspot\bin;C:\Windows\SYSTEM32;C:\Windows\WinSxS\amd64_microsoft.windows.common-controls_6595b64144ccf1df_6.0.19041.6456_none_60b8a6cb71f64256;C:\Program Files (x86)\360\Total Security\safemon;C:\Program Files\Eclipse Adoptium\jdk-11.0.27.6-hotspot\bin\server;C:\Users\user\.gradle\native\68d5fa5c4cc2d200863cafc0d521ce42e7d3e7ee720ec0a83991735586a16f82\windows-amd64;C:\Users\user\.gradle\native\e376f236ea51e6404a007f0833ffe2c6e607c4080706a723a18a27aeea778392\windows-amd64

VM Arguments:
jvm_args: --add-opens=java.base/java.util=ALL-UNNAMED --add-opens=java.base/java.lang=ALL-UNNAMED --add-opens=java.base/java.lang.invoke=ALL-UNNAMED --add-opens=java.prefs/java.util.prefs=ALL-UNNAMED --add-opens=java.base/java.nio.charset=ALL-UNNAMED --add-opens=java.base/java.net=ALL-UNNAMED --add-opens=java.base/java.util.concurrent.atomic=ALL-UNNAMED -XX:MaxMetaspaceSize=256m -XX:+HeapDumpOnOutOfMemoryError -Xms256m -Xmx512m -Dfile.encoding=UTF-8 -Duser.country=RU -Duser.language=ru -Duser.variant 
java_command: org.gradle.launcher.daemon.bootstrap.GradleDaemon 7.6
java_class_path (initial): C:\Users\user\.gradle\wrapper\dists\gradle-7.6-bin\9l9tetv7ltxvx3i8an4pb86ye\gradle-7.6\lib\gradle-launcher-7.6.jar
Launcher Type: SUN_STANDARD

[Global flags]
     intx CICompilerCount                          = 3                                         {product} {ergonomic}
   size_t CompressedClassSpaceSize                 = 260046848                                 {product} {ergonomic}
     uint ConcGCThreads                            = 1                                         {product} {ergonomic}
     uint G1ConcRefinementThreads                  = 4                                         {product} {ergonomic}
   size_t G1HeapRegionSize                         = 1048576                                   {product} {ergonomic}
    uintx GCDrainStackTargetSize                   = 64                                        {product} {ergonomic}
     bool HeapDumpOnOutOfMemoryError               = true                                   {manageable} {command line}
   size_t InitialHeapSize                          = 268435456                                 {product} {command line}
   size_t MarkStackSize                            = 4194304                                   {product} {ergonomic}
   size_t MaxHeapSize                              = 536870912                                 {product} {command line}
   size_t MaxMetaspaceSize                         = 268435456                                 {product} {command line}
   size_t MaxNewSize                               = 321912832                                 {product} {ergonomic}
   size_t MinHeapDeltaBytes                        = 1048576                                   {product} {ergonomic}
    uintx NonNMethodCodeHeapSize                   = 5830732                                {pd product} {ergonomic}
    uintx NonProfiledCodeHeapSize                  = 122913754                              {pd product} {ergonomic}
    uintx ProfiledCodeHeapSize                     = 122913754                              {pd product} {ergonomic}
    uintx ReservedCodeCacheSize                    = 251658240                              {pd product} {ergonomic}
     bool SegmentedCodeCache                       = true                                      {product} {ergonomic}
     bool UseCompressedClassPointers               = true                                 {lp64_product} {ergonomic}
     bool UseCompressedOops                        = true                                 {lp64_product} {ergonomic}
     bool UseG1GC                                  = true                                      {product} {ergonomic}
     bool UseLargePagesIndividualAllocation        = false                                  {pd product} {ergonomic}

Logging:
Log output configuration:
 #0: stdout all=warning uptime,level,tags
 #1: stderr all=off uptime,level,tags

Environment Variables:
JAVA_HOME=C:\Program Files\Eclipse Adoptium\jdk-11.0.27.6-hotspot\bin
PATH=C:\Program Files\Eclipse Adoptium\jdk-11.0.27.6-hotspot\bin;C:\Windows\system32;C:\Windows;C:\Windows\System32\Wbem;C:\Windows\System32\WindowsPowerShell\v1.0\;C:\Windows\System32\OpenSSH\;C:\Program Files\Git\cmd;C:\Program Files\PowerShell\7\;C:\Users\user\AppData\Local\Microsoft\WindowsApps;C:\Users\user\AppData\Local\Programs\Microsoft VS Code\bin;%JAVA_HOME%\bin;C:\Users\user\AppData\Local\JetBrains\Toolbox\scripts;
USERNAME=user
OS=Windows_NT
PROCESSOR_IDENTIFIER=Intel64 Family 6 Model 126 Stepping 5, GenuineIntel
TMP=C:\Users\user\AppData\Local\Temp
TEMP=C:\Users\user\AppData\Local\Temp



---------------  S Y S T E M  ---------------

OS: Windows 10 , 64 bit Build 19041 (10.0.19041.5915)
OS uptime: 0 days 23:21 hours

CPU:total 4 (initial active 4) (2 cores per cpu, 2 threads per core) family 6 model 126 stepping 5 microcode 0xa0, cmov, cx8, fxsr, mmx, sse, sse2, sse3, ssse3, sse4.1, sse4.2, popcnt, avx, avx2, aes, clmul, erms, 3dnowpref, lzcnt, ht, tsc, tscinvbit, bmi1, bmi2, adx, evex, sha, fma

Memory: 4k page, system-wide physical 7973M (368M free)
TotalPageFile size 10021M (AvailPageFile size 0M)
current process WorkingSet (physical memory assigned to process): 416M, peak: 457M
current process commit charge ("private bytes"): 507M, peak: 546M

vm_info: OpenJDK 64-Bit Server VM (11.0.27+6) for windows-amd64 JRE (11.0.27+6), built on Apr 16 2025 02:24:08 by "" with MS VC++ 17.7 (VS2022)

END.
